#! FIELDS time knot
 0.000000 6.355079
 0.002000 4.380453
 0.004000 6.325766
 0.006000 5.816209
 0.008000 5.086849
 0.010000 4.645746
 0.012000 4.370031
 0.014000 5.208256
 0.016000 5.745799
 0.018000 4.970437
 0.020000 5.345959
 0.022000 5.181679
 0.024000 7.668139
 0.026000 7.058156
 0.028000 7.009398
 0.030000 6.446030
 0.032000 6.625734
 0.034000 6.250520
 0.036000 6.735336
 0.038000 6.433285
 0.040000 5.153083
 0.042000 6.243785
 0.044000 5.555417
 0.046000 6.797567
 0.048000 6.332390
 0.050000 5.701058
 0.052000 5.745030
 0.054000 5.724218
 0.056000 6.307535
 0.058000 6.002582
 0.060000 7.439260
 0.062000 6.387479
 0.064000 5.217332
 0.066000 7.097426
 0.068000 5.631843
 0.070000 5.870371
 0.072000 6.122440
 0.074000 7.173698
 0.076000 5.869357
 0.078000 6.719657
 0.080000 6.746204
 0.082000 6.630118
 0.084000 7.207387
 0.086000 6.514014
 0.088000 7.454614
 0.090000 6.823919
 0.092000 6.094118
 0.094000 6.821310
 0.096000 6.662226
 0.098000 7.681818
 0.100000 7.247543
 0.102000 7.295716
 0.104000 6.544285
 0.106000 6.979349
 0.108000 5.386063
 0.110000 6.294142
 0.112000 6.172783
 0.114000 4.357034
 0.116000 4.961089
 0.118000 5.064452
 0.120000 5.892035
 0.122000 5.862527
 0.124000 4.765361
 0.126000 5.146375
 0.128000 5.397447
 0.130000 5.214426
 0.132000 5.416021
 0.134000 4.639991
 0.136000 5.251515
 0.138000 5.817097
 0.140000 5.251968
 0.142000 5.536269
 0.144000 5.559295
 0.146000 5.668270
 0.148000 5.835866
 0.150000 5.648640
 0.152000 5.212874
 0.154000 6.310304
 0.156000 5.228574
 0.158000 5.200623
 0.160000 6.135342
