#! FIELDS time cc_x cc_y cc_z
 0.000000 2.380984 1.679810 1.689226
 0.002000 2.527964 0.909824 0.951262
 0.004000 2.534348 1.824231 1.165797
 0.006000 2.511159 1.454063 1.379428
 0.008000 2.403864 1.931124 0.955605
 0.010000 2.444554 1.994585 1.311949
 0.012000 2.340845 2.186475 1.656772
 0.014000 1.619472 2.376621 2.241821
 0.016000 1.719725 2.498899 2.096436
 0.018000 0.827227 2.027233 -0.630866
 0.020000 1.333342 2.483790 -0.449488
 0.022000 1.741296 2.720662 0.089609
 0.024000 1.674961 2.413205 1.958260
 0.026000 1.782956 2.508723 1.864732
 0.028000 2.124088 2.668165 0.906567
 0.030000 2.393795 2.579038 1.101823
 0.032000 1.404617 1.448491 -0.938444
 0.034000 1.116780 1.531859 -0.997627
 0.036000 2.402554 2.170481 0.006300
 0.038000 1.703054 2.836259 -0.179296
 0.040000 2.266659 1.813818 -0.522735
 0.042000 1.682890 1.795232 -0.857056
 0.044000 1.904432 2.016837 -0.613918
 0.046000 1.677404 0.990506 -0.704863
 0.048000 -0.960636 0.988034 1.799296
 0.050000 0.322752 2.072837 2.796812
 0.052000 0.164629 1.920673 2.895514
 0.054000 1.260737 3.209187 1.259460
 0.056000 0.497852 3.006353 0.020217
 0.058000 1.486998 2.987941 2.298714
 0.060000 1.492964 2.807072 2.217827
 0.062000 1.467088 2.968165 2.148735
 0.064000 1.665597 3.045691 1.127545
 0.066000 1.610510 3.044383 0.845803
 0.068000 1.499591 3.156509 1.283407
 0.070000 1.776052 3.112132 1.057326
 0.072000 1.627647 2.732614 2.071204
 0.074000 0.936731 1.842106 2.731920
 0.076000 1.660869 2.658586 1.476685
 0.078000 1.648920 2.429006 1.923703
 0.080000 1.672745 1.544742 -0.412249
 0.082000 1.688897 2.574966 0.926703
 0.084000 1.054390 1.591873 -0.613413
 0.086000 0.751873 2.147285 -0.331393
 0.088000 1.262771 2.701156 0.670572
 0.090000 1.682017 2.577508 0.490639
 0.092000 1.955054 2.266541 0.627406
 0.094000 1.548998 1.857646 2.108793
 0.096000 1.555181 2.452031 0.559516
 0.098000 0.044707 2.266900 0.175789
 0.100000 0.134359 2.602598 0.906401
 0.102000 -0.285618 2.040029 1.729014
 0.104000 1.049957 2.653411 1.746030
 0.106000 0.773806 2.699173 0.936961
 0.108000 1.788149 1.051221 -0.248497
 0.110000 -0.554954 0.248382 1.589209
 0.112000 -0.179402 0.635607 2.322295
 0.114000 -0.936236 0.761280 1.374476
 0.116000 -0.200238 0.329378 2.015817
 0.118000 -0.734976 0.463904 1.336272
 0.120000 -0.499992 0.109150 1.213960
 0.122000 -0.007351 -0.104596 0.149286
 0.124000 0.032470 -0.361320 1.132605
 0.126000 0.019247 0.189133 2.223429
 0.128000 0.013518 -0.042518 1.872924
 0.130000 0.599346 -0.408776 0.286649
 0.132000 0.475440 -0.592579 1.189027
 0.134000 0.995954 0.862408 2.660483
 0.136000 -0.720818 1.182525 1.067310
 0.138000 -0.541546 1.696875 0.929356
 0.140000 -0.021602 2.298955 0.684648
 0.142000 -0.707050 1.057039 1.183409
 0.144000 -0.654232 0.575172 0.683983
 0.146000 -0.521242 1.234198 0.178853
 0.148000 0.701745 1.101290 2.532569
 0.150000 -0.380113 0.419425 1.982930
 0.152000 -0.422994 2.036381 0.816220
 0.154000 0.790632 2.572230 0.311082
 0.156000 -0.671694 1.316464 0.650320
 0.158000 2.042963 0.229575 0.116309
 0.160000 2.138611 1.561093 0.067821
