#! FIELDS time parameter len_b1
 0.000000 0   -0.2497173697
 0.000000 1   -0.1935382038
 0.000000 2   -0.3722844720
 0.000000 3   -0.0498657301
 0.000000 4   -0.0657858178
 0.000000 5   -0.0028073788
 0.000000 6   -0.2807821631
 0.000000 7   -0.1294592917
 0.000000 8   -0.3404663503
 0.000000 9    0.0000000000
 0.000000 10    0.0000000000
 0.000000 11    0.0000000000
 0.000000 12    0.0000000000
 0.000000 13    0.0000000000
 0.000000 14    0.0000000000
 0.000000 15    0.0000000000
 0.000000 16    0.0000000000
 0.000000 17    0.0000000000
 0.000000 18    0.0000000000
 0.000000 19    0.0000000000
 0.000000 20    0.0000000000
 0.000000 21    0.0000000000
 0.000000 22    0.0000000000
 0.000000 23    0.0000000000
 0.000000 24    0.0000000000
 0.000000 25    0.0000000000
 0.000000 26    0.0000000000
 0.000000 27    0.0000000000
 0.000000 28    0.0000000000
 0.000000 29    0.0000000000
 0.000000 30    0.2579679489
 0.000000 31    0.2368554324
 0.000000 32    0.3908740580
 0.000000 33    0.0936019570
 0.000000 34    0.0104084685
 0.000000 35   -0.0410361327
 0.000000 36    0.2287953794
 0.000000 37    0.1415194124
 0.000000 38    0.3657203019
 0.000000 39    0.0000000000
 0.000000 40    0.0000000000
 0.000000 41    0.0000000000
 0.000000 42    0.0000000000
 0.000000 43    0.0000000000
 0.000000 44    0.0000000000
 0.000000 45    0.0000000000
 0.000000 46    0.0000000000
 0.000000 47    0.0000000000
 1.000000 0   -0.2328736186
 1.000000 1   -0.0855746120
 1.000000 2   -0.4913139343
 1.000000 3    0.0615885556
 1.000000 4   -0.1518358588
 1.000000 5    0.0616326779
 1.000000 6   -0.3384245336
 1.000000 7   -0.0939537585
 1.000000 8   -0.3642921448
 1.000000 9    0.0000000000
 1.000000 10    0.0000000000
 1.000000 11    0.0000000000
 1.000000 12    0.0000000000
 1.000000 13    0.0000000000
 1.000000 14    0.0000000000
 1.000000 15    0.0000000000
 1.000000 16    0.0000000000
 1.000000 17    0.0000000000
 1.000000 18    0.0000000000
 1.000000 19    0.0000000000
 1.000000 20    0.0000000000
 1.000000 21    0.0000000000
 1.000000 22    0.0000000000
 1.000000 23    0.0000000000
 1.000000 24    0.0000000000
 1.000000 25    0.0000000000
 1.000000 26    0.0000000000
 1.000000 27    0.0000000000
 1.000000 28    0.0000000000
 1.000000 29    0.0000000000
 1.000000 30    0.2789737582
 1.000000 31    0.0248312950
 1.000000 32    0.2575659752
 1.000000 33   -0.1518234015
 1.000000 34    0.0601581559
 1.000000 35    0.1983550191
 1.000000 36    0.3825592101
 1.000000 37    0.2463747859
 1.000000 38    0.3380524814
 1.000000 39    0.0000000000
 1.000000 40    0.0000000000
 1.000000 41    0.0000000000
 1.000000 42    0.0000000000
 1.000000 43    0.0000000000
 1.000000 44    0.0000000000
 1.000000 45    0.0000000000
 1.000000 46    0.0000000000
 1.000000 47    0.0000000000
 2.000000 0   -0.2174406350
 2.000000 1   -0.0968057066
 2.000000 2   -0.5164818764
 2.000000 3    0.0008047484
 2.000000 4   -0.2540409565
 2.000000 5    0.0566934273
 2.000000 6   -0.3203851283
 2.000000 7   -0.0508673191
 2.000000 8   -0.2819893360
 2.000000 9    0.0000000000
 2.000000 10    0.0000000000
 2.000000 11    0.0000000000
 2.000000 12    0.0000000000
 2.000000 13    0.0000000000
 2.000000 14    0.0000000000
 2.000000 15    0.0000000000
 2.000000 16    0.0000000000
 2.000000 17    0.0000000000
 2.000000 18    0.0000000000
 2.000000 19    0.0000000000
 2.000000 20    0.0000000000
 2.000000 21    0.0000000000
 2.000000 22    0.0000000000
 2.000000 23    0.0000000000
 2.000000 24    0.0000000000
 2.000000 25    0.0000000000
 2.000000 26    0.0000000000
 2.000000 27    0.0000000000
 2.000000 28    0.0000000000
 2.000000 29    0.0000000000
 2.000000 30    0.2775518000
 2.000000 31    0.2098699212
 2.000000 32    0.3371171653
 2.000000 33    0.0291905887
 2.000000 34   -0.0187483281
 2.000000 35    0.0388996787
 2.000000 36    0.2302786261
 2.000000 37    0.2105924189
 2.000000 38    0.3657609522
 2.000000 39    0.0000000000
 2.000000 40    0.0000000000
 2.000000 41    0.0000000000
 2.000000 42    0.0000000000
 2.000000 43    0.0000000000
 2.000000 44    0.0000000000
 2.000000 45    0.0000000000
 2.000000 46    0.0000000000
 2.000000 47    0.0000000000
 3.000000 0   -0.2999449074
 3.000000 1   -0.0588615499
 3.000000 2   -0.4137469530
 3.000000 3   -0.0197063684
 3.000000 4   -0.0831619203
 3.000000 5   -0.0013741553
 3.000000 6   -0.3173077404
 3.000000 7   -0.0339500047
 3.000000 8   -0.3354230523
 3.000000 9    0.0000000000
 3.000000 10    0.0000000000
 3.000000 11    0.0000000000
 3.000000 12    0.0000000000
 3.000000 13    0.0000000000
 3.000000 14    0.0000000000
 3.000000 15    0.0000000000
 3.000000 16    0.0000000000
 3.000000 17    0.0000000000
 3.000000 18    0.0000000000
 3.000000 19    0.0000000000
 3.000000 20    0.0000000000
 3.000000 21    0.0000000000
 3.000000 22    0.0000000000
 3.000000 23    0.0000000000
 3.000000 24    0.0000000000
 3.000000 25    0.0000000000
 3.000000 26    0.0000000000
 3.000000 27    0.0000000000
 3.000000 28    0.0000000000
 3.000000 29    0.0000000000
 3.000000 30    0.2907069623
 3.000000 31    0.0943621993
 3.000000 32    0.4562651515
 3.000000 33    0.0292702336
 3.000000 34    0.0560304336
 3.000000 35   -0.0923049822
 3.000000 36    0.3169817924
 3.000000 37    0.0255808216
 3.000000 38    0.3865840435
 3.000000 39    0.0000000000
 3.000000 40    0.0000000000
 3.000000 41    0.0000000000
 3.000000 42    0.0000000000
 3.000000 43    0.0000000000
 3.000000 44    0.0000000000
 3.000000 45    0.0000000000
 3.000000 46    0.0000000000
 3.000000 47    0.0000000000
 4.000000 0   -0.3108639717
 4.000000 1   -0.2533002496
 4.000000 2   -0.3281709552
 4.000000 3    0.0194720402
 4.000000 4   -0.0980152786
 4.000000 5   -0.0018369704
 4.000000 6   -0.3376570642
 4.000000 7   -0.1858574748
 4.000000 8   -0.2319020182
 4.000000 9    0.0000000000
 4.000000 10    0.0000000000
 4.000000 11    0.0000000000
 4.000000 12    0.0000000000
 4.000000 13    0.0000000000
 4.000000 14    0.0000000000
 4.000000 15    0.0000000000
 4.000000 16    0.0000000000
 4.000000 17    0.0000000000
 4.000000 18    0.0000000000
 4.000000 19    0.0000000000
 4.000000 20    0.0000000000
 4.000000 21    0.0000000000
 4.000000 22    0.0000000000
 4.000000 23    0.0000000000
 4.000000 24    0.0000000000
 4.000000 25    0.0000000000
 4.000000 26    0.0000000000
 4.000000 27    0.0000000000
 4.000000 28    0.0000000000
 4.000000 29    0.0000000000
 4.000000 30    0.2784624100
 4.000000 31    0.2963820398
 4.000000 32    0.2523609102
 4.000000 33    0.0557234548
 4.000000 34   -0.0044717425
 4.000000 35    0.0016273148
 4.000000 36    0.2948630452
 4.000000 37    0.2452626675
 4.000000 38    0.3079216778
 4.000000 39    0.0000000000
 4.000000 40    0.0000000000
 4.000000 41    0.0000000000
 4.000000 42    0.0000000000
 4.000000 43    0.0000000000
 4.000000 44    0.0000000000
 4.000000 45    0.0000000000
 4.000000 46    0.0000000000
 4.000000 47    0.0000000000
 5.000000 0   -0.2770088017
 5.000000 1   -0.1346520782
 5.000000 2   -0.3899389803
 5.000000 3   -0.0162941441
 5.000000 4   -0.0943937749
 5.000000 5   -0.0265500844
 5.000000 6   -0.3140107989
 5.000000 7   -0.1009258404
 5.000000 8   -0.3062063456
 5.000000 9    0.0000000000
 5.000000 10    0.0000000000
 5.000000 11    0.0000000000
 5.000000 12    0.0000000000
 5.000000 13    0.0000000000
 5.000000 14    0.0000000000
 5.000000 15    0.0000000000
 5.000000 16    0.0000000000
 5.000000 17    0.0000000000
 5.000000 18    0.0000000000
 5.000000 19    0.0000000000
 5.000000 20    0.0000000000
 5.000000 21    0.0000000000
 5.000000 22    0.0000000000
 5.000000 23    0.0000000000
 5.000000 24    0.0000000000
 5.000000 25    0.0000000000
 5.000000 26    0.0000000000
 5.000000 27    0.0000000000
 5.000000 28    0.0000000000
 5.000000 29    0.0000000000
 5.000000 30    0.3539199531
 5.000000 31    0.0775584430
 5.000000 32    0.5683416724
 5.000000 33   -0.2148091346
 5.000000 34    0.1484195739
 5.000000 35   -0.2324749082
 5.000000 36    0.4682029486
 5.000000 37    0.1039936915
 5.000000 38    0.3868286312
 5.000000 39    0.0000000000
 5.000000 40    0.0000000000
 5.000000 41    0.0000000000
 5.000000 42    0.0000000000
 5.000000 43    0.0000000000
 5.000000 44    0.0000000000
 5.000000 45    0.0000000000
 5.000000 46    0.0000000000
 5.000000 47    0.0000000000
 6.000000 0   -0.3370927870
 6.000000 1   -0.2206694633
 6.000000 2   -0.3334498107
 6.000000 3    0.0198737718
 6.000000 4   -0.0601964369
 6.000000 5    0.0215243381
 6.000000 6   -0.3387945294
 6.000000 7   -0.2000185996
 6.000000 8   -0.2697930336
 6.000000 9    0.0000000000
 6.000000 10    0.0000000000
 6.000000 11    0.0000000000
 6.000000 12    0.0000000000
 6.000000 13    0.0000000000
 6.000000 14    0.0000000000
 6.000000 15    0.0000000000
 6.000000 16    0.0000000000
 6.000000 17    0.0000000000
 6.000000 18    0.0000000000
 6.000000 19    0.0000000000
 6.000000 20    0.0000000000
 6.000000 21    0.0000000000
 6.000000 22    0.0000000000
 6.000000 23    0.0000000000
 6.000000 24    0.0000000000
 6.000000 25    0.0000000000
 6.000000 26    0.0000000000
 6.000000 27    0.0000000000
 6.000000 28    0.0000000000
 6.000000 29    0.0000000000
 6.000000 30    0.2886015177
 6.000000 31    0.3079935908
 6.000000 32    0.3287212849
 6.000000 33    0.1449280381
 6.000000 34    0.0189969242
 6.000000 35   -0.0672137290
 6.000000 36    0.2224840224
 6.000000 37    0.1538939774
 6.000000 38    0.3202109337
 6.000000 39    0.0000000000
 6.000000 40    0.0000000000
 6.000000 41    0.0000000000
 6.000000 42    0.0000000000
 6.000000 43    0.0000000000
 6.000000 44    0.0000000000
 6.000000 45    0.0000000000
 6.000000 46    0.0000000000
 6.000000 47    0.0000000000
 7.000000 0   -0.2596862912
 7.000000 1   -0.1038412452
 7.000000 2   -0.4626542032
 7.000000 3    0.1210543811
 7.000000 4   -0.1702924967
 7.000000 5   -0.0340918005
 7.000000 6   -0.3144184649
 7.000000 7   -0.1774723530
 7.000000 8   -0.2718873918
 7.000000 9    0.0000000000
 7.000000 10    0.0000000000
 7.000000 11    0.0000000000
 7.000000 12    0.0000000000
 7.000000 13    0.0000000000
 7.000000 14    0.0000000000
 7.000000 15    0.0000000000
 7.000000 16    0.0000000000
 7.000000 17    0.0000000000
 7.000000 18    0.0000000000
 7.000000 19    0.0000000000
 7.000000 20    0.0000000000
 7.000000 21    0.0000000000
 7.000000 22    0.0000000000
 7.000000 23    0.0000000000
 7.000000 24    0.0000000000
 7.000000 25    0.0000000000
 7.000000 26    0.0000000000
 7.000000 27    0.0000000000
 7.000000 28    0.0000000000
 7.000000 29    0.0000000000
 7.000000 30    0.2238518745
 7.000000 31    0.2489938736
 7.000000 32    0.3692059219
 7.000000 33    0.0473728068
 7.000000 34   -0.0086959656
 7.000000 35    0.0127811357
 7.000000 36    0.1818256676
 7.000000 37    0.2113081813
 7.000000 38    0.3866462708
 7.000000 39    0.0000000000
 7.000000 40    0.0000000000
 7.000000 41    0.0000000000
 7.000000 42    0.0000000000
 7.000000 43    0.0000000000
 7.000000 44    0.0000000000
 7.000000 45    0.0000000000
 7.000000 46    0.0000000000
 7.000000 47    0.0000000000
 8.000000 0   -0.3795906901
 8.000000 1    0.0033755749
 8.000000 2   -0.4137654603
 8.000000 3    0.1175481826
 8.000000 4   -0.1464328021
 8.000000 5   -0.1103896201
 8.000000 6   -0.3459590673
 8.000000 7   -0.1073787361
 8.000000 8   -0.2292478234
 8.000000 9    0.0000000000
 8.000000 10    0.0000000000
 8.000000 11    0.0000000000
 8.000000 12    0.0000000000
 8.000000 13    0.0000000000
 8.000000 14    0.0000000000
 8.000000 15    0.0000000000
 8.000000 16    0.0000000000
 8.000000 17    0.0000000000
 8.000000 18    0.0000000000
 8.000000 19    0.0000000000
 8.000000 20    0.0000000000
 8.000000 21    0.0000000000
 8.000000 22    0.0000000000
 8.000000 23    0.0000000000
 8.000000 24    0.0000000000
 8.000000 25    0.0000000000
 8.000000 26    0.0000000000
 8.000000 27    0.0000000000
 8.000000 28    0.0000000000
 8.000000 29    0.0000000000
 8.000000 30    0.1411746889
 8.000000 31   -0.0014355183
 8.000000 32    0.7536099553
 8.000000 33    0.0635633320
 8.000000 34    0.4519369304
 8.000000 35   -0.4052826166
 8.000000 36    0.4032635093
 8.000000 37   -0.2000654489
 8.000000 38    0.4050755799
 8.000000 39    0.0000000000
 8.000000 40    0.0000000000
 8.000000 41    0.0000000000
 8.000000 42    0.0000000000
 8.000000 43    0.0000000000
 8.000000 44    0.0000000000
 8.000000 45    0.0000000000
 8.000000 46    0.0000000000
 8.000000 47    0.0000000000
 9.000000 0   -0.2221937776
 9.000000 1   -0.2534236610
 9.000000 2   -0.3939555585
 9.000000 3    0.0328391232
 9.000000 4   -0.0657707155
 9.000000 5    0.0144267194
 9.000000 6   -0.2460615188
 9.000000 7   -0.2424439043
 9.000000 8   -0.3240157962
 9.000000 9    0.0000000000
 9.000000 10    0.0000000000
 9.000000 11    0.0000000000
 9.000000 12    0.0000000000
 9.000000 13    0.0000000000
 9.000000 14    0.0000000000
 9.000000 15    0.0000000000
 9.000000 16    0.0000000000
 9.000000 17    0.0000000000
 9.000000 18    0.0000000000
 9.000000 19    0.0000000000
 9.000000 20    0.0000000000
 9.000000 21    0.0000000000
 9.000000 22    0.0000000000
 9.000000 23    0.0000000000
 9.000000 24    0.0000000000
 9.000000 25    0.0000000000
 9.000000 26    0.0000000000
 9.000000 27    0.0000000000
 9.000000 28    0.0000000000
 9.000000 29    0.0000000000
 9.000000 30    0.2049068063
 9.000000 31    0.3069071472
 9.000000 32    0.3316608965
 9.000000 33    0.0642501563
 9.000000 34    0.0023801923
 9.000000 35    0.0135832950
 9.000000 36    0.1662592292
 9.000000 37    0.2523509860
 9.000000 38    0.3583003879
 9.000000 39    0.0000000000
 9.000000 40    0.0000000000
 9.000000 41    0.0000000000
 9.000000 42    0.0000000000
 9.000000 43    0.0000000000
 9.000000 44    0.0000000000
 9.000000 45    0.0000000000
 9.000000 46    0.0000000000
 9.000000 47    0.0000000000
 10.000000 0   -0.2257075608
 10.000000 1   -0.1808090359
 10.000000 2   -0.4166427851
 10.000000 3   -0.0107829096
 10.000000 4   -0.0697862208
 10.000000 5    0.0039119795
 10.000000 6   -0.2528537512
 10.000000 7   -0.1476019621
 10.000000 8   -0.3631435931
 10.000000 9    0.0000000000
 10.000000 10    0.0000000000
 10.000000 11    0.0000000000
 10.000000 12    0.0000000000
 10.000000 13    0.0000000000
 10.000000 14    0.0000000000
 10.000000 15    0.0000000000
 10.000000 16    0.0000000000
 10.000000 17    0.0000000000
 10.000000 18    0.0000000000
 10.000000 19    0.0000000000
 10.000000 20    0.0000000000
 10.000000 21    0.0000000000
 10.000000 22    0.0000000000
 10.000000 23    0.0000000000
 10.000000 24    0.0000000000
 10.000000 25    0.0000000000
 10.000000 26    0.0000000000
 10.000000 27    0.0000000000
 10.000000 28    0.0000000000
 10.000000 29    0.0000000000
 10.000000 30    0.2411217541
 10.000000 31    0.2222122550
 10.000000 32    0.3522243798
 10.000000 33    0.0590361506
 10.000000 34   -0.0156379398
 10.000000 35    0.0422720686
 10.000000 36    0.1891863644
 10.000000 37    0.1916229129
 10.000000 38    0.3813779652
 10.000000 39    0.0000000000
 10.000000 40    0.0000000000
 10.000000 41    0.0000000000
 10.000000 42    0.0000000000
 10.000000 43    0.0000000000
 10.000000 44    0.0000000000
 10.000000 45    0.0000000000
 10.000000 46    0.0000000000
 10.000000 47    0.0000000000
 11.000000 0   -0.2777827382
 11.000000 1   -0.2390750647
 11.000000 2   -0.3835958242
 11.000000 3   -0.0806800872
 11.000000 4   -0.0930027813
 11.000000 5    0.0549521595
 11.000000 6   -0.2599643171
 11.000000 7   -0.0975346640
 11.000000 8   -0.3293693066
 11.000000 9    0.0000000000
 11.000000 10    0.0000000000
 11.000000 11    0.0000000000
 11.000000 12    0.0000000000
 11.000000 13    0.0000000000
 11.000000 14    0.0000000000
 11.000000 15    0.0000000000
 11.000000 16    0.0000000000
 11.000000 17    0.0000000000
 11.000000 18    0.0000000000
 11.000000 19    0.0000000000
 11.000000 20    0.0000000000
 11.000000 21    0.0000000000
 11.000000 22    0.0000000000
 11.000000 23    0.0000000000
 11.000000 24    0.0000000000
 11.000000 25    0.0000000000
 11.000000 26    0.0000000000
 11.000000 27    0.0000000000
 11.000000 28    0.0000000000
 11.000000 29    0.0000000000
 11.000000 30    0.3167544007
 11.000000 31    0.2398361266
 11.000000 32    0.3083026707
 11.000000 33    0.0524954349
 11.000000 34   -0.0268010478
 11.000000 35    0.0131947882
 11.000000 36    0.2491772771
 11.000000 37    0.2165773660
 11.000000 38    0.3365154266
 11.000000 39    0.0000000000
 11.000000 40    0.0000000000
 11.000000 41    0.0000000000
 11.000000 42    0.0000000000
 11.000000 43    0.0000000000
 11.000000 44    0.0000000000
 11.000000 45    0.0000000000
 11.000000 46    0.0000000000
 11.000000 47    0.0000000000
 12.000000 0   -0.3081855476
 12.000000 1   -0.2051434219
 12.000000 2   -0.2914289832
 12.000000 3   -0.0477195457
 12.000000 4    0.0291532427
 12.000000 5   -0.0150308218
 12.000000 6   -0.3121349216
 12.000000 7   -0.1855255812
 12.000000 8   -0.3439469934
 12.000000 9    0.0000000000
 12.000000 10    0.0000000000
 12.000000 11    0.0000000000
 12.000000 12    0.0000000000
 12.000000 13    0.0000000000
 12.000000 14    0.0000000000
 12.000000 15    0.0000000000
 12.000000 16    0.0000000000
 12.000000 17    0.0000000000
 12.000000 18    0.0000000000
 12.000000 19    0.0000000000
 12.000000 20    0.0000000000
 12.000000 21    0.0000000000
 12.000000 22    0.0000000000
 12.000000 23    0.0000000000
 12.000000 24    0.0000000000
 12.000000 25    0.0000000000
 12.000000 26    0.0000000000
 12.000000 27    0.0000000000
 12.000000 28    0.0000000000
 12.000000 29    0.0000000000
 12.000000 30    0.2466580123
 12.000000 31    0.2508071959
 12.000000 32    0.4614770412
 12.000000 33    0.1481607556
 12.000000 34    0.0669035167
 12.000000 35   -0.1701941192
 12.000000 36    0.2732211947
 12.000000 37    0.0438049883
 12.000000 38    0.3591238260
 12.000000 39    0.0000000000
 12.000000 40    0.0000000000
 12.000000 41    0.0000000000
 12.000000 42    0.0000000000
 12.000000 43    0.0000000000
 12.000000 44    0.0000000000
 12.000000 45    0.0000000000
 12.000000 46    0.0000000000
 12.000000 47    0.0000000000
 13.000000 0   -0.3062166572
 13.000000 1   -0.2198394537
 13.000000 2   -0.3668224216
 13.000000 3    0.0058059264
 13.000000 4   -0.0895715207
 13.000000 5    0.0239874274
 13.000000 6   -0.3113749027
 13.000000 7   -0.1682498455
 13.000000 8   -0.2876873314
 13.000000 9    0.0000000000
 13.000000 10    0.0000000000
 13.000000 11    0.0000000000
 13.000000 12    0.0000000000
 13.000000 13    0.0000000000
 13.000000 14    0.0000000000
 13.000000 15    0.0000000000
 13.000000 16    0.0000000000
 13.000000 17    0.0000000000
 13.000000 18    0.0000000000
 13.000000 19    0.0000000000
 13.000000 20    0.0000000000
 13.000000 21    0.0000000000
 13.000000 22    0.0000000000
 13.000000 23    0.0000000000
 13.000000 24    0.0000000000
 13.000000 25    0.0000000000
 13.000000 26    0.0000000000
 13.000000 27    0.0000000000
 13.000000 28    0.0000000000
 13.000000 29    0.0000000000
 13.000000 30    0.2454856485
 13.000000 31    0.2854683399
 13.000000 32    0.3908554018
 13.000000 33    0.1318439245
 13.000000 34    0.0673641562
 13.000000 35   -0.0887213275
 13.000000 36    0.2344560325
 13.000000 37    0.1248283088
 13.000000 38    0.3283882737
 13.000000 39    0.0000000000
 13.000000 40    0.0000000000
 13.000000 41    0.0000000000
 13.000000 42    0.0000000000
 13.000000 43    0.0000000000
 13.000000 44    0.0000000000
 13.000000 45    0.0000000000
 13.000000 46    0.0000000000
 13.000000 47    0.0000000000
 14.000000 0   -0.2906438112
 14.000000 1   -0.0817438290
 14.000000 2   -0.4604700506
 14.000000 3   -0.0413028970
 14.000000 4   -0.1611628085
 14.000000 5    0.0323147029
 14.000000 6   -0.2982156277
 14.000000 7   -0.0203123167
 14.000000 8   -0.3023315370
 14.000000 9    0.0000000000
 14.000000 10    0.0000000000
 14.000000 11    0.0000000000
 14.000000 12    0.0000000000
 14.000000 13    0.0000000000
 14.000000 14    0.0000000000
 14.000000 15    0.0000000000
 14.000000 16    0.0000000000
 14.000000 17    0.0000000000
 14.000000 18    0.0000000000
 14.000000 19    0.0000000000
 14.000000 20    0.0000000000
 14.000000 21    0.0000000000
 14.000000 22    0.0000000000
 14.000000 23    0.0000000000
 14.000000 24    0.0000000000
 14.000000 25    0.0000000000
 14.000000 26    0.0000000000
 14.000000 27    0.0000000000
 14.000000 28    0.0000000000
 14.000000 29    0.0000000000
 14.000000 30    0.2570508420
 14.000000 31    0.2188601792
 14.000000 32    0.4295045137
 14.000000 33    0.1624752283
 14.000000 34   -0.0091135651
 14.000000 35   -0.0764235854
 14.000000 36    0.2106363177
 14.000000 37    0.0534723625
 14.000000 38    0.3774059415
 14.000000 39    0.0000000000
 14.000000 40    0.0000000000
 14.000000 41    0.0000000000
 14.000000 42    0.0000000000
 14.000000 43    0.0000000000
 14.000000 44    0.0000000000
 14.000000 45    0.0000000000
 14.000000 46    0.0000000000
 14.000000 47    0.0000000000
 15.000000 0   -0.2543968856
 15.000000 1   -0.1792209744
 15.000000 2   -0.4244964719
 15.000000 3    0.0019473396
 15.000000 4   -0.0851492658
 15.000000 5    0.0315721594
 15.000000 6   -0.2830785513
 15.000000 7   -0.1473345608
 15.000000 8   -0.3444418609
 15.000000 9    0.0000000000
 15.000000 10    0.0000000000
 15.000000 11    0.0000000000
 15.000000 12    0.0000000000
 15.000000 13    0.0000000000
 15.000000 14    0.0000000000
 15.000000 15    0.0000000000
 15.000000 16    0.0000000000
 15.000000 17    0.0000000000
 15.000000 18    0.0000000000
 15.000000 19    0.0000000000
 15.000000 20    0.0000000000
 15.000000 21    0.0000000000
 15.000000 22    0.0000000000
 15.000000 23    0.0000000000
 15.000000 24    0.0000000000
 15.000000 25    0.0000000000
 15.000000 26    0.0000000000
 15.000000 27    0.0000000000
 15.000000 28    0.0000000000
 15.000000 29    0.0000000000
 15.000000 30    0.2840163708
 15.000000 31    0.2190798372
 15.000000 32    0.3186143339
 15.000000 33    0.0389403962
 15.000000 34   -0.0274852328
 15.000000 35    0.0528792329
 15.000000 36    0.2125712931
 15.000000 37    0.2201101631
 15.000000 38    0.3658725023
 15.000000 39    0.0000000000
 15.000000 40    0.0000000000
 15.000000 41    0.0000000000
 15.000000 42    0.0000000000
 15.000000 43    0.0000000000
 15.000000 44    0.0000000000
 15.000000 45    0.0000000000
 15.000000 46    0.0000000000
 15.000000 47    0.0000000000
 16.000000 0   -0.2512353957
 16.000000 1   -0.1990977824
 16.000000 2   -0.3913992643
 16.000000 3   -0.0528564528
 16.000000 4   -0.1059456691
 16.000000 5    0.0164770931
 16.000000 6   -0.2816386819
 16.000000 7   -0.1136109382
 16.000000 8   -0.3190866709
 16.000000 9    0.0000000000
 16.000000 10    0.0000000000
 16.000000 11    0.0000000000
 16.000000 12    0.0000000000
 16.000000 13    0.0000000000
 16.000000 14    0.0000000000
 16.000000 15    0.0000000000
 16.000000 16    0.0000000000
 16.000000 17    0.0000000000
 16.000000 18    0.0000000000
 16.000000 19    0.0000000000
 16.000000 20    0.0000000000
 16.000000 21    0.0000000000
 16.000000 22    0.0000000000
 16.000000 23    0.0000000000
 16.000000 24    0.0000000000
 16.000000 25    0.0000000000
 16.000000 26    0.0000000000
 16.000000 27    0.0000000000
 16.000000 28    0.0000000000
 16.000000 29    0.0000000000
 16.000000 30    0.2479250282
 16.000000 31    0.2773375511
 16.000000 32    0.3717638254
 16.000000 33    0.1379594505
 16.000000 34   -0.0039046407
 16.000000 35   -0.0363711715
 16.000000 36    0.1998460591
 16.000000 37    0.1452214718
 16.000000 38    0.3586161733
 16.000000 39    0.0000000000
 16.000000 40    0.0000000000
 16.000000 41    0.0000000000
 16.000000 42    0.0000000000
 16.000000 43    0.0000000000
 16.000000 44    0.0000000000
 16.000000 45    0.0000000000
 16.000000 46    0.0000000000
 16.000000 47    0.0000000000
