#! FIELDS time parameter len_b2
 0.000000 0    0.3127398491
 0.000000 1    0.2456974983
 0.000000 2   -0.2678228319
 0.000000 3    0.0066572428
 0.000000 4    0.0243706256
 0.000000 5   -0.1362476051
 0.000000 6    0.2241519541
 0.000000 7    0.3030228317
 0.000000 8   -0.2092166096
 0.000000 9    0.0000000000
 0.000000 10    0.0000000000
 0.000000 11    0.0000000000
 0.000000 12    0.0000000000
 0.000000 13    0.0000000000
 0.000000 14    0.0000000000
 0.000000 15    0.0000000000
 0.000000 16    0.0000000000
 0.000000 17    0.0000000000
 0.000000 18    0.0000000000
 0.000000 19    0.0000000000
 0.000000 20    0.0000000000
 0.000000 21    0.0000000000
 0.000000 22    0.0000000000
 0.000000 23    0.0000000000
 0.000000 24    0.0000000000
 0.000000 25    0.0000000000
 0.000000 26    0.0000000000
 0.000000 27    0.0000000000
 0.000000 28    0.0000000000
 0.000000 29    0.0000000000
 0.000000 30    0.0000000000
 0.000000 31    0.0000000000
 0.000000 32    0.0000000000
 0.000000 33    0.0000000000
 0.000000 34    0.0000000000
 0.000000 35    0.0000000000
 0.000000 36   -0.4253238440
 0.000000 37    0.0889508128
 0.000000 38    0.3812538087
 0.000000 39    0.6901637912
 0.000000 40   -0.3410546184
 0.000000 41    0.1564096510
 0.000000 42   -0.8083890676
 0.000000 43   -0.3209871054
 0.000000 44    0.0756235719
 0.000000 45    0.0000000000
 0.000000 46    0.0000000000
 0.000000 47    0.0000000000
 0.000000 48    0.0000000000
 0.000000 49    0.0000000000
 0.000000 50    0.0000000000
 0.000000 51    0.0000000000
 0.000000 52    0.0000000000
 0.000000 53    0.0000000000
 1.000000 0    0.3651299179
 1.000000 1    0.3635159731
 1.000000 2   -0.2168031186
 1.000000 3    0.0341375917
 1.000000 4   -0.1114903912
 1.000000 5   -0.1743365228
 1.000000 6    0.1598942578
 1.000000 7    0.3222074807
 1.000000 8   -0.2068524361
 1.000000 9    0.0000000000
 1.000000 10    0.0000000000
 1.000000 11    0.0000000000
 1.000000 12    0.0000000000
 1.000000 13    0.0000000000
 1.000000 14    0.0000000000
 1.000000 15    0.0000000000
 1.000000 16    0.0000000000
 1.000000 17    0.0000000000
 1.000000 18    0.0000000000
 1.000000 19    0.0000000000
 1.000000 20    0.0000000000
 1.000000 21    0.0000000000
 1.000000 22    0.0000000000
 1.000000 23    0.0000000000
 1.000000 24    0.0000000000
 1.000000 25    0.0000000000
 1.000000 26    0.0000000000
 1.000000 27    0.0000000000
 1.000000 28    0.0000000000
 1.000000 29    0.0000000000
 1.000000 30    0.0000000000
 1.000000 31    0.0000000000
 1.000000 32    0.0000000000
 1.000000 33    0.0000000000
 1.000000 34    0.0000000000
 1.000000 35    0.0000000000
 1.000000 36   -0.4410212934
 1.000000 37    0.0820824504
 1.000000 38    0.3567449152
 1.000000 39    0.6550472379
 1.000000 40   -0.3174592853
 1.000000 41    0.1929030567
 1.000000 42   -0.7731876373
 1.000000 43   -0.3388562202
 1.000000 44    0.0483441055
 1.000000 45    0.0000000000
 1.000000 46    0.0000000000
 1.000000 47    0.0000000000
 1.000000 48    0.0000000000
 1.000000 49    0.0000000000
 1.000000 50    0.0000000000
 1.000000 51    0.0000000000
 1.000000 52    0.0000000000
 1.000000 53    0.0000000000
 2.000000 0    0.3298011422
 2.000000 1    0.3209282458
 2.000000 2   -0.2648228407
 2.000000 3    0.0389676690
 2.000000 4   -0.1029365882
 2.000000 5   -0.1237043142
 2.000000 6    0.1671547443
 2.000000 7    0.3014890850
 2.000000 8   -0.2769994438
 2.000000 9    0.0000000000
 2.000000 10    0.0000000000
 2.000000 11    0.0000000000
 2.000000 12    0.0000000000
 2.000000 13    0.0000000000
 2.000000 14    0.0000000000
 2.000000 15    0.0000000000
 2.000000 16    0.0000000000
 2.000000 17    0.0000000000
 2.000000 18    0.0000000000
 2.000000 19    0.0000000000
 2.000000 20    0.0000000000
 2.000000 21    0.0000000000
 2.000000 22    0.0000000000
 2.000000 23    0.0000000000
 2.000000 24    0.0000000000
 2.000000 25    0.0000000000
 2.000000 26    0.0000000000
 2.000000 27    0.0000000000
 2.000000 28    0.0000000000
 2.000000 29    0.0000000000
 2.000000 30    0.0000000000
 2.000000 31    0.0000000000
 2.000000 32    0.0000000000
 2.000000 33    0.0000000000
 2.000000 34    0.0000000000
 2.000000 35    0.0000000000
 2.000000 36   -0.3165937066
 2.000000 37    0.0819991827
 2.000000 38    0.0530924499
 2.000000 39    0.3828769326
 2.000000 40    0.0527742505
 2.000000 41    0.7502864599
 2.000000 42   -0.6022067666
 2.000000 43   -0.6542541385
 2.000000 44   -0.1378522515
 2.000000 45    0.0000000000
 2.000000 46    0.0000000000
 2.000000 47    0.0000000000
 2.000000 48    0.0000000000
 2.000000 49    0.0000000000
 2.000000 50    0.0000000000
 2.000000 51    0.0000000000
 2.000000 52    0.0000000000
 2.000000 53    0.0000000000
 3.000000 0    0.1467733681
 3.000000 1    0.1721907556
 3.000000 2   -0.3779573441
 3.000000 3    0.0069664717
 3.000000 4    0.2204193473
 3.000000 5    0.1144457310
 3.000000 6    0.3942052126
 3.000000 7    0.1531957090
 3.000000 8   -0.3704065382
 3.000000 9    0.0000000000
 3.000000 10    0.0000000000
 3.000000 11    0.0000000000
 3.000000 12    0.0000000000
 3.000000 13    0.0000000000
 3.000000 14    0.0000000000
 3.000000 15    0.0000000000
 3.000000 16    0.0000000000
 3.000000 17    0.0000000000
 3.000000 18    0.0000000000
 3.000000 19    0.0000000000
 3.000000 20    0.0000000000
 3.000000 21    0.0000000000
 3.000000 22    0.0000000000
 3.000000 23    0.0000000000
 3.000000 24    0.0000000000
 3.000000 25    0.0000000000
 3.000000 26    0.0000000000
 3.000000 27    0.0000000000
 3.000000 28    0.0000000000
 3.000000 29    0.0000000000
 3.000000 30    0.0000000000
 3.000000 31    0.0000000000
 3.000000 32    0.0000000000
 3.000000 33    0.0000000000
 3.000000 34    0.0000000000
 3.000000 35    0.0000000000
 3.000000 36   -0.4639964700
 3.000000 37   -0.0502156615
 3.000000 38    0.5049971342
 3.000000 39    0.6425626874
 3.000000 40   -0.1838046908
 3.000000 41   -0.1386979818
 3.000000 42   -0.7265112400
 3.000000 43   -0.3117853999
 3.000000 44    0.2676190436
 3.000000 45    0.0000000000
 3.000000 46    0.0000000000
 3.000000 47    0.0000000000
 3.000000 48    0.0000000000
 3.000000 49    0.0000000000
 3.000000 50    0.0000000000
 3.000000 51    0.0000000000
 3.000000 52    0.0000000000
 3.000000 53    0.0000000000
 4.000000 0    0.4837522507
 4.000000 1    0.6063436866
 4.000000 2    0.0305890143
 4.000000 3   -0.0740798116
 4.000000 4   -0.0960801840
 4.000000 5   -0.6882170439
 4.000000 6    0.0678198189
 4.000000 7    0.0386411846
 4.000000 8   -0.0284512043
 4.000000 9    0.0000000000
 4.000000 10    0.0000000000
 4.000000 11    0.0000000000
 4.000000 12    0.0000000000
 4.000000 13    0.0000000000
 4.000000 14    0.0000000000
 4.000000 15    0.0000000000
 4.000000 16    0.0000000000
 4.000000 17    0.0000000000
 4.000000 18    0.0000000000
 4.000000 19    0.0000000000
 4.000000 20    0.0000000000
 4.000000 21    0.0000000000
 4.000000 22    0.0000000000
 4.000000 23    0.0000000000
 4.000000 24    0.0000000000
 4.000000 25    0.0000000000
 4.000000 26    0.0000000000
 4.000000 27    0.0000000000
 4.000000 28    0.0000000000
 4.000000 29    0.0000000000
 4.000000 30    0.0000000000
 4.000000 31    0.0000000000
 4.000000 32    0.0000000000
 4.000000 33    0.0000000000
 4.000000 34    0.0000000000
 4.000000 35    0.0000000000
 4.000000 36   -0.1880753040
 4.000000 37    0.2225794792
 4.000000 38    0.0245209113
 4.000000 39    0.4651974440
 4.000000 40   -0.2206829786
 4.000000 41    0.9358748198
 4.000000 42   -0.7546144724
 4.000000 43   -0.5508011580
 4.000000 44   -0.2743165493
 4.000000 45    0.0000000000
 4.000000 46    0.0000000000
 4.000000 47    0.0000000000
 4.000000 48    0.0000000000
 4.000000 49    0.0000000000
 4.000000 50    0.0000000000
 4.000000 51    0.0000000000
 4.000000 52    0.0000000000
 4.000000 53    0.0000000000
 5.000000 0    0.2855342925
 5.000000 1    0.2444552779
 5.000000 2   -0.3366488814
 5.000000 3   -0.0217587948
 5.000000 4    0.0111026801
 5.000000 5   -0.0374694839
 5.000000 6    0.2789090872
 5.000000 7    0.2769937813
 5.000000 8   -0.2754061222
 5.000000 9    0.0000000000
 5.000000 10    0.0000000000
 5.000000 11    0.0000000000
 5.000000 12    0.0000000000
 5.000000 13    0.0000000000
 5.000000 14    0.0000000000
 5.000000 15    0.0000000000
 5.000000 16    0.0000000000
 5.000000 17    0.0000000000
 5.000000 18    0.0000000000
 5.000000 19    0.0000000000
 5.000000 20    0.0000000000
 5.000000 21    0.0000000000
 5.000000 22    0.0000000000
 5.000000 23    0.0000000000
 5.000000 24    0.0000000000
 5.000000 25    0.0000000000
 5.000000 26    0.0000000000
 5.000000 27    0.0000000000
 5.000000 28    0.0000000000
 5.000000 29    0.0000000000
 5.000000 30    0.0000000000
 5.000000 31    0.0000000000
 5.000000 32    0.0000000000
 5.000000 33    0.0000000000
 5.000000 34    0.0000000000
 5.000000 35    0.0000000000
 5.000000 36   -0.4175044894
 5.000000 37    0.1117224097
 5.000000 38    0.3639265299
 5.000000 39    0.6159852147
 5.000000 40   -0.3225236535
 5.000000 41    0.1960644573
 5.000000 42   -0.7411653399
 5.000000 43   -0.3217504621
 5.000000 44    0.0895335376
 5.000000 45    0.0000000000
 5.000000 46    0.0000000000
 5.000000 47    0.0000000000
 5.000000 48    0.0000000000
 5.000000 49    0.0000000000
 5.000000 50    0.0000000000
 5.000000 51    0.0000000000
 5.000000 52    0.0000000000
 5.000000 53    0.0000000000
 6.000000 0    0.2535935640
 6.000000 1    0.2376165539
 6.000000 2   -0.3338236213
 6.000000 3   -0.0077172462
 6.000000 4    0.0374272466
 6.000000 5   -0.0041088546
 6.000000 6    0.2808180153
 6.000000 7    0.2716524005
 6.000000 8   -0.3130025566
 6.000000 9    0.0000000000
 6.000000 10    0.0000000000
 6.000000 11    0.0000000000
 6.000000 12    0.0000000000
 6.000000 13    0.0000000000
 6.000000 14    0.0000000000
 6.000000 15    0.0000000000
 6.000000 16    0.0000000000
 6.000000 17    0.0000000000
 6.000000 18    0.0000000000
 6.000000 19    0.0000000000
 6.000000 20    0.0000000000
 6.000000 21    0.0000000000
 6.000000 22    0.0000000000
 6.000000 23    0.0000000000
 6.000000 24    0.0000000000
 6.000000 25    0.0000000000
 6.000000 26    0.0000000000
 6.000000 27    0.0000000000
 6.000000 28    0.0000000000
 6.000000 29    0.0000000000
 6.000000 30    0.0000000000
 6.000000 31    0.0000000000
 6.000000 32    0.0000000000
 6.000000 33    0.0000000000
 6.000000 34    0.0000000000
 6.000000 35    0.0000000000
 6.000000 36   -0.5359439850
 6.000000 37   -0.1076264977
 6.000000 38    0.5605291128
 6.000000 39    0.7388305068
 6.000000 40   -0.0659207702
 6.000000 41   -0.2368215024
 6.000000 42   -0.7295808792
 6.000000 43   -0.3731489778
 6.000000 44    0.3272274733
 6.000000 45    0.0000000000
 6.000000 46    0.0000000000
 6.000000 47    0.0000000000
 6.000000 48    0.0000000000
 6.000000 49    0.0000000000
 6.000000 50    0.0000000000
 6.000000 51    0.0000000000
 6.000000 52    0.0000000000
 6.000000 53    0.0000000000
 7.000000 0    0.3537973166
 7.000000 1    0.3341189623
 7.000000 2   -0.2376250774
 7.000000 3    0.0302444920
 7.000000 4   -0.1112359539
 7.000000 5   -0.1332344562
 7.000000 6    0.1794041246
 7.000000 7    0.3174124360
 7.000000 8   -0.2541280091
 7.000000 9    0.0000000000
 7.000000 10    0.0000000000
 7.000000 11    0.0000000000
 7.000000 12    0.0000000000
 7.000000 13    0.0000000000
 7.000000 14    0.0000000000
 7.000000 15    0.0000000000
 7.000000 16    0.0000000000
 7.000000 17    0.0000000000
 7.000000 18    0.0000000000
 7.000000 19    0.0000000000
 7.000000 20    0.0000000000
 7.000000 21    0.0000000000
 7.000000 22    0.0000000000
 7.000000 23    0.0000000000
 7.000000 24    0.0000000000
 7.000000 25    0.0000000000
 7.000000 26    0.0000000000
 7.000000 27    0.0000000000
 7.000000 28    0.0000000000
 7.000000 29    0.0000000000
 7.000000 30    0.0000000000
 7.000000 31    0.0000000000
 7.000000 32    0.0000000000
 7.000000 33    0.0000000000
 7.000000 34    0.0000000000
 7.000000 35    0.0000000000
 7.000000 36   -0.2116063833
 7.000000 37    0.1327059865
 7.000000 38    0.0598639436
 7.000000 39    0.3263254464
 7.000000 40   -0.1735224724
 7.000000 41    0.7608394623
 7.000000 42   -0.6781649590
 7.000000 43   -0.4994789362
 7.000000 44   -0.1957158446
 7.000000 45    0.0000000000
 7.000000 46    0.0000000000
 7.000000 47    0.0000000000
 7.000000 48    0.0000000000
 7.000000 49    0.0000000000
 7.000000 50    0.0000000000
 7.000000 51    0.0000000000
 7.000000 52    0.0000000000
 7.000000 53    0.0000000000
 8.000000 0    0.3399939537
 8.000000 1    0.3549457788
 8.000000 2   -0.2674651146
 8.000000 3    0.0091784671
 8.000000 4   -0.0949977934
 8.000000 5   -0.1763156503
 8.000000 6    0.1527163982
 8.000000 7    0.3144053221
 8.000000 8   -0.2029231191
 8.000000 9    0.0000000000
 8.000000 10    0.0000000000
 8.000000 11    0.0000000000
 8.000000 12    0.0000000000
 8.000000 13    0.0000000000
 8.000000 14    0.0000000000
 8.000000 15    0.0000000000
 8.000000 16    0.0000000000
 8.000000 17    0.0000000000
 8.000000 18    0.0000000000
 8.000000 19    0.0000000000
 8.000000 20    0.0000000000
 8.000000 21    0.0000000000
 8.000000 22    0.0000000000
 8.000000 23    0.0000000000
 8.000000 24    0.0000000000
 8.000000 25    0.0000000000
 8.000000 26    0.0000000000
 8.000000 27    0.0000000000
 8.000000 28    0.0000000000
 8.000000 29    0.0000000000
 8.000000 30    0.0000000000
 8.000000 31    0.0000000000
 8.000000 32    0.0000000000
 8.000000 33    0.0000000000
 8.000000 34    0.0000000000
 8.000000 35    0.0000000000
 8.000000 36   -0.3624172509
 8.000000 37    0.0456687808
 8.000000 38    0.4112521112
 8.000000 39    0.5567900538
 8.000000 40   -0.3124890327
 8.000000 41    0.0701168180
 8.000000 42   -0.6962616444
 8.000000 43   -0.3075331450
 8.000000 44    0.1653349251
 8.000000 45    0.0000000000
 8.000000 46    0.0000000000
 8.000000 47    0.0000000000
 8.000000 48    0.0000000000
 8.000000 49    0.0000000000
 8.000000 50    0.0000000000
 8.000000 51    0.0000000000
 8.000000 52    0.0000000000
 8.000000 53    0.0000000000
 9.000000 0    0.3256635964
 9.000000 1    0.3065074682
 9.000000 2   -0.2468755841
 9.000000 3    0.0127949342
 9.000000 4   -0.0277519152
 9.000000 5   -0.1598966122
 9.000000 6    0.1778476834
 9.000000 7    0.3245513737
 9.000000 8   -0.2010506988
 9.000000 9    0.0000000000
 9.000000 10    0.0000000000
 9.000000 11    0.0000000000
 9.000000 12    0.0000000000
 9.000000 13    0.0000000000
 9.000000 14    0.0000000000
 9.000000 15    0.0000000000
 9.000000 16    0.0000000000
 9.000000 17    0.0000000000
 9.000000 18    0.0000000000
 9.000000 19    0.0000000000
 9.000000 20    0.0000000000
 9.000000 21    0.0000000000
 9.000000 22    0.0000000000
 9.000000 23    0.0000000000
 9.000000 24    0.0000000000
 9.000000 25    0.0000000000
 9.000000 26    0.0000000000
 9.000000 27    0.0000000000
 9.000000 28    0.0000000000
 9.000000 29    0.0000000000
 9.000000 30    0.0000000000
 9.000000 31    0.0000000000
 9.000000 32    0.0000000000
 9.000000 33    0.0000000000
 9.000000 34    0.0000000000
 9.000000 35    0.0000000000
 9.000000 36   -0.4131765962
 9.000000 37   -0.0193162560
 9.000000 38    0.4206062555
 9.000000 39    0.5981409550
 9.000000 40   -0.2346296310
 9.000000 41    0.0237821117
 9.000000 42   -0.7012705803
 9.000000 43   -0.3493611217
 9.000000 44    0.1634345502
 9.000000 45    0.0000000000
 9.000000 46    0.0000000000
 9.000000 47    0.0000000000
 9.000000 48    0.0000000000
 9.000000 49    0.0000000000
 9.000000 50    0.0000000000
 9.000000 51    0.0000000000
 9.000000 52    0.0000000000
 9.000000 53    0.0000000000
 10.000000 0    0.3430764675
 10.000000 1    0.2778979540
 10.000000 2   -0.2588829994
 10.000000 3    0.0132071525
 10.000000 4   -0.0443294607
 10.000000 5   -0.1811333895
 10.000000 6    0.1731525958
 10.000000 7    0.3050593734
 10.000000 8   -0.2154049575
 10.000000 9    0.0000000000
 10.000000 10    0.0000000000
 10.000000 11    0.0000000000
 10.000000 12    0.0000000000
 10.000000 13    0.0000000000
 10.000000 14    0.0000000000
 10.000000 15    0.0000000000
 10.000000 16    0.0000000000
 10.000000 17    0.0000000000
 10.000000 18    0.0000000000
 10.000000 19    0.0000000000
 10.000000 20    0.0000000000
 10.000000 21    0.0000000000
 10.000000 22    0.0000000000
 10.000000 23    0.0000000000
 10.000000 24    0.0000000000
 10.000000 25    0.0000000000
 10.000000 26    0.0000000000
 10.000000 27    0.0000000000
 10.000000 28    0.0000000000
 10.000000 29    0.0000000000
 10.000000 30    0.0000000000
 10.000000 31    0.0000000000
 10.000000 32    0.0000000000
 10.000000 33    0.0000000000
 10.000000 34    0.0000000000
 10.000000 35    0.0000000000
 10.000000 36   -0.2518078089
 10.000000 37    0.0272127390
 10.000000 38    0.1415585428
 10.000000 39    0.3552738428
 10.000000 40   -0.0826519132
 10.000000 41    0.5329620242
 10.000000 42   -0.6329022646
 10.000000 43   -0.4831886888
 10.000000 44   -0.0190992355
 10.000000 45    0.0000000000
 10.000000 46    0.0000000000
 10.000000 47    0.0000000000
 10.000000 48    0.0000000000
 10.000000 49    0.0000000000
 10.000000 50    0.0000000000
 10.000000 51    0.0000000000
 10.000000 52    0.0000000000
 10.000000 53    0.0000000000
 11.000000 0    0.3449717760
 11.000000 1    0.3570967913
 11.000000 2   -0.2526252866
 11.000000 3    0.0740352124
 11.000000 4   -0.1692516506
 11.000000 5   -0.0876098275
 11.000000 6    0.1624665260
 11.000000 7    0.2933595479
 11.000000 8   -0.3157606721
 11.000000 9    0.0000000000
 11.000000 10    0.0000000000
 11.000000 11    0.0000000000
 11.000000 12    0.0000000000
 11.000000 13    0.0000000000
 11.000000 14    0.0000000000
 11.000000 15    0.0000000000
 11.000000 16    0.0000000000
 11.000000 17    0.0000000000
 11.000000 18    0.0000000000
 11.000000 19    0.0000000000
 11.000000 20    0.0000000000
 11.000000 21    0.0000000000
 11.000000 22    0.0000000000
 11.000000 23    0.0000000000
 11.000000 24    0.0000000000
 11.000000 25    0.0000000000
 11.000000 26    0.0000000000
 11.000000 27    0.0000000000
 11.000000 28    0.0000000000
 11.000000 29    0.0000000000
 11.000000 30    0.0000000000
 11.000000 31    0.0000000000
 11.000000 32    0.0000000000
 11.000000 33    0.0000000000
 11.000000 34    0.0000000000
 11.000000 35    0.0000000000
 11.000000 36   -0.3303189278
 11.000000 37    0.3517684937
 11.000000 38   -0.1910139322
 11.000000 39    0.6184017658
 11.000000 40   -0.0606172085
 11.000000 41    1.4981701374
 11.000000 42   -0.8695563078
 11.000000 43   -0.7723557949
 11.000000 44   -0.6511603594
 11.000000 45    0.0000000000
 11.000000 46    0.0000000000
 11.000000 47    0.0000000000
 11.000000 48    0.0000000000
 11.000000 49    0.0000000000
 11.000000 50    0.0000000000
 11.000000 51    0.0000000000
 11.000000 52    0.0000000000
 11.000000 53    0.0000000000
 12.000000 0    0.2210452855
 12.000000 1    0.2493635267
 12.000000 2   -0.3157489896
 12.000000 3    0.0058788862
 12.000000 4    0.0885534883
 12.000000 5    0.0085765384
 12.000000 6    0.2942388356
 12.000000 7    0.2668210864
 12.000000 8   -0.2950575948
 12.000000 9    0.0000000000
 12.000000 10    0.0000000000
 12.000000 11    0.0000000000
 12.000000 12    0.0000000000
 12.000000 13    0.0000000000
 12.000000 14    0.0000000000
 12.000000 15    0.0000000000
 12.000000 16    0.0000000000
 12.000000 17    0.0000000000
 12.000000 18    0.0000000000
 12.000000 19    0.0000000000
 12.000000 20    0.0000000000
 12.000000 21    0.0000000000
 12.000000 22    0.0000000000
 12.000000 23    0.0000000000
 12.000000 24    0.0000000000
 12.000000 25    0.0000000000
 12.000000 26    0.0000000000
 12.000000 27    0.0000000000
 12.000000 28    0.0000000000
 12.000000 29    0.0000000000
 12.000000 30    0.0000000000
 12.000000 31    0.0000000000
 12.000000 32    0.0000000000
 12.000000 33    0.0000000000
 12.000000 34    0.0000000000
 12.000000 35    0.0000000000
 12.000000 36   -0.4606293738
 12.000000 37   -0.2946858704
 12.000000 38    0.5962069631
 12.000000 39    0.5710079074
 12.000000 40    0.0831116438
 12.000000 41   -0.4191367030
 12.000000 42   -0.6315415502
 12.000000 43   -0.3931638598
 12.000000 44    0.4251597524
 12.000000 45    0.0000000000
 12.000000 46    0.0000000000
 12.000000 47    0.0000000000
 12.000000 48    0.0000000000
 12.000000 49    0.0000000000
 12.000000 50    0.0000000000
 12.000000 51    0.0000000000
 12.000000 52    0.0000000000
 12.000000 53    0.0000000000
 13.000000 0    0.3064637184
 13.000000 1    0.2761468887
 13.000000 2   -0.3245238662
 13.000000 3   -0.0206424855
 13.000000 4   -0.0268206075
 13.000000 5   -0.0690251738
 13.000000 6    0.2500792146
 13.000000 7    0.2934553921
 13.000000 8   -0.2531338632
 13.000000 9    0.0000000000
 13.000000 10    0.0000000000
 13.000000 11    0.0000000000
 13.000000 12    0.0000000000
 13.000000 13    0.0000000000
 13.000000 14    0.0000000000
 13.000000 15    0.0000000000
 13.000000 16    0.0000000000
 13.000000 17    0.0000000000
 13.000000 18    0.0000000000
 13.000000 19    0.0000000000
 13.000000 20    0.0000000000
 13.000000 21    0.0000000000
 13.000000 22    0.0000000000
 13.000000 23    0.0000000000
 13.000000 24    0.0000000000
 13.000000 25    0.0000000000
 13.000000 26    0.0000000000
 13.000000 27    0.0000000000
 13.000000 28    0.0000000000
 13.000000 29    0.0000000000
 13.000000 30    0.0000000000
 13.000000 31    0.0000000000
 13.000000 32    0.0000000000
 13.000000 33    0.0000000000
 13.000000 34    0.0000000000
 13.000000 35    0.0000000000
 13.000000 36   -0.4199636877
 13.000000 37    0.1196265817
 13.000000 38    0.3500717282
 13.000000 39    0.6263554096
 13.000000 40   -0.3236944079
 13.000000 41    0.2305752933
 13.000000 42   -0.7422922254
 13.000000 43   -0.3387138247
 13.000000 44    0.0660359412
 13.000000 45    0.0000000000
 13.000000 46    0.0000000000
 13.000000 47    0.0000000000
 13.000000 48    0.0000000000
 13.000000 49    0.0000000000
 13.000000 50    0.0000000000
 13.000000 51    0.0000000000
 13.000000 52    0.0000000000
 13.000000 53    0.0000000000
 14.000000 0    0.3028159142
 14.000000 1    0.3256985545
 14.000000 2   -0.2917375863
 14.000000 3    0.0219263043
 14.000000 4   -0.0873538256
 14.000000 5   -0.0276807509
 14.000000 6    0.2209008634
 14.000000 7    0.3007635772
 14.000000 8   -0.3221702278
 14.000000 9    0.0000000000
 14.000000 10    0.0000000000
 14.000000 11    0.0000000000
 14.000000 12    0.0000000000
 14.000000 13    0.0000000000
 14.000000 14    0.0000000000
 14.000000 15    0.0000000000
 14.000000 16    0.0000000000
 14.000000 17    0.0000000000
 14.000000 18    0.0000000000
 14.000000 19    0.0000000000
 14.000000 20    0.0000000000
 14.000000 21    0.0000000000
 14.000000 22    0.0000000000
 14.000000 23    0.0000000000
 14.000000 24    0.0000000000
 14.000000 25    0.0000000000
 14.000000 26    0.0000000000
 14.000000 27    0.0000000000
 14.000000 28    0.0000000000
 14.000000 29    0.0000000000
 14.000000 30    0.0000000000
 14.000000 31    0.0000000000
 14.000000 32    0.0000000000
 14.000000 33    0.0000000000
 14.000000 34    0.0000000000
 14.000000 35    0.0000000000
 14.000000 36   -0.2777324319
 14.000000 37    0.0202004313
 14.000000 38    0.0929307044
 14.000000 39    0.2953705192
 14.000000 40    0.0256116986
 14.000000 41    0.6149043441
 14.000000 42   -0.5632811189
 14.000000 43   -0.5849203467
 14.000000 44   -0.0662465692
 14.000000 45    0.0000000000
 14.000000 46    0.0000000000
 14.000000 47    0.0000000000
 14.000000 48    0.0000000000
 14.000000 49    0.0000000000
 14.000000 50    0.0000000000
 14.000000 51    0.0000000000
 14.000000 52    0.0000000000
 14.000000 53    0.0000000000
 15.000000 0    0.3542212248
 15.000000 1    0.2367179841
 15.000000 2   -0.2598022521
 15.000000 3    0.0125821307
 15.000000 4   -0.0168079287
 15.000000 5   -0.1755877435
 15.000000 6    0.2090799212
 15.000000 7    0.2905775905
 15.000000 8   -0.2031714916
 15.000000 9    0.0000000000
 15.000000 10    0.0000000000
 15.000000 11    0.0000000000
 15.000000 12    0.0000000000
 15.000000 13    0.0000000000
 15.000000 14    0.0000000000
 15.000000 15    0.0000000000
 15.000000 16    0.0000000000
 15.000000 17    0.0000000000
 15.000000 18    0.0000000000
 15.000000 19    0.0000000000
 15.000000 20    0.0000000000
 15.000000 21    0.0000000000
 15.000000 22    0.0000000000
 15.000000 23    0.0000000000
 15.000000 24    0.0000000000
 15.000000 25    0.0000000000
 15.000000 26    0.0000000000
 15.000000 27    0.0000000000
 15.000000 28    0.0000000000
 15.000000 29    0.0000000000
 15.000000 30    0.0000000000
 15.000000 31    0.0000000000
 15.000000 32    0.0000000000
 15.000000 33    0.0000000000
 15.000000 34    0.0000000000
 15.000000 35    0.0000000000
 15.000000 36   -0.1861899495
 15.000000 37    0.1427481771
 15.000000 38    0.0377695858
 15.000000 39    0.2987933457
 15.000000 40   -0.1457153559
 15.000000 41    0.8153463006
 15.000000 42   -0.6884868145
 15.000000 43   -0.5075204968
 15.000000 44   -0.2145544291
 15.000000 45    0.0000000000
 15.000000 46    0.0000000000
 15.000000 47    0.0000000000
 15.000000 48    0.0000000000
 15.000000 49    0.0000000000
 15.000000 50    0.0000000000
 15.000000 51    0.0000000000
 15.000000 52    0.0000000000
 15.000000 53    0.0000000000
 16.000000 0    0.2852987945
 16.000000 1    0.2510423362
 16.000000 2   -0.2943368256
 16.000000 3    0.0030739196
 16.000000 4    0.0233877953
 16.000000 5   -0.0594145656
 16.000000 6    0.2615092695
 16.000000 7    0.2812485099
 16.000000 8   -0.2698278427
 16.000000 9    0.0000000000
 16.000000 10    0.0000000000
 16.000000 11    0.0000000000
 16.000000 12    0.0000000000
 16.000000 13    0.0000000000
 16.000000 14    0.0000000000
 16.000000 15    0.0000000000
 16.000000 16    0.0000000000
 16.000000 17    0.0000000000
 16.000000 18    0.0000000000
 16.000000 19    0.0000000000
 16.000000 20    0.0000000000
 16.000000 21    0.0000000000
 16.000000 22    0.0000000000
 16.000000 23    0.0000000000
 16.000000 24    0.0000000000
 16.000000 25    0.0000000000
 16.000000 26    0.0000000000
 16.000000 27    0.0000000000
 16.000000 28    0.0000000000
 16.000000 29    0.0000000000
 16.000000 30    0.0000000000
 16.000000 31    0.0000000000
 16.000000 32    0.0000000000
 16.000000 33    0.0000000000
 16.000000 34    0.0000000000
 16.000000 35    0.0000000000
 16.000000 36   -0.4728104770
 16.000000 37   -0.2015331089
 16.000000 38    0.5256805420
 16.000000 39    0.5455102921
 16.000000 40    0.0056233704
 16.000000 41   -0.2562437057
 16.000000 42   -0.6225817800
 16.000000 43   -0.3597689271
 16.000000 44    0.3541423678
 16.000000 45    0.0000000000
 16.000000 46    0.0000000000
 16.000000 47    0.0000000000
 16.000000 48    0.0000000000
 16.000000 49    0.0000000000
 16.000000 50    0.0000000000
 16.000000 51    0.0000000000
 16.000000 52    0.0000000000
 16.000000 53    0.0000000000
