#! FIELDS time parameter len_b2 len_b2_N
 0.000000 0    0.3127400045    0.3127399981
 0.000000 1    0.2456974195    0.2456974238
 0.000000 2   -0.2678228613   -0.2678228468
 0.000000 3    0.0066572138    0.0066572279
 0.000000 4    0.0243707250    0.0243707448
 0.000000 5   -0.1362475477   -0.1362475455
 0.000000 6    0.2241519464    0.2241519541
 0.000000 7    0.3030228425    0.3030228317
 0.000000 8   -0.2092166577   -0.2092166543
 0.000000 9    0.0000000000    0.0000000000
 0.000000 10    0.0000000000    0.0000000000
 0.000000 11    0.0000000000    0.0000000000
 0.000000 12    0.0000000000    0.0000000000
 0.000000 13    0.0000000000    0.0000000000
 0.000000 14    0.0000000000    0.0000000000
 0.000000 15    0.0000000000    0.0000000000
 0.000000 16    0.0000000000    0.0000000000
 0.000000 17    0.0000000000    0.0000000000
 0.000000 18    0.0000000000    0.0000000000
 0.000000 19    0.0000000000    0.0000000000
 0.000000 20    0.0000000000    0.0000000000
 0.000000 21    0.0000000000    0.0000000000
 0.000000 22    0.0000000000    0.0000000000
 0.000000 23    0.0000000000    0.0000000000
 0.000000 24    0.0000000000    0.0000000000
 0.000000 25    0.0000000000    0.0000000000
 0.000000 26    0.0000000000    0.0000000000
 0.000000 27    0.0000000000    0.0000000000
 0.000000 28    0.0000000000    0.0000000000
 0.000000 29    0.0000000000    0.0000000000
 0.000000 30    0.0000000000    0.0000000000
 0.000000 31    0.0000000000    0.0000000000
 0.000000 32    0.0000000000    0.0000000000
 0.000000 33    0.0000000000    0.0000000000
 0.000000 34    0.0000000000    0.0000000000
 0.000000 35    0.0000000000    0.0000000000
 0.000000 36   -0.4253227872   -0.4253227711
 0.000000 37    0.0889504096    0.0889504105
 0.000000 38    0.3812547682    0.3812547773
 0.000000 39    0.6901617849    0.6901618540
 0.000000 40   -0.3410534687   -0.3410534561
 0.000000 41    0.1564077202    0.1564076692
 0.000000 42   -0.8083881625   -0.8083881438
 0.000000 43   -0.3209879279   -0.3209879249
 0.000000 44    0.0756245783    0.0756245852
 0.000000 45    0.0000000000             nan
 0.000000 46    0.0000000000             nan
 0.000000 47    0.0000000000             nan
 0.000000 48    0.0000000000             nan
 0.000000 49    0.0000000000             nan
 0.000000 50    0.0000000000             nan
 0.000000 51    0.0000000000             nan
 0.000000 52    0.0000000000             nan
 0.000000 53    0.0000000000             nan
 1.000000 0    0.3651298635    0.3651298732
 1.000000 1    0.3635157304    0.3635157496
 1.000000 2   -0.2168031732   -0.2168031633
 1.000000 3    0.0341375087    0.0341375172
 1.000000 4   -0.1114901398   -0.1114901155
 1.000000 5   -0.1743365399   -0.1743365526
 1.000000 6    0.1598944422    0.1598944515
 1.000000 7    0.3222074729    0.3222074807
 1.000000 8   -0.2068523054   -0.2068523020
 1.000000 9    0.0000000000    0.0000000000
 1.000000 10    0.0000000000    0.0000000000
 1.000000 11    0.0000000000    0.0000000000
 1.000000 12    0.0000000000    0.0000000000
 1.000000 13    0.0000000000    0.0000000000
 1.000000 14    0.0000000000    0.0000000000
 1.000000 15    0.0000000000    0.0000000000
 1.000000 16    0.0000000000    0.0000000000
 1.000000 17    0.0000000000    0.0000000000
 1.000000 18    0.0000000000    0.0000000000
 1.000000 19    0.0000000000    0.0000000000
 1.000000 20    0.0000000000    0.0000000000
 1.000000 21    0.0000000000    0.0000000000
 1.000000 22    0.0000000000    0.0000000000
 1.000000 23    0.0000000000    0.0000000000
 1.000000 24    0.0000000000    0.0000000000
 1.000000 25    0.0000000000    0.0000000000
 1.000000 26    0.0000000000    0.0000000000
 1.000000 27    0.0000000000    0.0000000000
 1.000000 28    0.0000000000    0.0000000000
 1.000000 29    0.0000000000    0.0000000000
 1.000000 30    0.0000000000    0.0000000000
 1.000000 31    0.0000000000    0.0000000000
 1.000000 32    0.0000000000    0.0000000000
 1.000000 33    0.0000000000    0.0000000000
 1.000000 34    0.0000000000    0.0000000000
 1.000000 35    0.0000000000    0.0000000000
 1.000000 36   -0.4410214036   -0.4410213828
 1.000000 37    0.0820826463    0.0820826590
 1.000000 38    0.3567448289    0.3567448258
 1.000000 39    0.6550474695    0.6550475210
 1.000000 40   -0.3174593908   -0.3174593896
 1.000000 41    0.1929032528    0.1929032058
 1.000000 42   -0.7731878803   -0.7731878459
 1.000000 43   -0.3388563189   -0.3388563097
 1.000000 44    0.0483439367    0.0483439416
 1.000000 45    0.0000000000             nan
 1.000000 46    0.0000000000             nan
 1.000000 47    0.0000000000             nan
 1.000000 48    0.0000000000             nan
 1.000000 49    0.0000000000             nan
 1.000000 50    0.0000000000             nan
 1.000000 51    0.0000000000             nan
 1.000000 52    0.0000000000             nan
 1.000000 53    0.0000000000             nan
 2.000000 0    0.3298011130    0.3298011124
 2.000000 1    0.3209282467    0.3209282756
 2.000000 2   -0.2648228359   -0.2648228258
 2.000000 3    0.0389676747    0.0389676839
 2.000000 4   -0.1029366345   -0.1029365957
 2.000000 5   -0.1237043714   -0.1237043738
 2.000000 6    0.1671547447    0.1671547592
 2.000000 7    0.3014891501    0.3014891744
 2.000000 8   -0.2769994301   -0.2769994289
 2.000000 9    0.0000000000    0.0000000000
 2.000000 10    0.0000000000    0.0000000000
 2.000000 11    0.0000000000    0.0000000000
 2.000000 12    0.0000000000    0.0000000000
 2.000000 13    0.0000000000    0.0000000000
 2.000000 14    0.0000000000    0.0000000000
 2.000000 15    0.0000000000    0.0000000000
 2.000000 16    0.0000000000    0.0000000000
 2.000000 17    0.0000000000    0.0000000000
 2.000000 18    0.0000000000    0.0000000000
 2.000000 19    0.0000000000    0.0000000000
 2.000000 20    0.0000000000    0.0000000000
 2.000000 21    0.0000000000    0.0000000000
 2.000000 22    0.0000000000    0.0000000000
 2.000000 23    0.0000000000    0.0000000000
 2.000000 24    0.0000000000    0.0000000000
 2.000000 25    0.0000000000    0.0000000000
 2.000000 26    0.0000000000    0.0000000000
 2.000000 27    0.0000000000    0.0000000000
 2.000000 28    0.0000000000    0.0000000000
 2.000000 29    0.0000000000    0.0000000000
 2.000000 30    0.0000000000    0.0000000000
 2.000000 31    0.0000000000    0.0000000000
 2.000000 32    0.0000000000    0.0000000000
 2.000000 33    0.0000000000    0.0000000000
 2.000000 34    0.0000000000    0.0000000000
 2.000000 35    0.0000000000    0.0000000000
 2.000000 36   -0.3165936954   -0.3165936619
 2.000000 37    0.0819998967    0.0819999129
 2.000000 38    0.0530914851    0.0530914813
 2.000000 39    0.3828776076    0.3828776181
 2.000000 40    0.0527743743    0.0527743697
 2.000000 41    0.7502884106    0.7502884418
 2.000000 42   -0.6022074447   -0.6022074372
 2.000000 43   -0.6542550333   -0.6542550176
 2.000000 44   -0.1378532584   -0.1378532052
 2.000000 45    0.0000000000             nan
 2.000000 46    0.0000000000             nan
 2.000000 47    0.0000000000             nan
 2.000000 48    0.0000000000             nan
 2.000000 49    0.0000000000             nan
 2.000000 50    0.0000000000             nan
 2.000000 51    0.0000000000             nan
 2.000000 52    0.0000000000             nan
 2.000000 53    0.0000000000             nan
 3.000000 0    0.1467735241    0.1467735320
 3.000000 1    0.1721906768    0.1721906811
 3.000000 2   -0.3779575033   -0.3779574931
 3.000000 3    0.0069664783    0.0069664866
 3.000000 4    0.2204195453    0.2204195559
 3.000000 5    0.1144460252    0.1144460142
 3.000000 6    0.3942050461    0.3942050487
 3.000000 7    0.1531955392    0.1531955302
 3.000000 8   -0.3704067302   -0.3704067320
 3.000000 9    0.0000000000    0.0000000000
 3.000000 10    0.0000000000    0.0000000000
 3.000000 11    0.0000000000    0.0000000000
 3.000000 12    0.0000000000    0.0000000000
 3.000000 13    0.0000000000    0.0000000000
 3.000000 14    0.0000000000    0.0000000000
 3.000000 15    0.0000000000    0.0000000000
 3.000000 16    0.0000000000    0.0000000000
 3.000000 17    0.0000000000    0.0000000000
 3.000000 18    0.0000000000    0.0000000000
 3.000000 19    0.0000000000    0.0000000000
 3.000000 20    0.0000000000    0.0000000000
 3.000000 21    0.0000000000    0.0000000000
 3.000000 22    0.0000000000    0.0000000000
 3.000000 23    0.0000000000    0.0000000000
 3.000000 24    0.0000000000    0.0000000000
 3.000000 25    0.0000000000    0.0000000000
 3.000000 26    0.0000000000    0.0000000000
 3.000000 27    0.0000000000    0.0000000000
 3.000000 28    0.0000000000    0.0000000000
 3.000000 29    0.0000000000    0.0000000000
 3.000000 30    0.0000000000    0.0000000000
 3.000000 31    0.0000000000    0.0000000000
 3.000000 32    0.0000000000    0.0000000000
 3.000000 33    0.0000000000    0.0000000000
 3.000000 34    0.0000000000    0.0000000000
 3.000000 35    0.0000000000    0.0000000000
 3.000000 36   -0.4639958447   -0.4639958143
 3.000000 37   -0.0502145427   -0.0502145439
 3.000000 38    0.5049977516    0.5049977452
 3.000000 39    0.6425623530    0.6425624192
 3.000000 40   -0.1838046280   -0.1838046312
 3.000000 41   -0.1386985240   -0.1386985779
 3.000000 42   -0.7265115569   -0.7265115231
 3.000000 43   -0.3117865906   -0.3117865920
 3.000000 44    0.2676189806    0.2676189840
 3.000000 45    0.0000000000             nan
 3.000000 46    0.0000000000             nan
 3.000000 47    0.0000000000             nan
 3.000000 48    0.0000000000             nan
 3.000000 49    0.0000000000             nan
 3.000000 50    0.0000000000             nan
 3.000000 51    0.0000000000             nan
 3.000000 52    0.0000000000             nan
 3.000000 53    0.0000000000             nan
 4.000000 0    0.4837520741    0.4837520719
 4.000000 1    0.6063434934    0.6063435078
 4.000000 2    0.0305891659    0.0305891931
 4.000000 3   -0.0740797430   -0.0740797818
 4.000000 4   -0.0960800149   -0.0960800350
 4.000000 5   -0.6882172847   -0.6882172525
 4.000000 6    0.0678199206    0.0678198934
 4.000000 7    0.0386412145    0.0386412144
 4.000000 8   -0.0284511678   -0.0284511447
 4.000000 9    0.0000000000    0.0000000000
 4.000000 10    0.0000000000    0.0000000000
 4.000000 11    0.0000000000    0.0000000000
 4.000000 12    0.0000000000    0.0000000000
 4.000000 13    0.0000000000    0.0000000000
 4.000000 14    0.0000000000    0.0000000000
 4.000000 15    0.0000000000    0.0000000000
 4.000000 16    0.0000000000    0.0000000000
 4.000000 17    0.0000000000    0.0000000000
 4.000000 18    0.0000000000    0.0000000000
 4.000000 19    0.0000000000    0.0000000000
 4.000000 20    0.0000000000    0.0000000000
 4.000000 21    0.0000000000    0.0000000000
 4.000000 22    0.0000000000    0.0000000000
 4.000000 23    0.0000000000    0.0000000000
 4.000000 24    0.0000000000    0.0000000000
 4.000000 25    0.0000000000    0.0000000000
 4.000000 26    0.0000000000    0.0000000000
 4.000000 27    0.0000000000    0.0000000000
 4.000000 28    0.0000000000    0.0000000000
 4.000000 29    0.0000000000    0.0000000000
 4.000000 30    0.0000000000    0.0000000000
 4.000000 31    0.0000000000    0.0000000000
 4.000000 32    0.0000000000    0.0000000000
 4.000000 33    0.0000000000    0.0000000000
 4.000000 34    0.0000000000    0.0000000000
 4.000000 35    0.0000000000    0.0000000000
 4.000000 36   -0.1880747402   -0.1880747080
 4.000000 37    0.2225802426    0.2225802541
 4.000000 38    0.0245213154    0.0245213211
 4.000000 39    0.4651974872    0.4651974738
 4.000000 40   -0.2206830067   -0.2206830084
 4.000000 41    0.9358740661    0.9358741045
 4.000000 42   -0.7546149988   -0.7546149790
 4.000000 43   -0.5508019288   -0.5508019030
 4.000000 44   -0.2743160949   -0.2743160725
 4.000000 45    0.0000000000             nan
 4.000000 46    0.0000000000             nan
 4.000000 47    0.0000000000             nan
 4.000000 48    0.0000000000             nan
 4.000000 49    0.0000000000             nan
 4.000000 50    0.0000000000             nan
 4.000000 51    0.0000000000             nan
 4.000000 52    0.0000000000             nan
 4.000000 53    0.0000000000             nan
 5.000000 0    0.2855342200    0.2855342180
 5.000000 1    0.2444553793    0.2444554120
 5.000000 2   -0.3366487315   -0.3366487175
 5.000000 3   -0.0217587841   -0.0217587650
 5.000000 4    0.0111025389    0.0111025721
 5.000000 5   -0.0374695678   -0.0374695659
 5.000000 6    0.2789091532    0.2789091766
 5.000000 7    0.2769938120    0.2769938111
 5.000000 8   -0.2754062125   -0.2754062116
 5.000000 9    0.0000000000    0.0000000000
 5.000000 10    0.0000000000    0.0000000000
 5.000000 11    0.0000000000    0.0000000000
 5.000000 12    0.0000000000    0.0000000000
 5.000000 13    0.0000000000    0.0000000000
 5.000000 14    0.0000000000    0.0000000000
 5.000000 15    0.0000000000    0.0000000000
 5.000000 16    0.0000000000    0.0000000000
 5.000000 17    0.0000000000    0.0000000000
 5.000000 18    0.0000000000    0.0000000000
 5.000000 19    0.0000000000    0.0000000000
 5.000000 20    0.0000000000    0.0000000000
 5.000000 21    0.0000000000    0.0000000000
 5.000000 22    0.0000000000    0.0000000000
 5.000000 23    0.0000000000    0.0000000000
 5.000000 24    0.0000000000    0.0000000000
 5.000000 25    0.0000000000    0.0000000000
 5.000000 26    0.0000000000    0.0000000000
 5.000000 27    0.0000000000    0.0000000000
 5.000000 28    0.0000000000    0.0000000000
 5.000000 29    0.0000000000    0.0000000000
 5.000000 30    0.0000000000    0.0000000000
 5.000000 31    0.0000000000    0.0000000000
 5.000000 32    0.0000000000    0.0000000000
 5.000000 33    0.0000000000    0.0000000000
 5.000000 34    0.0000000000    0.0000000000
 5.000000 35    0.0000000000    0.0000000000
 5.000000 36   -0.4175043148   -0.4175042808
 5.000000 37    0.1117220461    0.1117220819
 5.000000 38    0.3639268359    0.3639268428
 5.000000 39    0.6159846969    0.6159847230
 5.000000 40   -0.3225233176   -0.3225232959
 5.000000 41    0.1960637735    0.1960637420
 5.000000 42   -0.7411649712   -0.7411649078
 5.000000 43   -0.3217504587   -0.3217504472
 5.000000 44    0.0895339024    0.0895339102
 5.000000 45    0.0000000000             nan
 5.000000 46    0.0000000000             nan
 5.000000 47    0.0000000000             nan
 5.000000 48    0.0000000000             nan
 5.000000 49    0.0000000000             nan
 5.000000 50    0.0000000000             nan
 5.000000 51    0.0000000000             nan
 5.000000 52    0.0000000000             nan
 5.000000 53    0.0000000000             nan
 6.000000 0    0.2535937541    0.2535937726
 6.000000 1    0.2376165906    0.2376166135
 6.000000 2   -0.3338236749   -0.3338236660
 6.000000 3   -0.0077172659   -0.0077172518
 6.000000 4    0.0374272278    0.0374272615
 6.000000 5   -0.0041088590   -0.0041088760
 6.000000 6    0.2808178316    0.2808178514
 6.000000 7    0.2716523487    0.2716523558
 6.000000 8   -0.3130024815   -0.3130024821
 6.000000 9    0.0000000000    0.0000000000
 6.000000 10    0.0000000000    0.0000000000
 6.000000 11    0.0000000000    0.0000000000
 6.000000 12    0.0000000000    0.0000000000
 6.000000 13    0.0000000000    0.0000000000
 6.000000 14    0.0000000000    0.0000000000
 6.000000 15    0.0000000000    0.0000000000
 6.000000 16    0.0000000000    0.0000000000
 6.000000 17    0.0000000000    0.0000000000
 6.000000 18    0.0000000000    0.0000000000
 6.000000 19    0.0000000000    0.0000000000
 6.000000 20    0.0000000000    0.0000000000
 6.000000 21    0.0000000000    0.0000000000
 6.000000 22    0.0000000000    0.0000000000
 6.000000 23    0.0000000000    0.0000000000
 6.000000 24    0.0000000000    0.0000000000
 6.000000 25    0.0000000000    0.0000000000
 6.000000 26    0.0000000000    0.0000000000
 6.000000 27    0.0000000000    0.0000000000
 6.000000 28    0.0000000000    0.0000000000
 6.000000 29    0.0000000000    0.0000000000
 6.000000 30    0.0000000000    0.0000000000
 6.000000 31    0.0000000000    0.0000000000
 6.000000 32    0.0000000000    0.0000000000
 6.000000 33    0.0000000000    0.0000000000
 6.000000 34    0.0000000000    0.0000000000
 6.000000 35    0.0000000000    0.0000000000
 6.000000 36   -0.5359437655   -0.5359437466
 6.000000 37   -0.1076261336   -0.1076261252
 6.000000 38    0.5605291563    0.5605291575
 6.000000 39    0.7388302152    0.7388303429
 6.000000 40   -0.0659206627   -0.0659206659
 6.000000 41   -0.2368215470   -0.2368216068
 6.000000 42   -0.7295807695   -0.7295807153
 6.000000 43   -0.3731493707   -0.3731493503
 6.000000 44    0.3272274062    0.3272273988
 6.000000 45    0.0000000000             nan
 6.000000 46    0.0000000000             nan
 6.000000 47    0.0000000000             nan
 6.000000 48    0.0000000000             nan
 6.000000 49    0.0000000000             nan
 6.000000 50    0.0000000000             nan
 6.000000 51    0.0000000000             nan
 6.000000 52    0.0000000000             nan
 6.000000 53    0.0000000000             nan
 7.000000 0    0.3537974026    0.3537974060
 7.000000 1    0.3341190162    0.3341190368
 7.000000 2   -0.2376250358   -0.2376250327
 7.000000 3    0.0302445167    0.0302445292
 7.000000 4   -0.1112360359   -0.1112360209
 7.000000 5   -0.1332344184   -0.1332344413
 7.000000 6    0.1794040567    0.1794040650
 7.000000 7    0.3174124777    0.3174124658
 7.000000 8   -0.2541281058   -0.2541281134
 7.000000 9    0.0000000000    0.0000000000
 7.000000 10    0.0000000000    0.0000000000
 7.000000 11    0.0000000000    0.0000000000
 7.000000 12    0.0000000000    0.0000000000
 7.000000 13    0.0000000000    0.0000000000
 7.000000 14    0.0000000000    0.0000000000
 7.000000 15    0.0000000000    0.0000000000
 7.000000 16    0.0000000000    0.0000000000
 7.000000 17    0.0000000000    0.0000000000
 7.000000 18    0.0000000000    0.0000000000
 7.000000 19    0.0000000000    0.0000000000
 7.000000 20    0.0000000000    0.0000000000
 7.000000 21    0.0000000000    0.0000000000
 7.000000 22    0.0000000000    0.0000000000
 7.000000 23    0.0000000000    0.0000000000
 7.000000 24    0.0000000000    0.0000000000
 7.000000 25    0.0000000000    0.0000000000
 7.000000 26    0.0000000000    0.0000000000
 7.000000 27    0.0000000000    0.0000000000
 7.000000 28    0.0000000000    0.0000000000
 7.000000 29    0.0000000000    0.0000000000
 7.000000 30    0.0000000000    0.0000000000
 7.000000 31    0.0000000000    0.0000000000
 7.000000 32    0.0000000000    0.0000000000
 7.000000 33    0.0000000000    0.0000000000
 7.000000 34    0.0000000000    0.0000000000
 7.000000 35    0.0000000000    0.0000000000
 7.000000 36   -0.2116063432   -0.2116063386
 7.000000 37    0.1327060965    0.1327061057
 7.000000 38    0.0598638237    0.0598638356
 7.000000 39    0.3263254478    0.3263254464
 7.000000 40   -0.1735226034   -0.1735226214
 7.000000 41    0.7608397154    0.7608397454
 7.000000 42   -0.6781650806   -0.6781650633
 7.000000 43   -0.4994789512   -0.4994789511
 7.000000 44   -0.1957159791   -0.1957159638
 7.000000 45    0.0000000000             nan
 7.000000 46    0.0000000000             nan
 7.000000 47    0.0000000000             nan
 7.000000 48    0.0000000000             nan
 7.000000 49    0.0000000000             nan
 7.000000 50    0.0000000000             nan
 7.000000 51    0.0000000000             nan
 7.000000 52    0.0000000000             nan
 7.000000 53    0.0000000000             nan
 8.000000 0    0.3399942563    0.3399942517
 8.000000 1    0.3549455460    0.3549455553
 8.000000 2   -0.2674654414   -0.2674654424
 8.000000 3    0.0091783510    0.0091783553
 8.000000 4   -0.0949972412   -0.0949972272
 8.000000 5   -0.1763150865   -0.1763150990
 8.000000 6    0.1527162817    0.1527162790
 8.000000 7    0.3144050466    0.3144050390
 8.000000 8   -0.2029232457   -0.2029232532
 8.000000 9    0.0000000000    0.0000000000
 8.000000 10    0.0000000000    0.0000000000
 8.000000 11    0.0000000000    0.0000000000
 8.000000 12    0.0000000000    0.0000000000
 8.000000 13    0.0000000000    0.0000000000
 8.000000 14    0.0000000000    0.0000000000
 8.000000 15    0.0000000000    0.0000000000
 8.000000 16    0.0000000000    0.0000000000
 8.000000 17    0.0000000000    0.0000000000
 8.000000 18    0.0000000000    0.0000000000
 8.000000 19    0.0000000000    0.0000000000
 8.000000 20    0.0000000000    0.0000000000
 8.000000 21    0.0000000000    0.0000000000
 8.000000 22    0.0000000000    0.0000000000
 8.000000 23    0.0000000000    0.0000000000
 8.000000 24    0.0000000000    0.0000000000
 8.000000 25    0.0000000000    0.0000000000
 8.000000 26    0.0000000000    0.0000000000
 8.000000 27    0.0000000000    0.0000000000
 8.000000 28    0.0000000000    0.0000000000
 8.000000 29    0.0000000000    0.0000000000
 8.000000 30    0.0000000000    0.0000000000
 8.000000 31    0.0000000000    0.0000000000
 8.000000 32    0.0000000000    0.0000000000
 8.000000 33    0.0000000000    0.0000000000
 8.000000 34    0.0000000000    0.0000000000
 8.000000 35    0.0000000000    0.0000000000
 8.000000 36   -0.3624168167   -0.3624168038
 8.000000 37    0.0456679772    0.0456679910
 8.000000 38    0.4112521477    0.4112521410
 8.000000 39    0.5567885828    0.5567886233
 8.000000 40   -0.3124880355   -0.3124880344
 8.000000 41    0.0701162252    0.0701161921
 8.000000 42   -0.6962606551   -0.6962606162
 8.000000 43   -0.3075332931   -0.3075332940
 8.000000 44    0.1653354008    0.1653353721
 8.000000 45    0.0000000000             nan
 8.000000 46    0.0000000000             nan
 8.000000 47    0.0000000000             nan
 8.000000 48    0.0000000000             nan
 8.000000 49    0.0000000000             nan
 8.000000 50    0.0000000000             nan
 8.000000 51    0.0000000000             nan
 8.000000 52    0.0000000000             nan
 8.000000 53    0.0000000000             nan
 9.000000 0    0.3256634351    0.3256634474
 9.000000 1    0.3065074744    0.3065074831
 9.000000 2   -0.2468755735   -0.2468755692
 9.000000 3    0.0127949001    0.0127948970
 9.000000 4   -0.0277519483   -0.0277519375
 9.000000 5   -0.1598967155   -0.1598967165
 9.000000 6    0.1778478339    0.1778478324
 9.000000 7    0.3245514489    0.3245514631
 9.000000 8   -0.2010505747   -0.2010505944
 9.000000 9    0.0000000000    0.0000000000
 9.000000 10    0.0000000000    0.0000000000
 9.000000 11    0.0000000000    0.0000000000
 9.000000 12    0.0000000000    0.0000000000
 9.000000 13    0.0000000000    0.0000000000
 9.000000 14    0.0000000000    0.0000000000
 9.000000 15    0.0000000000    0.0000000000
 9.000000 16    0.0000000000    0.0000000000
 9.000000 17    0.0000000000    0.0000000000
 9.000000 18    0.0000000000    0.0000000000
 9.000000 19    0.0000000000    0.0000000000
 9.000000 20    0.0000000000    0.0000000000
 9.000000 21    0.0000000000    0.0000000000
 9.000000 22    0.0000000000    0.0000000000
 9.000000 23    0.0000000000    0.0000000000
 9.000000 24    0.0000000000    0.0000000000
 9.000000 25    0.0000000000    0.0000000000
 9.000000 26    0.0000000000    0.0000000000
 9.000000 27    0.0000000000    0.0000000000
 9.000000 28    0.0000000000    0.0000000000
 9.000000 29    0.0000000000    0.0000000000
 9.000000 30    0.0000000000    0.0000000000
 9.000000 31    0.0000000000    0.0000000000
 9.000000 32    0.0000000000    0.0000000000
 9.000000 33    0.0000000000    0.0000000000
 9.000000 34    0.0000000000    0.0000000000
 9.000000 35    0.0000000000    0.0000000000
 9.000000 36   -0.4131766848   -0.4131766558
 9.000000 37   -0.0193164486   -0.0193164498
 9.000000 38    0.4206062503    0.4206062257
 9.000000 39    0.5981411546    0.5981411934
 9.000000 40   -0.2346296015   -0.2346295863
 9.000000 41    0.0237819697    0.0237819254
 9.000000 42   -0.7012706388   -0.7012706250
 9.000000 43   -0.3493609249   -0.3493609428
 9.000000 44    0.1634346438    0.1634346396
 9.000000 45    0.0000000000             nan
 9.000000 46    0.0000000000             nan
 9.000000 47    0.0000000000             nan
 9.000000 48    0.0000000000             nan
 9.000000 49    0.0000000000             nan
 9.000000 50    0.0000000000             nan
 9.000000 51    0.0000000000             nan
 9.000000 52    0.0000000000             nan
 9.000000 53    0.0000000000             nan
 10.000000 0    0.3430765499    0.3430765569
 10.000000 1    0.2778978154    0.2778978348
 10.000000 2   -0.2588831008   -0.2588831037
 10.000000 3    0.0132070938    0.0132070780
 10.000000 4   -0.0443292456   -0.0443292409
 10.000000 5   -0.1811333892   -0.1811334044
 10.000000 6    0.1731526179    0.1731526256
 10.000000 7    0.3050593570    0.3050593585
 10.000000 8   -0.2154049022   -0.2154049128
 10.000000 9    0.0000000000    0.0000000000
 10.000000 10    0.0000000000    0.0000000000
 10.000000 11    0.0000000000    0.0000000000
 10.000000 12    0.0000000000    0.0000000000
 10.000000 13    0.0000000000    0.0000000000
 10.000000 14    0.0000000000    0.0000000000
 10.000000 15    0.0000000000    0.0000000000
 10.000000 16    0.0000000000    0.0000000000
 10.000000 17    0.0000000000    0.0000000000
 10.000000 18    0.0000000000    0.0000000000
 10.000000 19    0.0000000000    0.0000000000
 10.000000 20    0.0000000000    0.0000000000
 10.000000 21    0.0000000000    0.0000000000
 10.000000 22    0.0000000000    0.0000000000
 10.000000 23    0.0000000000    0.0000000000
 10.000000 24    0.0000000000    0.0000000000
 10.000000 25    0.0000000000    0.0000000000
 10.000000 26    0.0000000000    0.0000000000
 10.000000 27    0.0000000000    0.0000000000
 10.000000 28    0.0000000000    0.0000000000
 10.000000 29    0.0000000000    0.0000000000
 10.000000 30    0.0000000000    0.0000000000
 10.000000 31    0.0000000000    0.0000000000
 10.000000 32    0.0000000000    0.0000000000
 10.000000 33    0.0000000000    0.0000000000
 10.000000 34    0.0000000000    0.0000000000
 10.000000 35    0.0000000000    0.0000000000
 10.000000 36   -0.2518080565   -0.2518080622
 10.000000 37    0.0272121981    0.0272122175
 10.000000 38    0.1415587782    0.1415587664
 10.000000 39    0.3552736924    0.3552736938
 10.000000 40   -0.0826519058   -0.0826519132
 10.000000 41    0.5329618193    0.5329618156
 10.000000 42   -0.6329018975   -0.6329019070
 10.000000 43   -0.4831882192   -0.4831882119
 10.000000 44   -0.0190992053   -0.0190991908
 10.000000 45    0.0000000000             nan
 10.000000 46    0.0000000000             nan
 10.000000 47    0.0000000000             nan
 10.000000 48    0.0000000000             nan
 10.000000 49    0.0000000000             nan
 10.000000 50    0.0000000000             nan
 10.000000 51    0.0000000000             nan
 10.000000 52    0.0000000000             nan
 10.000000 53    0.0000000000             nan
 11.000000 0    0.3449721682    0.3449721932
 11.000000 1    0.3570966447    0.3570966721
 11.000000 2   -0.2526253692   -0.2526253462
 11.000000 3    0.0740350066    0.0740350187
 11.000000 4   -0.1692511787   -0.1692511141
 11.000000 5   -0.0876095326   -0.0876095295
 11.000000 6    0.1624664215    0.1624664366
 11.000000 7    0.2933592364    0.2933592498
 11.000000 8   -0.3157608995   -0.3157608807
 11.000000 9    0.0000000000    0.0000000000
 11.000000 10    0.0000000000    0.0000000000
 11.000000 11    0.0000000000    0.0000000000
 11.000000 12    0.0000000000    0.0000000000
 11.000000 13    0.0000000000    0.0000000000
 11.000000 14    0.0000000000    0.0000000000
 11.000000 15    0.0000000000    0.0000000000
 11.000000 16    0.0000000000    0.0000000000
 11.000000 17    0.0000000000    0.0000000000
 11.000000 18    0.0000000000    0.0000000000
 11.000000 19    0.0000000000    0.0000000000
 11.000000 20    0.0000000000    0.0000000000
 11.000000 21    0.0000000000    0.0000000000
 11.000000 22    0.0000000000    0.0000000000
 11.000000 23    0.0000000000    0.0000000000
 11.000000 24    0.0000000000    0.0000000000
 11.000000 25    0.0000000000    0.0000000000
 11.000000 26    0.0000000000    0.0000000000
 11.000000 27    0.0000000000    0.0000000000
 11.000000 28    0.0000000000    0.0000000000
 11.000000 29    0.0000000000    0.0000000000
 11.000000 30    0.0000000000    0.0000000000
 11.000000 31    0.0000000000    0.0000000000
 11.000000 32    0.0000000000    0.0000000000
 11.000000 33    0.0000000000    0.0000000000
 11.000000 34    0.0000000000    0.0000000000
 11.000000 35    0.0000000000    0.0000000000
 11.000000 36   -0.3303183096   -0.3303183019
 11.000000 37    0.3517692994    0.3517693579
 11.000000 38   -0.1910142777   -0.1910142303
 11.000000 39    0.6184011666    0.6184011102
 11.000000 40   -0.0606172538   -0.0606172681
 11.000000 41    1.4981703892    1.4981705546
 11.000000 42   -0.8695564533   -0.8695564270
 11.000000 43   -0.7723567480   -0.7723567486
 11.000000 44   -0.6511603103   -0.6511602402
 11.000000 45    0.0000000000             nan
 11.000000 46    0.0000000000             nan
 11.000000 47    0.0000000000             nan
 11.000000 48    0.0000000000             nan
 11.000000 49    0.0000000000             nan
 11.000000 50    0.0000000000             nan
 11.000000 51    0.0000000000             nan
 11.000000 52    0.0000000000             nan
 11.000000 53    0.0000000000             nan
 12.000000 0    0.2210455045    0.2210455090
 12.000000 1    0.2493634683    0.2493634820
 12.000000 2   -0.3157491049   -0.3157490939
 12.000000 3    0.0058788815    0.0058788955
 12.000000 4    0.0885535515    0.0885535777
 12.000000 5    0.0085769014    0.0085768998
 12.000000 6    0.2942387198    0.2942387313
 12.000000 7    0.2668209758    0.2668209821
 12.000000 8   -0.2950577973   -0.2950578034
 12.000000 9    0.0000000000    0.0000000000
 12.000000 10    0.0000000000    0.0000000000
 12.000000 11    0.0000000000    0.0000000000
 12.000000 12    0.0000000000    0.0000000000
 12.000000 13    0.0000000000    0.0000000000
 12.000000 14    0.0000000000    0.0000000000
 12.000000 15    0.0000000000    0.0000000000
 12.000000 16    0.0000000000    0.0000000000
 12.000000 17    0.0000000000    0.0000000000
 12.000000 18    0.0000000000    0.0000000000
 12.000000 19    0.0000000000    0.0000000000
 12.000000 20    0.0000000000    0.0000000000
 12.000000 21    0.0000000000    0.0000000000
 12.000000 22    0.0000000000    0.0000000000
 12.000000 23    0.0000000000    0.0000000000
 12.000000 24    0.0000000000    0.0000000000
 12.000000 25    0.0000000000    0.0000000000
 12.000000 26    0.0000000000    0.0000000000
 12.000000 27    0.0000000000    0.0000000000
 12.000000 28    0.0000000000    0.0000000000
 12.000000 29    0.0000000000    0.0000000000
 12.000000 30    0.0000000000    0.0000000000
 12.000000 31    0.0000000000    0.0000000000
 12.000000 32    0.0000000000    0.0000000000
 12.000000 33    0.0000000000    0.0000000000
 12.000000 34    0.0000000000    0.0000000000
 12.000000 35    0.0000000000    0.0000000000
 12.000000 36   -0.4606290009   -0.4606289715
 12.000000 37   -0.2946852737   -0.2946852744
 12.000000 38    0.5962067875    0.5962067693
 12.000000 39    0.5710070149    0.5710071027
 12.000000 40    0.0831117003    0.0831116736
 12.000000 41   -0.4191362595   -0.4191363305
 12.000000 42   -0.6315411198   -0.6315410882
 12.000000 43   -0.3931644223   -0.3931644261
 12.000000 44    0.4251594726    0.4251594543
 12.000000 45    0.0000000000             nan
 12.000000 46    0.0000000000             nan
 12.000000 47    0.0000000000             nan
 12.000000 48    0.0000000000             nan
 12.000000 49    0.0000000000             nan
 12.000000 50    0.0000000000             nan
 12.000000 51    0.0000000000             nan
 12.000000 52    0.0000000000             nan
 12.000000 53    0.0000000000             nan
 13.000000 0    0.3064637689    0.3064637631
 13.000000 1    0.2761467981    0.2761468142
 13.000000 2   -0.3245239928   -0.3245239854
 13.000000 3   -0.0206424595   -0.0206424445
 13.000000 4   -0.0268204572   -0.0268204361
 13.000000 5   -0.0690249499   -0.0690249503
 13.000000 6    0.2500791669    0.2500791848
 13.000000 7    0.2934552582    0.2934552580
 13.000000 8   -0.2531339898   -0.2531339973
 13.000000 9    0.0000000000    0.0000000000
 13.000000 10    0.0000000000    0.0000000000
 13.000000 11    0.0000000000    0.0000000000
 13.000000 12    0.0000000000    0.0000000000
 13.000000 13    0.0000000000    0.0000000000
 13.000000 14    0.0000000000    0.0000000000
 13.000000 15    0.0000000000    0.0000000000
 13.000000 16    0.0000000000    0.0000000000
 13.000000 17    0.0000000000    0.0000000000
 13.000000 18    0.0000000000    0.0000000000
 13.000000 19    0.0000000000    0.0000000000
 13.000000 20    0.0000000000    0.0000000000
 13.000000 21    0.0000000000    0.0000000000
 13.000000 22    0.0000000000    0.0000000000
 13.000000 23    0.0000000000    0.0000000000
 13.000000 24    0.0000000000    0.0000000000
 13.000000 25    0.0000000000    0.0000000000
 13.000000 26    0.0000000000    0.0000000000
 13.000000 27    0.0000000000    0.0000000000
 13.000000 28    0.0000000000    0.0000000000
 13.000000 29    0.0000000000    0.0000000000
 13.000000 30    0.0000000000    0.0000000000
 13.000000 31    0.0000000000    0.0000000000
 13.000000 32    0.0000000000    0.0000000000
 13.000000 33    0.0000000000    0.0000000000
 13.000000 34    0.0000000000    0.0000000000
 13.000000 35    0.0000000000    0.0000000000
 13.000000 36   -0.4199638622   -0.4199638516
 13.000000 37    0.1196268281    0.1196268350
 13.000000 38    0.3500710222    0.3500710130
 13.000000 39    0.6263555213    0.6263555586
 13.000000 40   -0.3236948483   -0.3236948401
 13.000000 41    0.2305765258    0.2305764854
 13.000000 42   -0.7422921355   -0.7422921211
 13.000000 43   -0.3387135789   -0.3387135565
 13.000000 44    0.0660353845    0.0660353899
 13.000000 45    0.0000000000             nan
 13.000000 46    0.0000000000             nan
 13.000000 47    0.0000000000             nan
 13.000000 48    0.0000000000             nan
 13.000000 49    0.0000000000             nan
 13.000000 50    0.0000000000             nan
 13.000000 51    0.0000000000             nan
 13.000000 52    0.0000000000             nan
 13.000000 53    0.0000000000             nan
 14.000000 0    0.3028158321    0.3028158396
 14.000000 1    0.3256985066    0.3256985247
 14.000000 2   -0.2917375112   -0.2917375118
 14.000000 3    0.0219263730    0.0219263732
 14.000000 4   -0.0873538765   -0.0873538405
 14.000000 5   -0.0276809579   -0.0276809633
 14.000000 6    0.2209009345    0.2209009379
 14.000000 7    0.3007636054    0.3007636219
 14.000000 8   -0.3221700864   -0.3221700788
 14.000000 9    0.0000000000    0.0000000000
 14.000000 10    0.0000000000    0.0000000000
 14.000000 11    0.0000000000    0.0000000000
 14.000000 12    0.0000000000    0.0000000000
 14.000000 13    0.0000000000    0.0000000000
 14.000000 14    0.0000000000    0.0000000000
 14.000000 15    0.0000000000    0.0000000000
 14.000000 16    0.0000000000    0.0000000000
 14.000000 17    0.0000000000    0.0000000000
 14.000000 18    0.0000000000    0.0000000000
 14.000000 19    0.0000000000    0.0000000000
 14.000000 20    0.0000000000    0.0000000000
 14.000000 21    0.0000000000    0.0000000000
 14.000000 22    0.0000000000    0.0000000000
 14.000000 23    0.0000000000    0.0000000000
 14.000000 24    0.0000000000    0.0000000000
 14.000000 25    0.0000000000    0.0000000000
 14.000000 26    0.0000000000    0.0000000000
 14.000000 27    0.0000000000    0.0000000000
 14.000000 28    0.0000000000    0.0000000000
 14.000000 29    0.0000000000    0.0000000000
 14.000000 30    0.0000000000    0.0000000000
 14.000000 31    0.0000000000    0.0000000000
 14.000000 32    0.0000000000    0.0000000000
 14.000000 33    0.0000000000    0.0000000000
 14.000000 34    0.0000000000    0.0000000000
 14.000000 35    0.0000000000    0.0000000000
 14.000000 36   -0.2777324213   -0.2777324319
 14.000000 37    0.0202008366    0.0202008188
 14.000000 38    0.0929306512    0.0929306448
 14.000000 39    0.2953707302    0.2953707129
 14.000000 40    0.0256117695    0.0256117582
 14.000000 41    0.6149044414    0.6149044633
 14.000000 42   -0.5632814485   -0.5632814616
 14.000000 43   -0.5849208416   -0.5849208385
 14.000000 44   -0.0662465371   -0.0662465394
 14.000000 45    0.0000000000             nan
 14.000000 46    0.0000000000             nan
 14.000000 47    0.0000000000             nan
 14.000000 48    0.0000000000             nan
 14.000000 49    0.0000000000             nan
 14.000000 50    0.0000000000             nan
 14.000000 51    0.0000000000             nan
 14.000000 52    0.0000000000             nan
 14.000000 53    0.0000000000             nan
 15.000000 0    0.3542212541    0.3542212546
 15.000000 1    0.2367181122    0.2367181331
 15.000000 2   -0.2598021769   -0.2598021775
 15.000000 3    0.0125821674    0.0125821680
 15.000000 4   -0.0168081188   -0.0168080926
 15.000000 5   -0.1755878515   -0.1755878627
 15.000000 6    0.2090799084    0.2090799063
 15.000000 7    0.2905776455    0.2905776501
 15.000000 8   -0.2031714494   -0.2031714618
 15.000000 9    0.0000000000    0.0000000000
 15.000000 10    0.0000000000    0.0000000000
 15.000000 11    0.0000000000    0.0000000000
 15.000000 12    0.0000000000    0.0000000000
 15.000000 13    0.0000000000    0.0000000000
 15.000000 14    0.0000000000    0.0000000000
 15.000000 15    0.0000000000    0.0000000000
 15.000000 16    0.0000000000    0.0000000000
 15.000000 17    0.0000000000    0.0000000000
 15.000000 18    0.0000000000    0.0000000000
 15.000000 19    0.0000000000    0.0000000000
 15.000000 20    0.0000000000    0.0000000000
 15.000000 21    0.0000000000    0.0000000000
 15.000000 22    0.0000000000    0.0000000000
 15.000000 23    0.0000000000    0.0000000000
 15.000000 24    0.0000000000    0.0000000000
 15.000000 25    0.0000000000    0.0000000000
 15.000000 26    0.0000000000    0.0000000000
 15.000000 27    0.0000000000    0.0000000000
 15.000000 28    0.0000000000    0.0000000000
 15.000000 29    0.0000000000    0.0000000000
 15.000000 30    0.0000000000    0.0000000000
 15.000000 31    0.0000000000    0.0000000000
 15.000000 32    0.0000000000    0.0000000000
 15.000000 33    0.0000000000    0.0000000000
 15.000000 34    0.0000000000    0.0000000000
 15.000000 35    0.0000000000    0.0000000000
 15.000000 36   -0.1861911163   -0.1861910969
 15.000000 37    0.1427471514    0.1427471936
 15.000000 38    0.0377683894    0.0377683938
 15.000000 39    0.2987942898    0.2987942845
 15.000000 40   -0.1457155291   -0.1457155347
 15.000000 41    0.8153489437    0.8153490126
 15.000000 42   -0.6884865034   -0.6884864867
 15.000000 43   -0.5075192612   -0.5075192451
 15.000000 44   -0.2145558554   -0.2145558149
 15.000000 45    0.0000000000             nan
 15.000000 46    0.0000000000             nan
 15.000000 47    0.0000000000             nan
 15.000000 48    0.0000000000             nan
 15.000000 49    0.0000000000             nan
 15.000000 50    0.0000000000             nan
 15.000000 51    0.0000000000             nan
 15.000000 52    0.0000000000             nan
 15.000000 53    0.0000000000             nan
 16.000000 0    0.2852988529    0.2852988392
 16.000000 1    0.2510423432    0.2510423511
 16.000000 2   -0.2943368069   -0.2943368107
 16.000000 3    0.0030739013    0.0030739158
 16.000000 4    0.0233877787    0.0233878046
 16.000000 5   -0.0594146196   -0.0594146401
 16.000000 6    0.2615092091    0.2615092099
 16.000000 7    0.2812485332    0.2812485248
 16.000000 8   -0.2698278055   -0.2698278129
 16.000000 9    0.0000000000    0.0000000000
 16.000000 10    0.0000000000    0.0000000000
 16.000000 11    0.0000000000    0.0000000000
 16.000000 12    0.0000000000    0.0000000000
 16.000000 13    0.0000000000    0.0000000000
 16.000000 14    0.0000000000    0.0000000000
 16.000000 15    0.0000000000    0.0000000000
 16.000000 16    0.0000000000    0.0000000000
 16.000000 17    0.0000000000    0.0000000000
 16.000000 18    0.0000000000    0.0000000000
 16.000000 19    0.0000000000    0.0000000000
 16.000000 20    0.0000000000    0.0000000000
 16.000000 21    0.0000000000    0.0000000000
 16.000000 22    0.0000000000    0.0000000000
 16.000000 23    0.0000000000    0.0000000000
 16.000000 24    0.0000000000    0.0000000000
 16.000000 25    0.0000000000    0.0000000000
 16.000000 26    0.0000000000    0.0000000000
 16.000000 27    0.0000000000    0.0000000000
 16.000000 28    0.0000000000    0.0000000000
 16.000000 29    0.0000000000    0.0000000000
 16.000000 30    0.0000000000    0.0000000000
 16.000000 31    0.0000000000    0.0000000000
 16.000000 32    0.0000000000    0.0000000000
 16.000000 33    0.0000000000    0.0000000000
 16.000000 34    0.0000000000    0.0000000000
 16.000000 35    0.0000000000    0.0000000000
 16.000000 36   -0.4728107352   -0.4728107154
 16.000000 37   -0.2015329276   -0.2015329301
 16.000000 38    0.5256803833    0.5256803632
 16.000000 39    0.5455108545    0.5455109328
 16.000000 40    0.0056233152    0.0056233257
 16.000000 41   -0.2562433283   -0.2562433779
 16.000000 42   -0.6225820826   -0.6225820482
 16.000000 43   -0.3597690428   -0.3597690314
 16.000000 44    0.3541421771    0.3541421741
 16.000000 45    0.0000000000             nan
 16.000000 46    0.0000000000             nan
 16.000000 47    0.0000000000             nan
 16.000000 48    0.0000000000             nan
 16.000000 49    0.0000000000             nan
 16.000000 50    0.0000000000             nan
 16.000000 51    0.0000000000             nan
 16.000000 52    0.0000000000             nan
 16.000000 53    0.0000000000             nan
