#! FIELDS time parameter len_b1 len_b1_N
 0.000000 0   -0.2497173135   -0.2497173101
 0.000000 1   -0.1935383007   -0.1935383081
 0.000000 2   -0.3722848152   -0.3722848296
 0.000000 3   -0.0498657691   -0.0498657525
 0.000000 4   -0.0657857311   -0.0657857507
 0.000000 5   -0.0028073949   -0.0028074235
 0.000000 6   -0.2807821511   -0.2807821631
 0.000000 7   -0.1294593093   -0.1294593215
 0.000000 8   -0.3404661098   -0.3404661268
 0.000000 9    0.0000000000    0.0000000000
 0.000000 10    0.0000000000    0.0000000000
 0.000000 11    0.0000000000    0.0000000000
 0.000000 12    0.0000000000    0.0000000000
 0.000000 13    0.0000000000    0.0000000000
 0.000000 14    0.0000000000    0.0000000000
 0.000000 15    0.0000000000    0.0000000000
 0.000000 16    0.0000000000    0.0000000000
 0.000000 17    0.0000000000    0.0000000000
 0.000000 18    0.0000000000    0.0000000000
 0.000000 19    0.0000000000    0.0000000000
 0.000000 20    0.0000000000    0.0000000000
 0.000000 21    0.0000000000    0.0000000000
 0.000000 22    0.0000000000    0.0000000000
 0.000000 23    0.0000000000    0.0000000000
 0.000000 24    0.0000000000    0.0000000000
 0.000000 25    0.0000000000    0.0000000000
 0.000000 26    0.0000000000    0.0000000000
 0.000000 27    0.0000000000    0.0000000000
 0.000000 28    0.0000000000    0.0000000000
 0.000000 29    0.0000000000    0.0000000000
 0.000000 30    0.2579677331    0.2579677105
 0.000000 31    0.2368552186    0.2368552089
 0.000000 32    0.3908742153    0.3908741772
 0.000000 33    0.0936021373    0.0936021358
 0.000000 34    0.0104085765    0.0104085505
 0.000000 35   -0.0410364698   -0.0410364866
 0.000000 36    0.2287953633    0.2287953645
 0.000000 37    0.1415195461    0.1415195316
 0.000000 38    0.3657205744    0.3657205552
 0.000000 39    0.0000000000             nan
 0.000000 40    0.0000000000             nan
 0.000000 41    0.0000000000             nan
 0.000000 42    0.0000000000             nan
 0.000000 43    0.0000000000             nan
 0.000000 44    0.0000000000             nan
 0.000000 45    0.0000000000             nan
 0.000000 46    0.0000000000             nan
 0.000000 47    0.0000000000             nan
 1.000000 0   -0.2328735532   -0.2328735739
 1.000000 1   -0.0855748293   -0.0855748504
 1.000000 2   -0.4913140662   -0.4913140535
 1.000000 3    0.0615885753    0.0615885556
 1.000000 4   -0.1518353672   -0.1518353671
 1.000000 5    0.0616326831    0.0616326779
 1.000000 6   -0.3384246078   -0.3384245932
 1.000000 7   -0.0939540025   -0.0939540267
 1.000000 8   -0.3642921089   -0.3642921150
 1.000000 9    0.0000000000    0.0000000000
 1.000000 10    0.0000000000    0.0000000000
 1.000000 11    0.0000000000    0.0000000000
 1.000000 12    0.0000000000    0.0000000000
 1.000000 13    0.0000000000    0.0000000000
 1.000000 14    0.0000000000    0.0000000000
 1.000000 15    0.0000000000    0.0000000000
 1.000000 16    0.0000000000    0.0000000000
 1.000000 17    0.0000000000    0.0000000000
 1.000000 18    0.0000000000    0.0000000000
 1.000000 19    0.0000000000    0.0000000000
 1.000000 20    0.0000000000    0.0000000000
 1.000000 21    0.0000000000    0.0000000000
 1.000000 22    0.0000000000    0.0000000000
 1.000000 23    0.0000000000    0.0000000000
 1.000000 24    0.0000000000    0.0000000000
 1.000000 25    0.0000000000    0.0000000000
 1.000000 26    0.0000000000    0.0000000000
 1.000000 27    0.0000000000    0.0000000000
 1.000000 28    0.0000000000    0.0000000000
 1.000000 29    0.0000000000    0.0000000000
 1.000000 30    0.2789737454    0.2789737433
 1.000000 31    0.0248311861    0.0248311758
 1.000000 32    0.2575659260    0.2575659156
 1.000000 33   -0.1518234425   -0.1518234313
 1.000000 34    0.0601581620    0.0601581484
 1.000000 35    0.1983550344    0.1983550191
 1.000000 36    0.3825592828    0.3825592995
 1.000000 37    0.2463748509    0.2463748604
 1.000000 38    0.3380525315    0.3380525261
 1.000000 39    0.0000000000             nan
 1.000000 40    0.0000000000             nan
 1.000000 41    0.0000000000             nan
 1.000000 42    0.0000000000             nan
 1.000000 43    0.0000000000             nan
 1.000000 44    0.0000000000             nan
 1.000000 45    0.0000000000             nan
 1.000000 46    0.0000000000             nan
 1.000000 47    0.0000000000             nan
 2.000000 0   -0.2174407148   -0.2174406797
 2.000000 1   -0.0968063868   -0.0968063772
 2.000000 2   -0.5164815346   -0.5164815187
 2.000000 3    0.0008047187    0.0008046925
 2.000000 4   -0.2540396092   -0.2540395856
 2.000000 5    0.0566930518    0.0566930473
 2.000000 6   -0.3203849960   -0.3203849941
 2.000000 7   -0.0508680454   -0.0508680493
 2.000000 8   -0.2819893026   -0.2819893062
 2.000000 9    0.0000000000    0.0000000000
 2.000000 10    0.0000000000    0.0000000000
 2.000000 11    0.0000000000    0.0000000000
 2.000000 12    0.0000000000    0.0000000000
 2.000000 13    0.0000000000    0.0000000000
 2.000000 14    0.0000000000    0.0000000000
 2.000000 15    0.0000000000    0.0000000000
 2.000000 16    0.0000000000    0.0000000000
 2.000000 17    0.0000000000    0.0000000000
 2.000000 18    0.0000000000    0.0000000000
 2.000000 19    0.0000000000    0.0000000000
 2.000000 20    0.0000000000    0.0000000000
 2.000000 21    0.0000000000    0.0000000000
 2.000000 22    0.0000000000    0.0000000000
 2.000000 23    0.0000000000    0.0000000000
 2.000000 24    0.0000000000    0.0000000000
 2.000000 25    0.0000000000    0.0000000000
 2.000000 26    0.0000000000    0.0000000000
 2.000000 27    0.0000000000    0.0000000000
 2.000000 28    0.0000000000    0.0000000000
 2.000000 29    0.0000000000    0.0000000000
 2.000000 30    0.2775516854    0.2775516808
 2.000000 31    0.2098699182    0.2098699212
 2.000000 32    0.3371172250    0.3371172249
 2.000000 33    0.0291906818    0.0291907042
 2.000000 34   -0.0187483005   -0.0187482983
 2.000000 35    0.0388995561    0.0388995260
 2.000000 36    0.2302786249    0.2302786410
 2.000000 37    0.2105924238    0.2105924189
 2.000000 38    0.3657610044    0.3657610118
 2.000000 39    0.0000000000             nan
 2.000000 40    0.0000000000             nan
 2.000000 41    0.0000000000             nan
 2.000000 42    0.0000000000             nan
 2.000000 43    0.0000000000             nan
 2.000000 44    0.0000000000             nan
 2.000000 45    0.0000000000             nan
 2.000000 46    0.0000000000             nan
 2.000000 47    0.0000000000             nan
 3.000000 0   -0.2999447338   -0.2999447435
 3.000000 1   -0.0588623834   -0.0588623732
 3.000000 2   -0.4137470566   -0.4137470573
 3.000000 3   -0.0197066735   -0.0197066665
 3.000000 4   -0.0831603895   -0.0831603855
 3.000000 5   -0.0013742311   -0.0013742000
 3.000000 6   -0.3173076087   -0.3173075914
 3.000000 7   -0.0339506724   -0.0339506716
 3.000000 8   -0.3354228872   -0.3354229033
 3.000000 9    0.0000000000    0.0000000000
 3.000000 10    0.0000000000    0.0000000000
 3.000000 11    0.0000000000    0.0000000000
 3.000000 12    0.0000000000    0.0000000000
 3.000000 13    0.0000000000    0.0000000000
 3.000000 14    0.0000000000    0.0000000000
 3.000000 15    0.0000000000    0.0000000000
 3.000000 16    0.0000000000    0.0000000000
 3.000000 17    0.0000000000    0.0000000000
 3.000000 18    0.0000000000    0.0000000000
 3.000000 19    0.0000000000    0.0000000000
 3.000000 20    0.0000000000    0.0000000000
 3.000000 21    0.0000000000    0.0000000000
 3.000000 22    0.0000000000    0.0000000000
 3.000000 23    0.0000000000    0.0000000000
 3.000000 24    0.0000000000    0.0000000000
 3.000000 25    0.0000000000    0.0000000000
 3.000000 26    0.0000000000    0.0000000000
 3.000000 27    0.0000000000    0.0000000000
 3.000000 28    0.0000000000    0.0000000000
 3.000000 29    0.0000000000    0.0000000000
 3.000000 30    0.2907070812    0.2907070816
 3.000000 31    0.0943623944    0.0943624079
 3.000000 32    0.4562650151    0.4562650025
 3.000000 33    0.0292700738    0.0292701274
 3.000000 34    0.0560302589    0.0560302585
 3.000000 35   -0.0923046741   -0.0923046917
 3.000000 36    0.3169818610    0.3169818670
 3.000000 37    0.0255807919    0.0255807936
 3.000000 38    0.3865838339    0.3865838349
 3.000000 39    0.0000000000             nan
 3.000000 40    0.0000000000             nan
 3.000000 41    0.0000000000             nan
 3.000000 42    0.0000000000             nan
 3.000000 43    0.0000000000             nan
 3.000000 44    0.0000000000             nan
 3.000000 45    0.0000000000             nan
 3.000000 46    0.0000000000             nan
 3.000000 47    0.0000000000             nan
 4.000000 0   -0.3108636543   -0.3108636290
 4.000000 1   -0.2533005990   -0.2533005625
 4.000000 2   -0.3281711865   -0.3281711787
 4.000000 3    0.0194713841    0.0194714069
 4.000000 4   -0.0980146518   -0.0980146378
 4.000000 5   -0.0018367332   -0.0018367022
 4.000000 6   -0.3376566323   -0.3376566172
 4.000000 7   -0.1858577220   -0.1858577281
 4.000000 8   -0.2319019268   -0.2319019139
 4.000000 9    0.0000000000    0.0000000000
 4.000000 10    0.0000000000    0.0000000000
 4.000000 11    0.0000000000    0.0000000000
 4.000000 12    0.0000000000    0.0000000000
 4.000000 13    0.0000000000    0.0000000000
 4.000000 14    0.0000000000    0.0000000000
 4.000000 15    0.0000000000    0.0000000000
 4.000000 16    0.0000000000    0.0000000000
 4.000000 17    0.0000000000    0.0000000000
 4.000000 18    0.0000000000    0.0000000000
 4.000000 19    0.0000000000    0.0000000000
 4.000000 20    0.0000000000    0.0000000000
 4.000000 21    0.0000000000    0.0000000000
 4.000000 22    0.0000000000    0.0000000000
 4.000000 23    0.0000000000    0.0000000000
 4.000000 24    0.0000000000    0.0000000000
 4.000000 25    0.0000000000    0.0000000000
 4.000000 26    0.0000000000    0.0000000000
 4.000000 27    0.0000000000    0.0000000000
 4.000000 28    0.0000000000    0.0000000000
 4.000000 29    0.0000000000    0.0000000000
 4.000000 30    0.2784624259    0.2784624249
 4.000000 31    0.2963821505    0.2963821590
 4.000000 32    0.2523609432    0.2523609549
 4.000000 33    0.0557234683    0.0557234734
 4.000000 34   -0.0044719011   -0.0044718832
 4.000000 35    0.0016274942    0.0016275048
 4.000000 36    0.2948630082    0.2948630154
 4.000000 37    0.2452627233    0.2452627569
 4.000000 38    0.3079214092    0.3079214245
 4.000000 39    0.0000000000             nan
 4.000000 40    0.0000000000             nan
 4.000000 41    0.0000000000             nan
 4.000000 42    0.0000000000             nan
 4.000000 43    0.0000000000             nan
 4.000000 44    0.0000000000             nan
 4.000000 45    0.0000000000             nan
 4.000000 46    0.0000000000             nan
 4.000000 47    0.0000000000             nan
 5.000000 0   -0.2770095955   -0.2770096213
 5.000000 1   -0.1346514741   -0.1346514970
 5.000000 2   -0.3899372465   -0.3899372816
 5.000000 3   -0.0162922893   -0.0162923187
 5.000000 4   -0.0943957118   -0.0943957567
 5.000000 5   -0.0265508256   -0.0265508592
 5.000000 6   -0.3140117792   -0.3140118271
 5.000000 7   -0.1009245367   -0.1009245813
 5.000000 8   -0.3062074211   -0.3062074631
 5.000000 9    0.0000000000    0.0000000000
 5.000000 10    0.0000000000    0.0000000000
 5.000000 11    0.0000000000    0.0000000000
 5.000000 12    0.0000000000    0.0000000000
 5.000000 13    0.0000000000    0.0000000000
 5.000000 14    0.0000000000    0.0000000000
 5.000000 15    0.0000000000    0.0000000000
 5.000000 16    0.0000000000    0.0000000000
 5.000000 17    0.0000000000    0.0000000000
 5.000000 18    0.0000000000    0.0000000000
 5.000000 19    0.0000000000    0.0000000000
 5.000000 20    0.0000000000    0.0000000000
 5.000000 21    0.0000000000    0.0000000000
 5.000000 22    0.0000000000    0.0000000000
 5.000000 23    0.0000000000    0.0000000000
 5.000000 24    0.0000000000    0.0000000000
 5.000000 25    0.0000000000    0.0000000000
 5.000000 26    0.0000000000    0.0000000000
 5.000000 27    0.0000000000    0.0000000000
 5.000000 28    0.0000000000    0.0000000000
 5.000000 29    0.0000000000    0.0000000000
 5.000000 30    0.3539198197    0.3539198190
 5.000000 31    0.0775586797    0.0775586665
 5.000000 32    0.5683412681    0.5683412403
 5.000000 33   -0.2148088228   -0.2148087919
 5.000000 34    0.1484191994    0.1484191716
 5.000000 35   -0.2324741911   -0.2324742377
 5.000000 36    0.4682026670    0.4682026654
 5.000000 37    0.1039938435    0.1039938331
 5.000000 38    0.3868284162    0.3868284076
 5.000000 39    0.0000000000             nan
 5.000000 40    0.0000000000             nan
 5.000000 41    0.0000000000             nan
 5.000000 42    0.0000000000             nan
 5.000000 43    0.0000000000             nan
 5.000000 44    0.0000000000             nan
 5.000000 45    0.0000000000             nan
 5.000000 46    0.0000000000             nan
 5.000000 47    0.0000000000             nan
 6.000000 0   -0.3370926678   -0.3370926678
 6.000000 1   -0.2206694674   -0.2206694782
 6.000000 2   -0.3334498693   -0.3334498852
 6.000000 3    0.0198735703    0.0198735744
 6.000000 4   -0.0601965835   -0.0601965934
 6.000000 5    0.0215243132    0.0215243101
 6.000000 6   -0.3387944634   -0.3387944698
 6.000000 7   -0.2000183798   -0.2000184059
 6.000000 8   -0.2697929088   -0.2697929144
 6.000000 9    0.0000000000    0.0000000000
 6.000000 10    0.0000000000    0.0000000000
 6.000000 11    0.0000000000    0.0000000000
 6.000000 12    0.0000000000    0.0000000000
 6.000000 13    0.0000000000    0.0000000000
 6.000000 14    0.0000000000    0.0000000000
 6.000000 15    0.0000000000    0.0000000000
 6.000000 16    0.0000000000    0.0000000000
 6.000000 17    0.0000000000    0.0000000000
 6.000000 18    0.0000000000    0.0000000000
 6.000000 19    0.0000000000    0.0000000000
 6.000000 20    0.0000000000    0.0000000000
 6.000000 21    0.0000000000    0.0000000000
 6.000000 22    0.0000000000    0.0000000000
 6.000000 23    0.0000000000    0.0000000000
 6.000000 24    0.0000000000    0.0000000000
 6.000000 25    0.0000000000    0.0000000000
 6.000000 26    0.0000000000    0.0000000000
 6.000000 27    0.0000000000    0.0000000000
 6.000000 28    0.0000000000    0.0000000000
 6.000000 29    0.0000000000    0.0000000000
 6.000000 30    0.2886015500    0.2886015624
 6.000000 31    0.3079935409    0.3079935610
 6.000000 32    0.3287212060    0.3287211955
 6.000000 33    0.1449280914    0.1449281126
 6.000000 34    0.0189968748    0.0189968795
 6.000000 35   -0.0672137291   -0.0672137290
 6.000000 36    0.2224839195    0.2224839330
 6.000000 37    0.1538940148    0.1538940221
 6.000000 38    0.3202109880    0.3202109784
 6.000000 39    0.0000000000             nan
 6.000000 40    0.0000000000             nan
 6.000000 41    0.0000000000             nan
 6.000000 42    0.0000000000             nan
 6.000000 43    0.0000000000             nan
 6.000000 44    0.0000000000             nan
 6.000000 45    0.0000000000             nan
 6.000000 46    0.0000000000             nan
 6.000000 47    0.0000000000             nan
 7.000000 0   -0.2596869552   -0.2596869320
 7.000000 1   -0.1038409352   -0.1038409173
 7.000000 2   -0.4626533993   -0.4626533538
 7.000000 3    0.1210552374    0.1210553050
 7.000000 4   -0.1702936889   -0.1702936739
 7.000000 5   -0.0340920092   -0.0340919942
 7.000000 6   -0.3144187134   -0.3144186884
 7.000000 7   -0.1774714705   -0.1774714440
 7.000000 8   -0.2718879515   -0.2718879282
 7.000000 9    0.0000000000    0.0000000000
 7.000000 10    0.0000000000    0.0000000000
 7.000000 11    0.0000000000    0.0000000000
 7.000000 12    0.0000000000    0.0000000000
 7.000000 13    0.0000000000    0.0000000000
 7.000000 14    0.0000000000    0.0000000000
 7.000000 15    0.0000000000    0.0000000000
 7.000000 16    0.0000000000    0.0000000000
 7.000000 17    0.0000000000    0.0000000000
 7.000000 18    0.0000000000    0.0000000000
 7.000000 19    0.0000000000    0.0000000000
 7.000000 20    0.0000000000    0.0000000000
 7.000000 21    0.0000000000    0.0000000000
 7.000000 22    0.0000000000    0.0000000000
 7.000000 23    0.0000000000    0.0000000000
 7.000000 24    0.0000000000    0.0000000000
 7.000000 25    0.0000000000    0.0000000000
 7.000000 26    0.0000000000    0.0000000000
 7.000000 27    0.0000000000    0.0000000000
 7.000000 28    0.0000000000    0.0000000000
 7.000000 29    0.0000000000    0.0000000000
 7.000000 30    0.2238519215    0.2238519192
 7.000000 31    0.2489939308    0.2489939332
 7.000000 32    0.3692058573    0.3692058474
 7.000000 33    0.0473729217    0.0473729372
 7.000000 34   -0.0086960083   -0.0086960047
 7.000000 35    0.0127811854    0.0127811730
 7.000000 36    0.1818255881    0.1818256080
 7.000000 37    0.2113081721    0.2113081813
 7.000000 38    0.3866463172    0.3866463155
 7.000000 39    0.0000000000             nan
 7.000000 40    0.0000000000             nan
 7.000000 41    0.0000000000             nan
 7.000000 42    0.0000000000             nan
 7.000000 43    0.0000000000             nan
 7.000000 44    0.0000000000             nan
 7.000000 45    0.0000000000             nan
 7.000000 46    0.0000000000             nan
 7.000000 47    0.0000000000             nan
 8.000000 0   -0.3795904775   -0.3795904517
 8.000000 1    0.0033757187    0.0033757240
 8.000000 2   -0.4137663915   -0.4137663841
 8.000000 3    0.1175475293    0.1175475568
 8.000000 4   -0.1464323410   -0.1464323401
 8.000000 5   -0.1103892641   -0.1103892326
 8.000000 6   -0.3459586811   -0.3459586501
 8.000000 7   -0.1073793276   -0.1073793173
 8.000000 8   -0.2292471939   -0.2292471826
 8.000000 9    0.0000000000    0.0000000000
 8.000000 10    0.0000000000    0.0000000000
 8.000000 11    0.0000000000    0.0000000000
 8.000000 12    0.0000000000    0.0000000000
 8.000000 13    0.0000000000    0.0000000000
 8.000000 14    0.0000000000    0.0000000000
 8.000000 15    0.0000000000    0.0000000000
 8.000000 16    0.0000000000    0.0000000000
 8.000000 17    0.0000000000    0.0000000000
 8.000000 18    0.0000000000    0.0000000000
 8.000000 19    0.0000000000    0.0000000000
 8.000000 20    0.0000000000    0.0000000000
 8.000000 21    0.0000000000    0.0000000000
 8.000000 22    0.0000000000    0.0000000000
 8.000000 23    0.0000000000    0.0000000000
 8.000000 24    0.0000000000    0.0000000000
 8.000000 25    0.0000000000    0.0000000000
 8.000000 26    0.0000000000    0.0000000000
 8.000000 27    0.0000000000    0.0000000000
 8.000000 28    0.0000000000    0.0000000000
 8.000000 29    0.0000000000    0.0000000000
 8.000000 30    0.1411748326    0.1411748528
 8.000000 31   -0.0014351459   -0.0014351308
 8.000000 32    0.7536096940    0.7536097020
 8.000000 33    0.0635632909    0.0635633469
 8.000000 34    0.4519363668    0.4519363642
 8.000000 35   -0.4052821850   -0.4052821696
 8.000000 36    0.4032635058    0.4032635391
 8.000000 37   -0.2000652709   -0.2000652701
 8.000000 38    0.4050753405    0.4050753713
 8.000000 39    0.0000000000             nan
 8.000000 40    0.0000000000             nan
 8.000000 41    0.0000000000             nan
 8.000000 42    0.0000000000             nan
 8.000000 43    0.0000000000             nan
 8.000000 44    0.0000000000             nan
 8.000000 45    0.0000000000             nan
 8.000000 46    0.0000000000             nan
 8.000000 47    0.0000000000             nan
 9.000000 0   -0.2221939954   -0.2221939713
 9.000000 1   -0.2534234780   -0.2534234524
 9.000000 2   -0.3939553764   -0.3939553648
 9.000000 3    0.0328393768    0.0328394026
 9.000000 4   -0.0657711473   -0.0657711625
 9.000000 5    0.0144268607    0.0144268721
 9.000000 6   -0.2460616180   -0.2460616082
 9.000000 7   -0.2424437185   -0.2424437255
 9.000000 8   -0.3240161322   -0.3240161240
 9.000000 9    0.0000000000    0.0000000000
 9.000000 10    0.0000000000    0.0000000000
 9.000000 11    0.0000000000    0.0000000000
 9.000000 12    0.0000000000    0.0000000000
 9.000000 13    0.0000000000    0.0000000000
 9.000000 14    0.0000000000    0.0000000000
 9.000000 15    0.0000000000    0.0000000000
 9.000000 16    0.0000000000    0.0000000000
 9.000000 17    0.0000000000    0.0000000000
 9.000000 18    0.0000000000    0.0000000000
 9.000000 19    0.0000000000    0.0000000000
 9.000000 20    0.0000000000    0.0000000000
 9.000000 21    0.0000000000    0.0000000000
 9.000000 22    0.0000000000    0.0000000000
 9.000000 23    0.0000000000    0.0000000000
 9.000000 24    0.0000000000    0.0000000000
 9.000000 25    0.0000000000    0.0000000000
 9.000000 26    0.0000000000    0.0000000000
 9.000000 27    0.0000000000    0.0000000000
 9.000000 28    0.0000000000    0.0000000000
 9.000000 29    0.0000000000    0.0000000000
 9.000000 30    0.2049068392    0.2049068660
 9.000000 31    0.3069071898    0.3069072068
 9.000000 32    0.3316609325    0.3316609412
 9.000000 33    0.0642502026    0.0642502308
 9.000000 34    0.0023802037    0.0023802221
 9.000000 35    0.0135833281    0.0135833323
 9.000000 36    0.1662591947    0.1662592143
 9.000000 37    0.2523509503    0.2523509711
 9.000000 38    0.3583003873    0.3583004028
 9.000000 39    0.0000000000             nan
 9.000000 40    0.0000000000             nan
 9.000000 41    0.0000000000             nan
 9.000000 42    0.0000000000             nan
 9.000000 43    0.0000000000             nan
 9.000000 44    0.0000000000             nan
 9.000000 45    0.0000000000             nan
 9.000000 46    0.0000000000             nan
 9.000000 47    0.0000000000             nan
 10.000000 0   -0.2257078167   -0.2257078439
 10.000000 1   -0.1808083662   -0.1808083802
 10.000000 2   -0.4166422746   -0.4166422933
 10.000000 3   -0.0107826788   -0.0107827038
 10.000000 4   -0.0697874781   -0.0697875023
 10.000000 5    0.0039121124    0.0039120913
 10.000000 6   -0.2528537172   -0.2528537512
 10.000000 7   -0.1476013376   -0.1476013660
 10.000000 8   -0.3631443416   -0.3631443679
 10.000000 9    0.0000000000    0.0000000000
 10.000000 10    0.0000000000    0.0000000000
 10.000000 11    0.0000000000    0.0000000000
 10.000000 12    0.0000000000    0.0000000000
 10.000000 13    0.0000000000    0.0000000000
 10.000000 14    0.0000000000    0.0000000000
 10.000000 15    0.0000000000    0.0000000000
 10.000000 16    0.0000000000    0.0000000000
 10.000000 17    0.0000000000    0.0000000000
 10.000000 18    0.0000000000    0.0000000000
 10.000000 19    0.0000000000    0.0000000000
 10.000000 20    0.0000000000    0.0000000000
 10.000000 21    0.0000000000    0.0000000000
 10.000000 22    0.0000000000    0.0000000000
 10.000000 23    0.0000000000    0.0000000000
 10.000000 24    0.0000000000    0.0000000000
 10.000000 25    0.0000000000    0.0000000000
 10.000000 26    0.0000000000    0.0000000000
 10.000000 27    0.0000000000    0.0000000000
 10.000000 28    0.0000000000    0.0000000000
 10.000000 29    0.0000000000    0.0000000000
 10.000000 30    0.2411218015    0.2411217839
 10.000000 31    0.2222122207    0.2222122252
 10.000000 32    0.3522244688    0.3522244543
 10.000000 33    0.0590358919    0.0590358973
 10.000000 34   -0.0156379299   -0.0156379491
 10.000000 35    0.0422720756    0.0422720462
 10.000000 36    0.1891865193    0.1891865134
 10.000000 37    0.1916228912    0.1916228831
 10.000000 38    0.3813779595    0.3813779652
 10.000000 39    0.0000000000             nan
 10.000000 40    0.0000000000             nan
 10.000000 41    0.0000000000             nan
 10.000000 42    0.0000000000             nan
 10.000000 43    0.0000000000             nan
 10.000000 44    0.0000000000             nan
 10.000000 45    0.0000000000             nan
 10.000000 46    0.0000000000             nan
 10.000000 47    0.0000000000             nan
 11.000000 0   -0.2777828833   -0.2777829021
 11.000000 1   -0.2390759266   -0.2390759289
 11.000000 2   -0.3835962188   -0.3835962117
 11.000000 3   -0.0806798380   -0.0806798488
 11.000000 4   -0.0930017733   -0.0930017978
 11.000000 5    0.0549515060    0.0549514890
 11.000000 6   -0.2599644413   -0.2599644661
 11.000000 7   -0.0975348361   -0.0975348502
 11.000000 8   -0.3293681394   -0.3293681592
 11.000000 9    0.0000000000    0.0000000000
 11.000000 10    0.0000000000    0.0000000000
 11.000000 11    0.0000000000    0.0000000000
 11.000000 12    0.0000000000    0.0000000000
 11.000000 13    0.0000000000    0.0000000000
 11.000000 14    0.0000000000    0.0000000000
 11.000000 15    0.0000000000    0.0000000000
 11.000000 16    0.0000000000    0.0000000000
 11.000000 17    0.0000000000    0.0000000000
 11.000000 18    0.0000000000    0.0000000000
 11.000000 19    0.0000000000    0.0000000000
 11.000000 20    0.0000000000    0.0000000000
 11.000000 21    0.0000000000    0.0000000000
 11.000000 22    0.0000000000    0.0000000000
 11.000000 23    0.0000000000    0.0000000000
 11.000000 24    0.0000000000    0.0000000000
 11.000000 25    0.0000000000    0.0000000000
 11.000000 26    0.0000000000    0.0000000000
 11.000000 27    0.0000000000    0.0000000000
 11.000000 28    0.0000000000    0.0000000000
 11.000000 29    0.0000000000    0.0000000000
 11.000000 30    0.3167545422    0.3167545348
 11.000000 31    0.2398361885    0.2398361862
 11.000000 32    0.3083025705    0.3083025664
 11.000000 33    0.0524953678    0.0524953753
 11.000000 34   -0.0268010222   -0.0268010050
 11.000000 35    0.0131949673    0.0131949633
 11.000000 36    0.2491772526    0.2491772622
 11.000000 37    0.2165773697    0.2165773660
 11.000000 38    0.3365153143    0.3365153223
 11.000000 39    0.0000000000             nan
 11.000000 40    0.0000000000             nan
 11.000000 41    0.0000000000             nan
 11.000000 42    0.0000000000             nan
 11.000000 43    0.0000000000             nan
 11.000000 44    0.0000000000             nan
 11.000000 45    0.0000000000             nan
 11.000000 46    0.0000000000             nan
 11.000000 47    0.0000000000             nan
 12.000000 0   -0.3081851339   -0.3081851602
 12.000000 1   -0.2051447737   -0.2051447928
 12.000000 2   -0.2914298322   -0.2914298326
 12.000000 3   -0.0477200684   -0.0477200896
 12.000000 4    0.0291550714    0.0291550457
 12.000000 5   -0.0150315441   -0.0150315613
 12.000000 6   -0.3121347942   -0.3121348023
 12.000000 7   -0.1855260392   -0.1855260581
 12.000000 8   -0.3439453670   -0.3439453691
 12.000000 9    0.0000000000    0.0000000000
 12.000000 10    0.0000000000    0.0000000000
 12.000000 11    0.0000000000    0.0000000000
 12.000000 12    0.0000000000    0.0000000000
 12.000000 13    0.0000000000    0.0000000000
 12.000000 14    0.0000000000    0.0000000000
 12.000000 15    0.0000000000    0.0000000000
 12.000000 16    0.0000000000    0.0000000000
 12.000000 17    0.0000000000    0.0000000000
 12.000000 18    0.0000000000    0.0000000000
 12.000000 19    0.0000000000    0.0000000000
 12.000000 20    0.0000000000    0.0000000000
 12.000000 21    0.0000000000    0.0000000000
 12.000000 22    0.0000000000    0.0000000000
 12.000000 23    0.0000000000    0.0000000000
 12.000000 24    0.0000000000    0.0000000000
 12.000000 25    0.0000000000    0.0000000000
 12.000000 26    0.0000000000    0.0000000000
 12.000000 27    0.0000000000    0.0000000000
 12.000000 28    0.0000000000    0.0000000000
 12.000000 29    0.0000000000    0.0000000000
 12.000000 30    0.2466578927    0.2466578782
 12.000000 31    0.2508071526    0.2508071512
 12.000000 32    0.4614770654    0.4614770412
 12.000000 33    0.1481610477    0.1481610686
 12.000000 34    0.0669035770    0.0669035614
 12.000000 35   -0.1701942860   -0.1701942980
 12.000000 36    0.2732210562    0.2732210457
 12.000000 37    0.0438050119    0.0438050032
 12.000000 38    0.3591239639    0.3591239452
 12.000000 39    0.0000000000             nan
 12.000000 40    0.0000000000             nan
 12.000000 41    0.0000000000             nan
 12.000000 42    0.0000000000             nan
 12.000000 43    0.0000000000             nan
 12.000000 44    0.0000000000             nan
 12.000000 45    0.0000000000             nan
 12.000000 46    0.0000000000             nan
 12.000000 47    0.0000000000             nan
 13.000000 0   -0.3062167585   -0.3062167466
 13.000000 1   -0.2198389461   -0.2198389322
 13.000000 2   -0.3668224620   -0.3668224514
 13.000000 3    0.0058062042    0.0058062077
 13.000000 4   -0.0895725829   -0.0895725787
 13.000000 5    0.0239876838    0.0239876956
 13.000000 6   -0.3113750615   -0.3113750368
 13.000000 7   -0.1682493036   -0.1682492942
 13.000000 8   -0.2876876158   -0.2876875997
 13.000000 9    0.0000000000    0.0000000000
 13.000000 10    0.0000000000    0.0000000000
 13.000000 11    0.0000000000    0.0000000000
 13.000000 12    0.0000000000    0.0000000000
 13.000000 13    0.0000000000    0.0000000000
 13.000000 14    0.0000000000    0.0000000000
 13.000000 15    0.0000000000    0.0000000000
 13.000000 16    0.0000000000    0.0000000000
 13.000000 17    0.0000000000    0.0000000000
 13.000000 18    0.0000000000    0.0000000000
 13.000000 19    0.0000000000    0.0000000000
 13.000000 20    0.0000000000    0.0000000000
 13.000000 21    0.0000000000    0.0000000000
 13.000000 22    0.0000000000    0.0000000000
 13.000000 23    0.0000000000    0.0000000000
 13.000000 24    0.0000000000    0.0000000000
 13.000000 25    0.0000000000    0.0000000000
 13.000000 26    0.0000000000    0.0000000000
 13.000000 27    0.0000000000    0.0000000000
 13.000000 28    0.0000000000    0.0000000000
 13.000000 29    0.0000000000    0.0000000000
 13.000000 30    0.2454856465    0.2454856485
 13.000000 31    0.2854682964    0.2854683101
 13.000000 32    0.3908553759    0.3908553869
 13.000000 33    0.1318440354    0.1318440586
 13.000000 34    0.0673641580    0.0673641562
 13.000000 35   -0.0887213900   -0.0887213945
 13.000000 36    0.2344559339    0.2344559580
 13.000000 37    0.1248283782    0.1248283982
 13.000000 38    0.3283884081    0.3283884078
 13.000000 39    0.0000000000             nan
 13.000000 40    0.0000000000             nan
 13.000000 41    0.0000000000             nan
 13.000000 42    0.0000000000             nan
 13.000000 43    0.0000000000             nan
 13.000000 44    0.0000000000             nan
 13.000000 45    0.0000000000             nan
 13.000000 46    0.0000000000             nan
 13.000000 47    0.0000000000             nan
 14.000000 0   -0.2906438374   -0.2906438261
 14.000000 1   -0.0817440658   -0.0817440152
 14.000000 2   -0.4604702235   -0.4604702145
 14.000000 3   -0.0413028032   -0.0413028002
 14.000000 4   -0.1611623879   -0.1611623615
 14.000000 5    0.0323145192    0.0323145241
 14.000000 6   -0.2982156976   -0.2982156724
 14.000000 7   -0.0203125193   -0.0203125179
 14.000000 8   -0.3023312564   -0.3023312539
 14.000000 9    0.0000000000    0.0000000000
 14.000000 10    0.0000000000    0.0000000000
 14.000000 11    0.0000000000    0.0000000000
 14.000000 12    0.0000000000    0.0000000000
 14.000000 13    0.0000000000    0.0000000000
 14.000000 14    0.0000000000    0.0000000000
 14.000000 15    0.0000000000    0.0000000000
 14.000000 16    0.0000000000    0.0000000000
 14.000000 17    0.0000000000    0.0000000000
 14.000000 18    0.0000000000    0.0000000000
 14.000000 19    0.0000000000    0.0000000000
 14.000000 20    0.0000000000    0.0000000000
 14.000000 21    0.0000000000    0.0000000000
 14.000000 22    0.0000000000    0.0000000000
 14.000000 23    0.0000000000    0.0000000000
 14.000000 24    0.0000000000    0.0000000000
 14.000000 25    0.0000000000    0.0000000000
 14.000000 26    0.0000000000    0.0000000000
 14.000000 27    0.0000000000    0.0000000000
 14.000000 28    0.0000000000    0.0000000000
 14.000000 29    0.0000000000    0.0000000000
 14.000000 30    0.2570509956    0.2570510060
 14.000000 31    0.2188603468    0.2188603580
 14.000000 32    0.4295045945    0.4295045882
 14.000000 33    0.1624749045    0.1624749303
 14.000000 34   -0.0091135310   -0.0091135204
 14.000000 35   -0.0764234525   -0.0764234662
 14.000000 36    0.2106364380    0.2106364518
 14.000000 37    0.0534721571    0.0534721613
 14.000000 38    0.3774058188    0.3774058223
 14.000000 39    0.0000000000             nan
 14.000000 40    0.0000000000             nan
 14.000000 41    0.0000000000             nan
 14.000000 42    0.0000000000             nan
 14.000000 43    0.0000000000             nan
 14.000000 44    0.0000000000             nan
 14.000000 45    0.0000000000             nan
 14.000000 46    0.0000000000             nan
 14.000000 47    0.0000000000             nan
 15.000000 0   -0.2543968677   -0.2543968558
 15.000000 1   -0.1792206386   -0.1792206466
 15.000000 2   -0.4244965664   -0.4244965464
 15.000000 3    0.0019473387    0.0019473433
 15.000000 4   -0.0851500233   -0.0851500332
 15.000000 5    0.0315724082    0.0315724015
 15.000000 6   -0.2830785618   -0.2830785364
 15.000000 7   -0.1473341700   -0.1473341882
 15.000000 8   -0.3444419621   -0.3444419652
 15.000000 9    0.0000000000    0.0000000000
 15.000000 10    0.0000000000    0.0000000000
 15.000000 11    0.0000000000    0.0000000000
 15.000000 12    0.0000000000    0.0000000000
 15.000000 13    0.0000000000    0.0000000000
 15.000000 14    0.0000000000    0.0000000000
 15.000000 15    0.0000000000    0.0000000000
 15.000000 16    0.0000000000    0.0000000000
 15.000000 17    0.0000000000    0.0000000000
 15.000000 18    0.0000000000    0.0000000000
 15.000000 19    0.0000000000    0.0000000000
 15.000000 20    0.0000000000    0.0000000000
 15.000000 21    0.0000000000    0.0000000000
 15.000000 22    0.0000000000    0.0000000000
 15.000000 23    0.0000000000    0.0000000000
 15.000000 24    0.0000000000    0.0000000000
 15.000000 25    0.0000000000    0.0000000000
 15.000000 26    0.0000000000    0.0000000000
 15.000000 27    0.0000000000    0.0000000000
 15.000000 28    0.0000000000    0.0000000000
 15.000000 29    0.0000000000    0.0000000000
 15.000000 30    0.2840162304    0.2840162367
 15.000000 31    0.2190796940    0.2190797031
 15.000000 32    0.3186142975    0.3186143041
 15.000000 33    0.0389406422    0.0389406681
 15.000000 34   -0.0274852868   -0.0274852663
 15.000000 35    0.0528791184    0.0528791249
 15.000000 36    0.2125712182    0.2125712335
 15.000000 37    0.2201104247    0.2201104164
 15.000000 38    0.3658727045    0.3658726960
 15.000000 39    0.0000000000             nan
 15.000000 40    0.0000000000             nan
 15.000000 41    0.0000000000             nan
 15.000000 42    0.0000000000             nan
 15.000000 43    0.0000000000             nan
 15.000000 44    0.0000000000             nan
 15.000000 45    0.0000000000             nan
 15.000000 46    0.0000000000             nan
 15.000000 47    0.0000000000             nan
 16.000000 0   -0.2512353567   -0.2512353808
 16.000000 1   -0.1990973596   -0.1990973800
 16.000000 2   -0.3913994226   -0.3913994282
 16.000000 3   -0.0528564522   -0.0528564453
 16.000000 4   -0.1059466089   -0.1059466153
 16.000000 5    0.0164773232    0.0164773166
 16.000000 6   -0.2816387054   -0.2816387117
 16.000000 7   -0.1136103675   -0.1136103868
 16.000000 8   -0.3190867705   -0.3190867752
 16.000000 9    0.0000000000    0.0000000000
 16.000000 10    0.0000000000    0.0000000000
 16.000000 11    0.0000000000    0.0000000000
 16.000000 12    0.0000000000    0.0000000000
 16.000000 13    0.0000000000    0.0000000000
 16.000000 14    0.0000000000    0.0000000000
 16.000000 15    0.0000000000    0.0000000000
 16.000000 16    0.0000000000    0.0000000000
 16.000000 17    0.0000000000    0.0000000000
 16.000000 18    0.0000000000    0.0000000000
 16.000000 19    0.0000000000    0.0000000000
 16.000000 20    0.0000000000    0.0000000000
 16.000000 21    0.0000000000    0.0000000000
 16.000000 22    0.0000000000    0.0000000000
 16.000000 23    0.0000000000    0.0000000000
 16.000000 24    0.0000000000    0.0000000000
 16.000000 25    0.0000000000    0.0000000000
 16.000000 26    0.0000000000    0.0000000000
 16.000000 27    0.0000000000    0.0000000000
 16.000000 28    0.0000000000    0.0000000000
 16.000000 29    0.0000000000    0.0000000000
 16.000000 30    0.2479253383    0.2479253411
 16.000000 31    0.2773378830    0.2773378938
 16.000000 32    0.3717637406    0.3717637509
 16.000000 33    0.1379588777    0.1379589140
 16.000000 34   -0.0039046791   -0.0039046556
 16.000000 35   -0.0363707744   -0.0363707691
 16.000000 36    0.1998462983    0.1998463124
 16.000000 37    0.1452211322    0.1452211291
 16.000000 38    0.3586159037    0.3586159050
 16.000000 39    0.0000000000             nan
 16.000000 40    0.0000000000             nan
 16.000000 41    0.0000000000             nan
 16.000000 42    0.0000000000             nan
 16.000000 43    0.0000000000             nan
 16.000000 44    0.0000000000             nan
 16.000000 45    0.0000000000             nan
 16.000000 46    0.0000000000             nan
 16.000000 47    0.0000000000             nan
