#! FIELDS time parameter len_b1_N
 0.000000 0    0.0000000000
 0.000000 1    0.0000000000
 0.000000 2    0.0000000000
 0.000000 3    0.0000000000
 0.000000 4    0.0000000000
 0.000000 5    0.0000000000
 0.000000 6    0.0000000000
 0.000000 7    0.0000000000
 0.000000 8    0.0000000000
 0.000000 9    0.0000000000
 0.000000 10    0.0000000000
 0.000000 11    0.0000000000
 0.000000 12    0.0000000000
 0.000000 13    0.0000000000
 0.000000 14    0.0000000000
 0.000000 15    0.0000000000
 0.000000 16    0.0000000000
 0.000000 17    0.0000000000
 0.000000 18    0.0000000000
 0.000000 19    0.0000000000
 0.000000 20    0.0000000000
 0.000000 21    0.0000000000
 0.000000 22    0.0000000000
 0.000000 23    0.0000000000
 0.000000 24    0.0000000000
 0.000000 25    0.0000000000
 0.000000 26    0.0000000000
 0.000000 27    0.0000000000
 0.000000 28    0.0000000000
 0.000000 29    0.0000000000
 0.000000 30    0.0000000000
 0.000000 31    0.0000000000
 0.000000 32    0.0000000000
 0.000000 33    0.0000000000
 0.000000 34    0.0000000000
 0.000000 35    0.0000000000
 0.000000 36    0.0000000000
 0.000000 37    0.0000000000
 0.000000 38    0.0000000000
 0.000000 39             nan
 0.000000 40             nan
 0.000000 41             nan
 0.000000 42             nan
 0.000000 43             nan
 0.000000 44             nan
 0.000000 45             nan
 0.000000 46             nan
 0.000000 47             nan
 1.000000 0    0.0000000000
 1.000000 1    8.0000000000
 1.000000 2    0.0000000000
 1.000000 3    0.0000000000
 1.000000 4    0.0000000000
 1.000000 5    0.0000000000
 1.000000 6    0.0000000000
 1.000000 7    0.0000000000
 1.000000 8    0.0000000000
 1.000000 9    0.0000000000
 1.000000 10    0.0000000000
 1.000000 11    0.0000000000
 1.000000 12    0.0000000000
 1.000000 13    0.0000000000
 1.000000 14    0.0000000000
 1.000000 15    0.0000000000
 1.000000 16    0.0000000000
 1.000000 17    0.0000000000
 1.000000 18    0.0000000000
 1.000000 19    0.0000000000
 1.000000 20    0.0000000000
 1.000000 21    0.0000000000
 1.000000 22    0.0000000000
 1.000000 23    0.0000000000
 1.000000 24    0.0000000000
 1.000000 25    0.0000000000
 1.000000 26    0.0000000000
 1.000000 27    0.0000000000
 1.000000 28    0.0000000000
 1.000000 29    0.0000000000
 1.000000 30   -8.0000000000
 1.000000 31   -8.0000000000
 1.000000 32    0.0000000000
 1.000000 33    0.0000000000
 1.000000 34    0.0000000000
 1.000000 35    0.0000000000
 1.000000 36    0.0000000000
 1.000000 37   -8.0000000000
 1.000000 38    0.0000000000
 1.000000 39             nan
 1.000000 40             nan
 1.000000 41             nan
 1.000000 42             nan
 1.000000 43             nan
 1.000000 44             nan
 1.000000 45             nan
 1.000000 46             nan
 1.000000 47             nan
 2.000000 0    0.0000000000
 2.000000 1    0.0000000000
 2.000000 2    0.0000000000
 2.000000 3    0.0000000000
 2.000000 4    0.0000000000
 2.000000 5    0.0000000000
 2.000000 6    0.0000000000
 2.000000 7    0.0000000000
 2.000000 8    0.0000000000
 2.000000 9    0.0000000000
 2.000000 10    0.0000000000
 2.000000 11    0.0000000000
 2.000000 12    0.0000000000
 2.000000 13    0.0000000000
 2.000000 14    0.0000000000
 2.000000 15    0.0000000000
 2.000000 16    0.0000000000
 2.000000 17    0.0000000000
 2.000000 18    0.0000000000
 2.000000 19    0.0000000000
 2.000000 20    0.0000000000
 2.000000 21    0.0000000000
 2.000000 22    0.0000000000
 2.000000 23    0.0000000000
 2.000000 24    0.0000000000
 2.000000 25    0.0000000000
 2.000000 26    0.0000000000
 2.000000 27    0.0000000000
 2.000000 28    0.0000000000
 2.000000 29    0.0000000000
 2.000000 30    0.0000000000
 2.000000 31    0.0000000000
 2.000000 32    0.0000000000
 2.000000 33    0.0000000000
 2.000000 34    0.0000000000
 2.000000 35    0.0000000000
 2.000000 36    0.0000000000
 2.000000 37    0.0000000000
 2.000000 38    0.0000000000
 2.000000 39             nan
 2.000000 40             nan
 2.000000 41             nan
 2.000000 42             nan
 2.000000 43             nan
 2.000000 44             nan
 2.000000 45             nan
 2.000000 46             nan
 2.000000 47             nan
 3.000000 0    0.0000000000
 3.000000 1    0.0000000000
 3.000000 2    0.0000000000
 3.000000 3    0.0000000000
 3.000000 4  -16.0000000000
 3.000000 5    0.0000000000
 3.000000 6    0.0000000000
 3.000000 7    0.0000000000
 3.000000 8    0.0000000000
 3.000000 9    0.0000000000
 3.000000 10    0.0000000000
 3.000000 11    0.0000000000
 3.000000 12    0.0000000000
 3.000000 13    0.0000000000
 3.000000 14    0.0000000000
 3.000000 15    0.0000000000
 3.000000 16    0.0000000000
 3.000000 17    0.0000000000
 3.000000 18    0.0000000000
 3.000000 19    0.0000000000
 3.000000 20    0.0000000000
 3.000000 21    0.0000000000
 3.000000 22    0.0000000000
 3.000000 23    0.0000000000
 3.000000 24    0.0000000000
 3.000000 25    0.0000000000
 3.000000 26    0.0000000000
 3.000000 27    0.0000000000
 3.000000 28    0.0000000000
 3.000000 29    0.0000000000
 3.000000 30    0.0000000000
 3.000000 31   16.0000000000
 3.000000 32    0.0000000000
 3.000000 33    0.0000000000
 3.000000 34   16.0000000000
 3.000000 35    0.0000000000
 3.000000 36    0.0000000000
 3.000000 37    0.0000000000
 3.000000 38    0.0000000000
 3.000000 39             nan
 3.000000 40             nan
 3.000000 41             nan
 3.000000 42             nan
 3.000000 43             nan
 3.000000 44             nan
 3.000000 45             nan
 3.000000 46             nan
 3.000000 47             nan
 4.000000 0    0.0000000000
 4.000000 1    0.0000000000
 4.000000 2    0.0000000000
 4.000000 3    0.0000000000
 4.000000 4    0.0000000000
 4.000000 5    0.0000000000
 4.000000 6   -8.0000000000
 4.000000 7    0.0000000000
 4.000000 8    0.0000000000
 4.000000 9    0.0000000000
 4.000000 10    0.0000000000
 4.000000 11    0.0000000000
 4.000000 12    0.0000000000
 4.000000 13    0.0000000000
 4.000000 14    0.0000000000
 4.000000 15    0.0000000000
 4.000000 16    0.0000000000
 4.000000 17    0.0000000000
 4.000000 18    0.0000000000
 4.000000 19    0.0000000000
 4.000000 20    0.0000000000
 4.000000 21    0.0000000000
 4.000000 22    0.0000000000
 4.000000 23    0.0000000000
 4.000000 24    0.0000000000
 4.000000 25    0.0000000000
 4.000000 26    0.0000000000
 4.000000 27    0.0000000000
 4.000000 28    0.0000000000
 4.000000 29    0.0000000000
 4.000000 30    0.0000000000
 4.000000 31    0.0000000000
 4.000000 32    0.0000000000
 4.000000 33    0.0000000000
 4.000000 34    0.0000000000
 4.000000 35    0.0000000000
 4.000000 36    0.0000000000
 4.000000 37    0.0000000000
 4.000000 38    0.0000000000
 4.000000 39             nan
 4.000000 40             nan
 4.000000 41             nan
 4.000000 42             nan
 4.000000 43             nan
 4.000000 44             nan
 4.000000 45             nan
 4.000000 46             nan
 4.000000 47             nan
 5.000000 0    0.0000000000
 5.000000 1    0.0000000000
 5.000000 2    0.0000000000
 5.000000 3    0.0000000000
 5.000000 4    0.0000000000
 5.000000 5    0.0000000000
 5.000000 6    0.0000000000
 5.000000 7    0.0000000000
 5.000000 8    0.0000000000
 5.000000 9    0.0000000000
 5.000000 10    0.0000000000
 5.000000 11    0.0000000000
 5.000000 12    0.0000000000
 5.000000 13    0.0000000000
 5.000000 14    0.0000000000
 5.000000 15    0.0000000000
 5.000000 16    0.0000000000
 5.000000 17    0.0000000000
 5.000000 18    0.0000000000
 5.000000 19    0.0000000000
 5.000000 20    0.0000000000
 5.000000 21    0.0000000000
 5.000000 22    0.0000000000
 5.000000 23    0.0000000000
 5.000000 24    0.0000000000
 5.000000 25    0.0000000000
 5.000000 26    0.0000000000
 5.000000 27    0.0000000000
 5.000000 28    0.0000000000
 5.000000 29    0.0000000000
 5.000000 30    0.0000000000
 5.000000 31    0.0000000000
 5.000000 32    0.0000000000
 5.000000 33    0.0000000000
 5.000000 34    0.0000000000
 5.000000 35    0.0000000000
 5.000000 36    0.0000000000
 5.000000 37    0.0000000000
 5.000000 38    0.0000000000
 5.000000 39             nan
 5.000000 40             nan
 5.000000 41             nan
 5.000000 42             nan
 5.000000 43             nan
 5.000000 44             nan
 5.000000 45             nan
 5.000000 46             nan
 5.000000 47             nan
 6.000000 0   -8.0000000000
 6.000000 1  -16.0000000000
 6.000000 2    0.0000000000
 6.000000 3    0.0000000000
 6.000000 4    0.0000000000
 6.000000 5    0.0000000000
 6.000000 6  -24.0000000000
 6.000000 7    0.0000000000
 6.000000 8  -16.0000000000
 6.000000 9    0.0000000000
 6.000000 10    0.0000000000
 6.000000 11    0.0000000000
 6.000000 12    0.0000000000
 6.000000 13    0.0000000000
 6.000000 14    0.0000000000
 6.000000 15    0.0000000000
 6.000000 16    0.0000000000
 6.000000 17    0.0000000000
 6.000000 18    0.0000000000
 6.000000 19    0.0000000000
 6.000000 20    0.0000000000
 6.000000 21    0.0000000000
 6.000000 22    0.0000000000
 6.000000 23    0.0000000000
 6.000000 24    0.0000000000
 6.000000 25    0.0000000000
 6.000000 26    0.0000000000
 6.000000 27    0.0000000000
 6.000000 28    0.0000000000
 6.000000 29    0.0000000000
 6.000000 30    0.0000000000
 6.000000 31    0.0000000000
 6.000000 32    0.0000000000
 6.000000 33    0.0000000000
 6.000000 34    0.0000000000
 6.000000 35    0.0000000000
 6.000000 36    0.0000000000
 6.000000 37    0.0000000000
 6.000000 38    0.0000000000
 6.000000 39             nan
 6.000000 40             nan
 6.000000 41             nan
 6.000000 42             nan
 6.000000 43             nan
 6.000000 44             nan
 6.000000 45             nan
 6.000000 46             nan
 6.000000 47             nan
 7.000000 0    0.0000000000
 7.000000 1    0.0000000000
 7.000000 2    0.0000000000
 7.000000 3    0.0000000000
 7.000000 4    0.0000000000
 7.000000 5   -8.0000000000
 7.000000 6    0.0000000000
 7.000000 7    0.0000000000
 7.000000 8   -8.0000000000
 7.000000 9    0.0000000000
 7.000000 10    0.0000000000
 7.000000 11    0.0000000000
 7.000000 12    0.0000000000
 7.000000 13    0.0000000000
 7.000000 14    0.0000000000
 7.000000 15    0.0000000000
 7.000000 16    0.0000000000
 7.000000 17    0.0000000000
 7.000000 18    0.0000000000
 7.000000 19    0.0000000000
 7.000000 20    0.0000000000
 7.000000 21    0.0000000000
 7.000000 22    0.0000000000
 7.000000 23    0.0000000000
 7.000000 24    0.0000000000
 7.000000 25    0.0000000000
 7.000000 26    0.0000000000
 7.000000 27    0.0000000000
 7.000000 28    0.0000000000
 7.000000 29    0.0000000000
 7.000000 30    0.0000000000
 7.000000 31    0.0000000000
 7.000000 32    0.0000000000
 7.000000 33    0.0000000000
 7.000000 34    0.0000000000
 7.000000 35    0.0000000000
 7.000000 36    0.0000000000
 7.000000 37    0.0000000000
 7.000000 38    0.0000000000
 7.000000 39             nan
 7.000000 40             nan
 7.000000 41             nan
 7.000000 42             nan
 7.000000 43             nan
 7.000000 44             nan
 7.000000 45             nan
 7.000000 46             nan
 7.000000 47             nan
 8.000000 0    0.0000000000
 8.000000 1    0.0000000000
 8.000000 2    0.0000000000
 8.000000 3    0.0000000000
 8.000000 4    0.0000000000
 8.000000 5   -8.0000000000
 8.000000 6    0.0000000000
 8.000000 7    0.0000000000
 8.000000 8    0.0000000000
 8.000000 9    0.0000000000
 8.000000 10    0.0000000000
 8.000000 11    0.0000000000
 8.000000 12    0.0000000000
 8.000000 13    0.0000000000
 8.000000 14    0.0000000000
 8.000000 15    0.0000000000
 8.000000 16    0.0000000000
 8.000000 17    0.0000000000
 8.000000 18    0.0000000000
 8.000000 19    0.0000000000
 8.000000 20    0.0000000000
 8.000000 21    0.0000000000
 8.000000 22    0.0000000000
 8.000000 23    0.0000000000
 8.000000 24    0.0000000000
 8.000000 25    0.0000000000
 8.000000 26    0.0000000000
 8.000000 27    0.0000000000
 8.000000 28    0.0000000000
 8.000000 29    0.0000000000
 8.000000 30    8.0000000000
 8.000000 31    0.0000000000
 8.000000 32    0.0000000000
 8.000000 33    0.0000000000
 8.000000 34    0.0000000000
 8.000000 35    0.0000000000
 8.000000 36   16.0000000000
 8.000000 37    0.0000000000
 8.000000 38   16.0000000000
 8.000000 39             nan
 8.000000 40             nan
 8.000000 41             nan
 8.000000 42             nan
 8.000000 43             nan
 8.000000 44             nan
 8.000000 45             nan
 8.000000 46             nan
 8.000000 47             nan
 9.000000 0    0.0000000000
 9.000000 1    0.0000000000
 9.000000 2    0.0000000000
 9.000000 3    0.0000000000
 9.000000 4    0.0000000000
 9.000000 5    0.0000000000
 9.000000 6    0.0000000000
 9.000000 7    0.0000000000
 9.000000 8    0.0000000000
 9.000000 9    0.0000000000
 9.000000 10    0.0000000000
 9.000000 11    0.0000000000
 9.000000 12    0.0000000000
 9.000000 13    0.0000000000
 9.000000 14    0.0000000000
 9.000000 15    0.0000000000
 9.000000 16    0.0000000000
 9.000000 17    0.0000000000
 9.000000 18    0.0000000000
 9.000000 19    0.0000000000
 9.000000 20    0.0000000000
 9.000000 21    0.0000000000
 9.000000 22    0.0000000000
 9.000000 23    0.0000000000
 9.000000 24    0.0000000000
 9.000000 25    0.0000000000
 9.000000 26    0.0000000000
 9.000000 27    0.0000000000
 9.000000 28    0.0000000000
 9.000000 29    0.0000000000
 9.000000 30    0.0000000000
 9.000000 31    0.0000000000
 9.000000 32    0.0000000000
 9.000000 33    0.0000000000
 9.000000 34    0.0000000000
 9.000000 35    0.0000000000
 9.000000 36    0.0000000000
 9.000000 37    0.0000000000
 9.000000 38    0.0000000000
 9.000000 39             nan
 9.000000 40             nan
 9.000000 41             nan
 9.000000 42             nan
 9.000000 43             nan
 9.000000 44             nan
 9.000000 45             nan
 9.000000 46             nan
 9.000000 47             nan
 10.000000 0    0.0000000000
 10.000000 1    0.0000000000
 10.000000 2    0.0000000000
 10.000000 3    0.0000000000
 10.000000 4    0.0000000000
 10.000000 5    8.0000000000
 10.000000 6    0.0000000000
 10.000000 7    0.0000000000
 10.000000 8    0.0000000000
 10.000000 9    0.0000000000
 10.000000 10    0.0000000000
 10.000000 11    0.0000000000
 10.000000 12    0.0000000000
 10.000000 13    0.0000000000
 10.000000 14    0.0000000000
 10.000000 15    0.0000000000
 10.000000 16    0.0000000000
 10.000000 17    0.0000000000
 10.000000 18    0.0000000000
 10.000000 19    0.0000000000
 10.000000 20    0.0000000000
 10.000000 21    0.0000000000
 10.000000 22    0.0000000000
 10.000000 23    0.0000000000
 10.000000 24    0.0000000000
 10.000000 25    0.0000000000
 10.000000 26    0.0000000000
 10.000000 27    0.0000000000
 10.000000 28    0.0000000000
 10.000000 29    0.0000000000
 10.000000 30    0.0000000000
 10.000000 31    0.0000000000
 10.000000 32    0.0000000000
 10.000000 33    0.0000000000
 10.000000 34    0.0000000000
 10.000000 35    0.0000000000
 10.000000 36    0.0000000000
 10.000000 37    0.0000000000
 10.000000 38    0.0000000000
 10.000000 39             nan
 10.000000 40             nan
 10.000000 41             nan
 10.000000 42             nan
 10.000000 43             nan
 10.000000 44             nan
 10.000000 45             nan
 10.000000 46             nan
 10.000000 47             nan
 11.000000 0    0.0000000000
 11.000000 1    0.0000000000
 11.000000 2    0.0000000000
 11.000000 3    0.0000000000
 11.000000 4    8.0000000000
 11.000000 5   16.0000000000
 11.000000 6    0.0000000000
 11.000000 7    0.0000000000
 11.000000 8    0.0000000000
 11.000000 9    0.0000000000
 11.000000 10    0.0000000000
 11.000000 11    0.0000000000
 11.000000 12    0.0000000000
 11.000000 13    0.0000000000
 11.000000 14    0.0000000000
 11.000000 15    0.0000000000
 11.000000 16    0.0000000000
 11.000000 17    0.0000000000
 11.000000 18    0.0000000000
 11.000000 19    0.0000000000
 11.000000 20    0.0000000000
 11.000000 21    0.0000000000
 11.000000 22    0.0000000000
 11.000000 23    0.0000000000
 11.000000 24    0.0000000000
 11.000000 25    0.0000000000
 11.000000 26    0.0000000000
 11.000000 27    0.0000000000
 11.000000 28    0.0000000000
 11.000000 29    0.0000000000
 11.000000 30    0.0000000000
 11.000000 31    8.0000000000
 11.000000 32    0.0000000000
 11.000000 33    0.0000000000
 11.000000 34    0.0000000000
 11.000000 35    0.0000000000
 11.000000 36    0.0000000000
 11.000000 37    0.0000000000
 11.000000 38    0.0000000000
 11.000000 39             nan
 11.000000 40             nan
 11.000000 41             nan
 11.000000 42             nan
 11.000000 43             nan
 11.000000 44             nan
 11.000000 45             nan
 11.000000 46             nan
 11.000000 47             nan
 12.000000 0    0.0000000000
 12.000000 1    0.0000000000
 12.000000 2    0.0000000000
 12.000000 3    0.0000000000
 12.000000 4    0.0000000000
 12.000000 5    0.0000000000
 12.000000 6    0.0000000000
 12.000000 7    0.0000000000
 12.000000 8    0.0000000000
 12.000000 9    0.0000000000
 12.000000 10    0.0000000000
 12.000000 11    0.0000000000
 12.000000 12    0.0000000000
 12.000000 13    0.0000000000
 12.000000 14    0.0000000000
 12.000000 15    0.0000000000
 12.000000 16    0.0000000000
 12.000000 17    0.0000000000
 12.000000 18    0.0000000000
 12.000000 19    0.0000000000
 12.000000 20    0.0000000000
 12.000000 21    0.0000000000
 12.000000 22    0.0000000000
 12.000000 23    0.0000000000
 12.000000 24    0.0000000000
 12.000000 25    0.0000000000
 12.000000 26    0.0000000000
 12.000000 27    0.0000000000
 12.000000 28    0.0000000000
 12.000000 29    0.0000000000
 12.000000 30    0.0000000000
 12.000000 31    0.0000000000
 12.000000 32    0.0000000000
 12.000000 33    0.0000000000
 12.000000 34    0.0000000000
 12.000000 35    0.0000000000
 12.000000 36    0.0000000000
 12.000000 37    0.0000000000
 12.000000 38    0.0000000000
 12.000000 39             nan
 12.000000 40             nan
 12.000000 41             nan
 12.000000 42             nan
 12.000000 43             nan
 12.000000 44             nan
 12.000000 45             nan
 12.000000 46             nan
 12.000000 47             nan
 13.000000 0    0.0000000000
 13.000000 1   -8.0000000000
 13.000000 2   -8.0000000000
 13.000000 3    0.0000000000
 13.000000 4    0.0000000000
 13.000000 5   -8.0000000000
 13.000000 6    0.0000000000
 13.000000 7    0.0000000000
 13.000000 8    0.0000000000
 13.000000 9    0.0000000000
 13.000000 10    0.0000000000
 13.000000 11    0.0000000000
 13.000000 12    0.0000000000
 13.000000 13    0.0000000000
 13.000000 14    0.0000000000
 13.000000 15    0.0000000000
 13.000000 16    0.0000000000
 13.000000 17    0.0000000000
 13.000000 18    0.0000000000
 13.000000 19    0.0000000000
 13.000000 20    0.0000000000
 13.000000 21    0.0000000000
 13.000000 22    0.0000000000
 13.000000 23    0.0000000000
 13.000000 24    0.0000000000
 13.000000 25    0.0000000000
 13.000000 26    0.0000000000
 13.000000 27    0.0000000000
 13.000000 28    0.0000000000
 13.000000 29    0.0000000000
 13.000000 30    0.0000000000
 13.000000 31    8.0000000000
 13.000000 32    0.0000000000
 13.000000 33    0.0000000000
 13.000000 34    0.0000000000
 13.000000 35    0.0000000000
 13.000000 36    0.0000000000
 13.000000 37    0.0000000000
 13.000000 38    0.0000000000
 13.000000 39             nan
 13.000000 40             nan
 13.000000 41             nan
 13.000000 42             nan
 13.000000 43             nan
 13.000000 44             nan
 13.000000 45             nan
 13.000000 46             nan
 13.000000 47             nan
 14.000000 0    0.0000000000
 14.000000 1    0.0000000000
 14.000000 2    0.0000000000
 14.000000 3    0.0000000000
 14.000000 4    0.0000000000
 14.000000 5    0.0000000000
 14.000000 6    0.0000000000
 14.000000 7    0.0000000000
 14.000000 8    0.0000000000
 14.000000 9    0.0000000000
 14.000000 10    0.0000000000
 14.000000 11    0.0000000000
 14.000000 12    0.0000000000
 14.000000 13    0.0000000000
 14.000000 14    0.0000000000
 14.000000 15    0.0000000000
 14.000000 16    0.0000000000
 14.000000 17    0.0000000000
 14.000000 18    0.0000000000
 14.000000 19    0.0000000000
 14.000000 20    0.0000000000
 14.000000 21    0.0000000000
 14.000000 22    0.0000000000
 14.000000 23    0.0000000000
 14.000000 24    0.0000000000
 14.000000 25    0.0000000000
 14.000000 26    0.0000000000
 14.000000 27    0.0000000000
 14.000000 28    0.0000000000
 14.000000 29    0.0000000000
 14.000000 30    0.0000000000
 14.000000 31    0.0000000000
 14.000000 32    0.0000000000
 14.000000 33    0.0000000000
 14.000000 34    0.0000000000
 14.000000 35    0.0000000000
 14.000000 36    0.0000000000
 14.000000 37    0.0000000000
 14.000000 38    0.0000000000
 14.000000 39             nan
 14.000000 40             nan
 14.000000 41             nan
 14.000000 42             nan
 14.000000 43             nan
 14.000000 44             nan
 14.000000 45             nan
 14.000000 46             nan
 14.000000 47             nan
 15.000000 0    0.0000000000
 15.000000 1    8.0000000000
 15.000000 2    0.0000000000
 15.000000 3    0.0000000000
 15.000000 4    8.0000000000
 15.000000 5    0.0000000000
 15.000000 6    0.0000000000
 15.000000 7    0.0000000000
 15.000000 8    0.0000000000
 15.000000 9    0.0000000000
 15.000000 10    0.0000000000
 15.000000 11    0.0000000000
 15.000000 12    0.0000000000
 15.000000 13    0.0000000000
 15.000000 14    0.0000000000
 15.000000 15    0.0000000000
 15.000000 16    0.0000000000
 15.000000 17    0.0000000000
 15.000000 18    0.0000000000
 15.000000 19    0.0000000000
 15.000000 20    0.0000000000
 15.000000 21    0.0000000000
 15.000000 22    0.0000000000
 15.000000 23    0.0000000000
 15.000000 24    0.0000000000
 15.000000 25    0.0000000000
 15.000000 26    0.0000000000
 15.000000 27    0.0000000000
 15.000000 28    0.0000000000
 15.000000 29    0.0000000000
 15.000000 30    8.0000000000
 15.000000 31    8.0000000000
 15.000000 32    0.0000000000
 15.000000 33    0.0000000000
 15.000000 34    0.0000000000
 15.000000 35    0.0000000000
 15.000000 36    8.0000000000
 15.000000 37    0.0000000000
 15.000000 38    0.0000000000
 15.000000 39             nan
 15.000000 40             nan
 15.000000 41             nan
 15.000000 42             nan
 15.000000 43             nan
 15.000000 44             nan
 15.000000 45             nan
 15.000000 46             nan
 15.000000 47             nan
 16.000000 0    0.0000000000
 16.000000 1   -8.0000000000
 16.000000 2    0.0000000000
 16.000000 3    0.0000000000
 16.000000 4    0.0000000000
 16.000000 5    0.0000000000
 16.000000 6    0.0000000000
 16.000000 7    0.0000000000
 16.000000 8    0.0000000000
 16.000000 9    0.0000000000
 16.000000 10    0.0000000000
 16.000000 11    0.0000000000
 16.000000 12    0.0000000000
 16.000000 13    0.0000000000
 16.000000 14    0.0000000000
 16.000000 15    0.0000000000
 16.000000 16    0.0000000000
 16.000000 17    0.0000000000
 16.000000 18    0.0000000000
 16.000000 19    0.0000000000
 16.000000 20    0.0000000000
 16.000000 21    0.0000000000
 16.000000 22    0.0000000000
 16.000000 23    0.0000000000
 16.000000 24    0.0000000000
 16.000000 25    0.0000000000
 16.000000 26    0.0000000000
 16.000000 27    0.0000000000
 16.000000 28    0.0000000000
 16.000000 29    0.0000000000
 16.000000 30    0.0000000000
 16.000000 31    0.0000000000
 16.000000 32    8.0000000000
 16.000000 33    0.0000000000
 16.000000 34    0.0000000000
 16.000000 35    0.0000000000
 16.000000 36    0.0000000000
 16.000000 37    0.0000000000
 16.000000 38    0.0000000000
 16.000000 39             nan
 16.000000 40             nan
 16.000000 41             nan
 16.000000 42             nan
 16.000000 43             nan
 16.000000 44             nan
 16.000000 45             nan
 16.000000 46             nan
 16.000000 47             nan
