#! FIELDS time parameter ali_b2
 0.000000 0   -0.0092217093
 0.000000 1    0.0045420816
 0.000000 2   -0.0044620968
 0.000000 3   -0.0045690523
 0.000000 4    0.0343053080
 0.000000 5    0.0027868599
 0.000000 6    0.0254136994
 0.000000 7    0.0027292364
 0.000000 8    0.0062997648
 0.000000 9   -0.0300540831
 0.000000 10    0.0249122381
 0.000000 11    0.0244306568
 0.000000 12    0.0025189593
 0.000000 13   -0.0011418061
 0.000000 14    0.0083921924
 0.000000 15    0.0349533483
 0.000000 16   -0.0446988791
 0.000000 17    0.0036855303
 0.000000 18   -0.0114815272
 0.000000 19   -0.0159506090
 0.000000 20   -0.0214464255
 0.000000 21    0.0310653914
 0.000000 22    0.0019034967
 0.000000 23   -0.0057735834
 0.000000 24    0.0027828123
 0.000000 25   -0.0393413007
 0.000000 26   -0.0668993592
 0.000000 27    0.0101697184
 0.000000 28    0.0084091593
 0.000000 29   -0.0104830377
 0.000000 30    0.0095903073
 0.000000 31    0.0468234979
 0.000000 32    0.0045452081
 0.000000 33    0.0162938312
 0.000000 34    0.0356789231
 0.000000 35   -0.0438726321
 0.000000 36   -0.0552273020
 0.000000 37    0.0504852086
 0.000000 38    0.0431713350
 0.000000 39    0.1209948435
 0.000000 40   -0.0555606298
 0.000000 41    0.0417997576
 0.000000 42   -0.1432292461
 0.000000 43   -0.0530959070
 0.000000 44    0.0178258345
 0.000000 45    0.0000000000
 0.000000 46    0.0000000000
 0.000000 47    0.0000000000
 0.000000 48    0.0000000000
 0.000000 49    0.0000000000
 0.000000 50    0.0000000000
 0.000000 51    0.0000000000
 0.000000 52    0.0000000000
 0.000000 53    0.0000000000
 1.000000 0   -0.0047929715
 1.000000 1    0.0255648717
 1.000000 2   -0.0214551166
 1.000000 3   -0.0055459114
 1.000000 4    0.0226074290
 1.000000 5   -0.0028482024
 1.000000 6   -0.0017744973
 1.000000 7    0.0213108528
 1.000000 8   -0.0183390602
 1.000000 9   -0.0400047824
 1.000000 10    0.0396514945
 1.000000 11    0.0372614115
 1.000000 12    0.0085236868
 1.000000 13   -0.0033969227
 1.000000 14    0.0285062827
 1.000000 15    0.0567124411
 1.000000 16   -0.0710728467
 1.000000 17    0.0051408019
 1.000000 18   -0.0184606425
 1.000000 19   -0.0200050138
 1.000000 20   -0.0006551854
 1.000000 21    0.0639512837
 1.000000 22   -0.0317243114
 1.000000 23    0.0090619819
 1.000000 24    0.0025045499
 1.000000 25   -0.0280903094
 1.000000 26   -0.0681776926
 1.000000 27    0.0318877622
 1.000000 28   -0.0072353035
 1.000000 29    0.0038136132
 1.000000 30    0.0043929368
 1.000000 31    0.0277971402
 1.000000 32    0.0015328582
 1.000000 33   -0.0154420324
 1.000000 34    0.0480016619
 1.000000 35   -0.0674434900
 1.000000 36   -0.0612572506
 1.000000 37    0.0481788255
 1.000000 38    0.0623207614
 1.000000 39    0.0930343494
 1.000000 40   -0.0262413733
 1.000000 41    0.0189910047
 1.000000 42   -0.1137289181
 1.000000 43   -0.0453462154
 1.000000 44    0.0122900158
 1.000000 45    0.0000000000
 1.000000 46    0.0000000000
 1.000000 47    0.0000000000
 1.000000 48    0.0000000000
 1.000000 49    0.0000000000
 1.000000 50    0.0000000000
 1.000000 51    0.0000000000
 1.000000 52    0.0000000000
 1.000000 53    0.0000000000
 2.000000 0   -0.0244517345
 2.000000 1   -0.0114616286
 2.000000 2    0.0052599413
 2.000000 3   -0.0289646499
 2.000000 4    0.0844142735
 2.000000 5    0.0490600914
 2.000000 6    0.0547848381
 2.000000 7    0.0011347937
 2.000000 8    0.0236770529
 2.000000 9   -0.0524098352
 2.000000 10    0.0514452346
 2.000000 11    0.0463736840
 2.000000 12   -0.0000556568
 2.000000 13   -0.0099553037
 2.000000 14    0.0144016892
 2.000000 15    0.0502986871
 2.000000 16   -0.0567266978
 2.000000 17    0.0082395840
 2.000000 18   -0.0248102956
 2.000000 19   -0.0405672863
 2.000000 20   -0.0496761724
 2.000000 21    0.0890045464
 2.000000 22    0.0099553950
 2.000000 23   -0.0127697792
 2.000000 24    0.0113185477
 2.000000 25   -0.1170848310
 2.000000 26   -0.1637111157
 2.000000 27   -0.0264919922
 2.000000 28    0.0364802852
 2.000000 29   -0.0467549376
 2.000000 30    0.0521166064
 2.000000 31    0.0031784102
 2.000000 32   -0.0708364248
 2.000000 33    0.0182508789
 2.000000 34    0.0521573201
 2.000000 35   -0.0793500990
 2.000000 36   -0.0487071350
 2.000000 37    0.1709052920
 2.000000 38   -0.1541808993
 2.000000 39    0.1789989024
 2.000000 40    0.0547845848
 2.000000 41    0.4779612720
 2.000000 42   -0.2488816679
 2.000000 43   -0.2286598682
 2.000000 44   -0.0476939380
 2.000000 45    0.0000000000
 2.000000 46    0.0000000000
 2.000000 47    0.0000000000
 2.000000 48    0.0000000000
 2.000000 49    0.0000000000
 2.000000 50    0.0000000000
 2.000000 51    0.0000000000
 2.000000 52    0.0000000000
 2.000000 53    0.0000000000
 3.000000 0    0.0659934357
 3.000000 1   -0.0020537646
 3.000000 2    0.0016233365
 3.000000 3    0.0116454456
 3.000000 4   -0.0688821822
 3.000000 5   -0.0673612356
 3.000000 6   -0.0229608864
 3.000000 7    0.0109814908
 3.000000 8   -0.0239568818
 3.000000 9   -0.0498986728
 3.000000 10    0.0914484039
 3.000000 11    0.0379181467
 3.000000 12    0.0157574397
 3.000000 13   -0.0031522065
 3.000000 14    0.0473837256
 3.000000 15    0.0017863661
 3.000000 16   -0.0088692941
 3.000000 17    0.0025103111
 3.000000 18    0.0070147403
 3.000000 19    0.0065694526
 3.000000 20    0.0077714045
 3.000000 21   -0.0030662790
 3.000000 22    0.0100963749
 3.000000 23   -0.0041480549
 3.000000 24   -0.0036546178
 3.000000 25   -0.0183055773
 3.000000 26   -0.0254578963
 3.000000 27   -0.0002704263
 3.000000 28    0.0067862449
 3.000000 29   -0.0098636225
 3.000000 30   -0.0023002122
 3.000000 31    0.0496088006
 3.000000 32    0.0316238441
 3.000000 33   -0.0065461863
 3.000000 34    0.0243418589
 3.000000 35   -0.0331755430
 3.000000 36   -0.0149194039
 3.000000 37    0.0190518126
 3.000000 38    0.0134086944
 3.000000 39    0.0796921402
 3.000000 40   -0.0410566553
 3.000000 41    0.0586514398
 3.000000 42   -0.0782728866
 3.000000 43   -0.0765647590
 3.000000 44   -0.0369276777
 3.000000 45    0.0000000000
 3.000000 46    0.0000000000
 3.000000 47    0.0000000000
 3.000000 48    0.0000000000
 3.000000 49    0.0000000000
 3.000000 50    0.0000000000
 3.000000 51    0.0000000000
 3.000000 52    0.0000000000
 3.000000 53    0.0000000000
 4.000000 0    0.0032053441
 4.000000 1    0.2262758911
 4.000000 2    0.0051789358
 4.000000 3    0.0036944393
 4.000000 4   -0.0529372841
 4.000000 5   -0.2461817861
 4.000000 6   -0.0842255130
 4.000000 7    0.0112863993
 4.000000 8    0.1370622218
 4.000000 9   -0.0480180830
 4.000000 10   -0.0631314442
 4.000000 11    0.0610411130
 4.000000 12    0.0328555703
 4.000000 13    0.0140328258
 4.000000 14    0.1413464695
 4.000000 15    0.0910486281
 4.000000 16   -0.0989374071
 4.000000 17    0.0125758462
 4.000000 18   -0.0249877237
 4.000000 19   -0.0151115507
 4.000000 20    0.0524992421
 4.000000 21    0.1020468771
 4.000000 22   -0.0394456610
 4.000000 23    0.0226227231
 4.000000 24    0.0191505942
 4.000000 25   -0.0752998218
 4.000000 26   -0.1259958446
 4.000000 27    0.0208584070
 4.000000 28    0.0184818748
 4.000000 29   -0.0128745474
 4.000000 30    0.0832523853
 4.000000 31   -0.0295269880
 4.000000 32   -0.1185622066
 4.000000 33   -0.0318749994
 4.000000 34    0.0934389010
 4.000000 35   -0.1396508068
 4.000000 36   -0.0732557997
 4.000000 37    0.1929461360
 4.000000 38   -0.0615488216
 4.000000 39    0.2130768001
 4.000000 40   -0.0995842367
 4.000000 41    0.3104905188
 4.000000 42   -0.3068268895
 4.000000 43   -0.0824876130
 4.000000 44   -0.0380030274
 4.000000 45    0.0000000000
 4.000000 46    0.0000000000
 4.000000 47    0.0000000000
 4.000000 48    0.0000000000
 4.000000 49    0.0000000000
 4.000000 50    0.0000000000
 4.000000 51    0.0000000000
 4.000000 52    0.0000000000
 4.000000 53    0.0000000000
 5.000000 0    0.0713074282
 5.000000 1    0.0682637021
 5.000000 2   -0.0900122896
 5.000000 3   -0.0366349928
 5.000000 4   -0.0521645732
 5.000000 5   -0.1528666914
 5.000000 6   -0.0146417618
 5.000000 7    0.0297173802
 5.000000 8    0.0099455789
 5.000000 9   -0.0787605196
 5.000000 10    0.0471511111
 5.000000 11    0.0610194616
 5.000000 12    0.0352924988
 5.000000 13    0.0039476957
 5.000000 14    0.1313776672
 5.000000 15    0.0395442173
 5.000000 16   -0.0752042383
 5.000000 17    0.0187222622
 5.000000 18   -0.0192910787
 5.000000 19   -0.0034824312
 5.000000 20    0.0708761364
 5.000000 21    0.0212219134
 5.000000 22   -0.0407403186
 5.000000 23    0.0314023308
 5.000000 24    0.0032472974
 5.000000 25    0.0116169211
 5.000000 26    0.0041033439
 5.000000 27    0.0488021299
 5.000000 28   -0.0107097402
 5.000000 29    0.0097880587
 5.000000 30    0.0138768181
 5.000000 31    0.0321317017
 5.000000 32   -0.0002365541
 5.000000 33    0.0143401660
 5.000000 34    0.0561227873
 5.000000 35   -0.0599807277
 5.000000 36   -0.0229022726
 5.000000 37   -0.0691816509
 5.000000 38    0.0009252504
 5.000000 39   -0.0114068501
 5.000000 40    0.0294478312
 5.000000 41   -0.0437926203
 5.000000 42   -0.0639949888
 5.000000 43   -0.0269161612
 5.000000 44    0.0087288208
 5.000000 45    0.0000000000
 5.000000 46    0.0000000000
 5.000000 47    0.0000000000
 5.000000 48    0.0000000000
 5.000000 49    0.0000000000
 5.000000 50    0.0000000000
 5.000000 51    0.0000000000
 5.000000 52    0.0000000000
 5.000000 53    0.0000000000
 6.000000 0    0.0312389955
 6.000000 1    0.0521483719
 6.000000 2   -0.0664466619
 6.000000 3   -0.0081171151
 6.000000 4   -0.0218048356
 6.000000 5   -0.0924208611
 6.000000 6   -0.0063068569
 6.000000 7    0.0280508436
 6.000000 8   -0.0021876115
 6.000000 9   -0.0539818518
 6.000000 10    0.0369713902
 6.000000 11    0.0429253839
 6.000000 12    0.0438013971
 6.000000 13    0.0099674407
 6.000000 14    0.1058402658
 6.000000 15    0.0696891323
 6.000000 16   -0.0882578641
 6.000000 17    0.0053185392
 6.000000 18   -0.0252071656
 6.000000 19   -0.0158025101
 6.000000 20    0.0351409167
 6.000000 21    0.0227734279
 6.000000 22   -0.0330792665
 6.000000 23    0.0198385920
 6.000000 24   -0.0080823749
 6.000000 25   -0.0182565693
 6.000000 26   -0.0116923749
 6.000000 27   -0.0018192753
 6.000000 28    0.0025763921
 6.000000 29   -0.0109934006
 6.000000 30    0.0025647078
 6.000000 31    0.0516520739
 6.000000 32    0.0232088491
 6.000000 33   -0.0929869413
 6.000000 34    0.0241896193
 6.000000 35   -0.0909399390
 6.000000 36   -0.0188112427
 6.000000 37    0.0889832079
 6.000000 38    0.0423301309
 6.000000 39    0.0818471313
 6.000000 40   -0.0374619998
 6.000000 41    0.0845218599
 6.000000 42   -0.0366019532
 6.000000 43   -0.0798763037
 6.000000 44   -0.0844437033
 6.000000 45    0.0000000000
 6.000000 46    0.0000000000
 6.000000 47    0.0000000000
 6.000000 48    0.0000000000
 6.000000 49    0.0000000000
 6.000000 50    0.0000000000
 6.000000 51    0.0000000000
 6.000000 52    0.0000000000
 6.000000 53    0.0000000000
 7.000000 0   -0.0089407116
 7.000000 1   -0.0062275608
 7.000000 2    0.0038965056
 7.000000 3   -0.0140730105
 7.000000 4    0.0503895879
 7.000000 5    0.0323164314
 7.000000 6    0.0322926305
 7.000000 7   -0.0024114139
 7.000000 8    0.0094658770
 7.000000 9   -0.0412014425
 7.000000 10    0.0498702116
 7.000000 11    0.0451424494
 7.000000 12   -0.0135206040
 7.000000 13   -0.0128042344
 7.000000 14   -0.0025296025
 7.000000 15    0.0223035626
 7.000000 16   -0.0374780148
 7.000000 17    0.0064193793
 7.000000 18   -0.0167038441
 7.000000 19   -0.0173446666
 7.000000 20   -0.0391681343
 7.000000 21    0.0531189665
 7.000000 22    0.0071801245
 7.000000 23   -0.0162505023
 7.000000 24    0.0039668847
 7.000000 25   -0.0282859243
 7.000000 26   -0.1038530022
 7.000000 27    0.0630374029
 7.000000 28   -0.0128501728
 7.000000 29    0.0104234274
 7.000000 30    0.0192286242
 7.000000 31   -0.0280675516
 7.000000 32   -0.0742347240
 7.000000 33    0.0537516959
 7.000000 34    0.0588921309
 7.000000 35   -0.0541880056
 7.000000 36   -0.0414230749
 7.000000 37    0.1342073977
 7.000000 38   -0.0771123022
 7.000000 39    0.1431489587
 7.000000 40   -0.0715440363
 7.000000 41    0.2894737422
 7.000000 42   -0.2549860477
 7.000000 43   -0.0835258961
 7.000000 44   -0.0298015326
 7.000000 45    0.0000000000
 7.000000 46    0.0000000000
 7.000000 47    0.0000000000
 7.000000 48    0.0000000000
 7.000000 49    0.0000000000
 7.000000 50    0.0000000000
 7.000000 51    0.0000000000
 7.000000 52    0.0000000000
 7.000000 53    0.0000000000
 8.000000 0    0.0053724051
 8.000000 1    0.0495751202
 8.000000 2   -0.0398478061
 8.000000 3   -0.0023289360
 8.000000 4    0.0060185753
 8.000000 5   -0.0436245427
 8.000000 6   -0.0087262318
 8.000000 7    0.0290110707
 8.000000 8   -0.0142263658
 8.000000 9   -0.0391972288
 8.000000 10    0.0210277997
 8.000000 11    0.0364495888
 8.000000 12    0.0172314011
 8.000000 13    0.0005956069
 8.000000 14    0.0484273322
 8.000000 15    0.0555310212
 8.000000 16   -0.0750550106
 8.000000 17    0.0056386832
 8.000000 18   -0.0215329379
 8.000000 19   -0.0201807693
 8.000000 20    0.0194088891
 8.000000 21    0.0222390573
 8.000000 22   -0.0234372690
 8.000000 23    0.0136276959
 8.000000 24    0.0004494991
 8.000000 25   -0.0005847868
 8.000000 26   -0.0158660226
 8.000000 27    0.0574606508
 8.000000 28   -0.0272890832
 8.000000 29    0.0237319358
 8.000000 30    0.0086903609
 8.000000 31   -0.0002116188
 8.000000 32   -0.0157191996
 8.000000 33   -0.0261385739
 8.000000 34    0.0517371967
 8.000000 35   -0.0589106642
 8.000000 36   -0.0304462239
 8.000000 37   -0.0051217228
 8.000000 38    0.0447159074
 8.000000 39    0.0209801719
 8.000000 40    0.0145586804
 8.000000 41   -0.0264760219
 8.000000 42   -0.0595844202
 8.000000 43   -0.0206437781
 8.000000 44    0.0226705745
 8.000000 45    0.0000000000
 8.000000 46    0.0000000000
 8.000000 47    0.0000000000
 8.000000 48    0.0000000000
 8.000000 49    0.0000000000
 8.000000 50    0.0000000000
 8.000000 51    0.0000000000
 8.000000 52    0.0000000000
 8.000000 53    0.0000000000
 9.000000 0   -0.0201112852
 9.000000 1    0.0139476573
 9.000000 2   -0.0133823529
 9.000000 3   -0.0101259984
 9.000000 4    0.0411610231
 9.000000 5    0.0148562184
 9.000000 6    0.0092710666
 9.000000 7    0.0195500627
 9.000000 8   -0.0220749974
 9.000000 9   -0.0314539298
 9.000000 10    0.0397850499
 9.000000 11    0.0323409922
 9.000000 12    0.0147447288
 9.000000 13    0.0099606663
 9.000000 14    0.0160007533
 9.000000 15    0.0816900656
 9.000000 16   -0.0933464393
 9.000000 17    0.0004303269
 9.000000 18   -0.0343301296
 9.000000 19   -0.0419645533
 9.000000 20   -0.0351126641
 9.000000 21    0.0406462066
 9.000000 22   -0.0121536572
 9.000000 23    0.0022698529
 9.000000 24    0.0006462969
 9.000000 25   -0.0165541563
 9.000000 26   -0.0456091091
 9.000000 27    0.0383181088
 9.000000 28   -0.0112259854
 9.000000 29    0.0088149328
 9.000000 30    0.0027690195
 9.000000 31    0.0323494524
 9.000000 32    0.0106227938
 9.000000 33   -0.0267121326
 9.000000 34    0.0334971100
 9.000000 35   -0.0527821034
 9.000000 36   -0.0467861146
 9.000000 37    0.0311116204
 9.000000 38    0.0687635466
 9.000000 39    0.0596806444
 9.000000 40   -0.0090117678
 9.000000 41   -0.0059283748
 9.000000 42   -0.0782465339
 9.000000 43   -0.0371060967
 9.000000 44    0.0207901672
 9.000000 45    0.0000000000
 9.000000 46    0.0000000000
 9.000000 47    0.0000000000
 9.000000 48    0.0000000000
 9.000000 49    0.0000000000
 9.000000 50    0.0000000000
 9.000000 51    0.0000000000
 9.000000 52    0.0000000000
 9.000000 53    0.0000000000
 10.000000 0   -0.0442610197
 10.000000 1   -0.0016183418
 10.000000 2    0.0018640646
 10.000000 3   -0.0195214469
 10.000000 4    0.0851130709
 10.000000 5    0.0662138909
 10.000000 6    0.0412364379
 10.000000 7    0.0060285777
 10.000000 8    0.0045586899
 10.000000 9   -0.0539398380
 10.000000 10    0.0616112277
 10.000000 11    0.0579731911
 10.000000 12    0.0205135345
 10.000000 13    0.0013461430
 10.000000 14    0.0313214697
 10.000000 15    0.0752521008
 10.000000 16   -0.0846280977
 10.000000 17   -0.0018112548
 10.000000 18   -0.0330749527
 10.000000 19   -0.0434476025
 10.000000 20   -0.0680421442
 10.000000 21    0.0943649411
 10.000000 22   -0.0052229296
 10.000000 23   -0.0128238797
 10.000000 24   -0.0050891023
 10.000000 25   -0.0928969011
 10.000000 26   -0.1737715602
 10.000000 27    0.0061317980
 10.000000 28    0.0116012599
 10.000000 29   -0.0004451778
 10.000000 30    0.0526999906
 10.000000 31   -0.0386300460
 10.000000 32   -0.1072415859
 10.000000 33   -0.0150046796
 10.000000 34    0.0607006066
 10.000000 35   -0.0825474560
 10.000000 36   -0.0572239310
 10.000000 37    0.1865959764
 10.000000 38   -0.0642452240
 10.000000 39    0.2050220668
 10.000000 40   -0.0466907024
 10.000000 41    0.3275919855
 10.000000 42   -0.2671058774
 10.000000 43   -0.0998622179
 10.000000 44    0.0214049518
 10.000000 45    0.0000000000
 10.000000 46    0.0000000000
 10.000000 47    0.0000000000
 10.000000 48    0.0000000000
 10.000000 49    0.0000000000
 10.000000 50    0.0000000000
 10.000000 51    0.0000000000
 10.000000 52    0.0000000000
 10.000000 53    0.0000000000
 11.000000 0   -0.0323072076
 11.000000 1   -0.0252801329
 11.000000 2    0.0118046310
 11.000000 3   -0.0530241095
 11.000000 4    0.0972347409
 11.000000 5    0.0526996255
 11.000000 6    0.0513786115
 11.000000 7   -0.0052166078
 11.000000 8    0.0411280692
 11.000000 9   -0.0757897347
 11.000000 10    0.0602213964
 11.000000 11    0.0505531915
 11.000000 12    0.0061145183
 11.000000 13   -0.0061580259
 11.000000 14    0.0286812522
 11.000000 15    0.0612019785
 11.000000 16   -0.0585674979
 11.000000 17    0.0129324431
 11.000000 18   -0.0116620921
 11.000000 19   -0.0349320807
 11.000000 20   -0.0544697195
 11.000000 21    0.1004100814
 11.000000 22    0.0113655925
 11.000000 23   -0.0105200149
 11.000000 24    0.0447427556
 11.000000 25   -0.1013633534
 11.000000 26   -0.1771297753
 11.000000 27    0.0103445873
 11.000000 28    0.0301524680
 11.000000 29   -0.0197131224
 11.000000 30    0.1451685876
 11.000000 31   -0.0801033005
 11.000000 32   -0.1678482592
 11.000000 33   -0.0535390601
 11.000000 34    0.0864555240
 11.000000 35   -0.2052545249
 11.000000 36   -0.0549628958
 11.000000 37    0.4602391720
 11.000000 38   -0.4682175517
 11.000000 39    0.4028165340
 11.000000 40    0.0058811605
 11.000000 41    1.2879613638
 11.000000 42   -0.5408926010
 11.000000 43   -0.4399290085
 11.000000 44   -0.3826075792
 11.000000 45    0.0000000000
 11.000000 46    0.0000000000
 11.000000 47    0.0000000000
 11.000000 48    0.0000000000
 11.000000 49    0.0000000000
 11.000000 50    0.0000000000
 11.000000 51    0.0000000000
 11.000000 52    0.0000000000
 11.000000 53    0.0000000000
 12.000000 0    0.0553289130
 12.000000 1   -0.0069412277
 12.000000 2   -0.0008439957
 12.000000 3    0.0100312904
 12.000000 4   -0.0326490924
 12.000000 5   -0.0616470352
 12.000000 6    0.0077048354
 12.000000 7    0.0038141534
 12.000000 8   -0.0081063993
 12.000000 9   -0.0213153996
 12.000000 10    0.0452831276
 12.000000 11    0.0212160926
 12.000000 12    0.0040204208
 12.000000 13   -0.0039462084
 12.000000 14    0.0139561035
 12.000000 15    0.0039986186
 12.000000 16   -0.0093778828
 12.000000 17    0.0000389144
 12.000000 18    0.0043311138
 12.000000 19    0.0041692704
 12.000000 20    0.0143634118
 12.000000 21   -0.0302071255
 12.000000 22    0.0140240639
 12.000000 23   -0.0029131938
 12.000000 24   -0.0090443492
 12.000000 25   -0.0102123618
 12.000000 26    0.0137146227
 12.000000 27   -0.0272110067
 12.000000 28    0.0199240670
 12.000000 29   -0.0280425698
 12.000000 30   -0.0053154305
 12.000000 31    0.0681046695
 12.000000 32    0.0523528382
 12.000000 33   -0.0644525290
 12.000000 34    0.0082404688
 12.000000 35   -0.0430184230
 12.000000 36   -0.0152528230
 12.000000 37    0.0885643661
 12.000000 38    0.0173613913
 12.000000 39    0.1431791782
 12.000000 40   -0.0793797746
 12.000000 41    0.1344924271
 12.000000 42   -0.0557957068
 12.000000 43   -0.1096176207
 12.000000 44   -0.1229241788
 12.000000 45    0.0000000000
 12.000000 46    0.0000000000
 12.000000 47    0.0000000000
 12.000000 48    0.0000000000
 12.000000 49    0.0000000000
 12.000000 50    0.0000000000
 12.000000 51    0.0000000000
 12.000000 52    0.0000000000
 12.000000 53    0.0000000000
 13.000000 0    0.0294563323
 13.000000 1    0.0717879534
 13.000000 2   -0.0740175024
 13.000000 3   -0.0143539933
 13.000000 4   -0.0476328395
 13.000000 5   -0.1178111359
 13.000000 6   -0.0344777182
 13.000000 7    0.0237168148
 13.000000 8    0.0175379310
 13.000000 9   -0.0540558845
 13.000000 10    0.0172525682
 13.000000 11    0.0370961502
 13.000000 12    0.0280279107
 13.000000 13    0.0063002706
 13.000000 14    0.1055801213
 13.000000 15    0.0399338156
 13.000000 16   -0.0432682484
 13.000000 17   -0.0006501693
 13.000000 18   -0.0020761192
 13.000000 19    0.0234529451
 13.000000 20    0.0865391791
 13.000000 21    0.0475291796
 13.000000 22   -0.0506984740
 13.000000 23    0.0280278772
 13.000000 24    0.0058803456
 13.000000 25    0.0009067580
 13.000000 26   -0.0198550783
 13.000000 27    0.0549126379
 13.000000 28   -0.0172783565
 13.000000 29    0.0215077233
 13.000000 30    0.0146578224
 13.000000 31    0.0076723583
 13.000000 32   -0.0150516015
 13.000000 33   -0.0106615350
 13.000000 34    0.0551473424
 13.000000 35   -0.0723252222
 13.000000 36   -0.0391687229
 13.000000 37   -0.0400172994
 13.000000 38    0.0278731957
 13.000000 39    0.0093235746
 13.000000 40    0.0199193805
 13.000000 41   -0.0388693959
 13.000000 42   -0.0749276429
 13.000000 43   -0.0272611827
 13.000000 44    0.0144179463
 13.000000 45    0.0000000000
 13.000000 46    0.0000000000
 13.000000 47    0.0000000000
 13.000000 48    0.0000000000
 13.000000 49    0.0000000000
 13.000000 50    0.0000000000
 13.000000 51    0.0000000000
 13.000000 52    0.0000000000
 13.000000 53    0.0000000000
 14.000000 0    0.0023183892
 14.000000 1   -0.0198370423
 14.000000 2    0.0294420533
 14.000000 3   -0.0167312082
 14.000000 4    0.0687986612
 14.000000 5    0.0242652893
 14.000000 6    0.0540278852
 14.000000 7   -0.0086165350
 14.000000 8    0.0386549495
 14.000000 9   -0.0493316650
 14.000000 10    0.0649612397
 14.000000 11    0.0408911258
 14.000000 12   -0.0188273937
 14.000000 13   -0.0245326068
 14.000000 14   -0.0080881342
 14.000000 15    0.0083353966
 14.000000 16   -0.0154771451
 14.000000 17    0.0096365632
 14.000000 18   -0.0172096472
 14.000000 19   -0.0272433013
 14.000000 20   -0.0466601476
 14.000000 21    0.0679120719
 14.000000 22    0.0206870660
 14.000000 23   -0.0180651639
 14.000000 24    0.0102818888
 14.000000 25   -0.1020660549
 14.000000 26   -0.1600186825
 14.000000 27   -0.0080608353
 14.000000 28    0.0226916745
 14.000000 29   -0.0148227680
 14.000000 30    0.0599880219
 14.000000 31   -0.0318348557
 14.000000 32   -0.0964698866
 14.000000 33    0.0227436852
 14.000000 34    0.0590438619
 14.000000 35   -0.0699318275
 14.000000 36   -0.0291969739
 14.000000 37    0.1474066377
 14.000000 38   -0.1354197264
 14.000000 39    0.1547780484
 14.000000 40    0.0322040394
 14.000000 41    0.4244983196
 14.000000 42   -0.2410276830
 14.000000 43   -0.1861856282
 14.000000 44   -0.0179119110
 14.000000 45    0.0000000000
 14.000000 46    0.0000000000
 14.000000 47    0.0000000000
 14.000000 48    0.0000000000
 14.000000 49    0.0000000000
 14.000000 50    0.0000000000
 14.000000 51    0.0000000000
 14.000000 52    0.0000000000
 14.000000 53    0.0000000000
 15.000000 0   -0.0411560647
 15.000000 1    0.0024167774
 15.000000 2    0.0005882288
 15.000000 3   -0.0161409844
 15.000000 4    0.0722016171
 15.000000 5    0.0470555648
 15.000000 6    0.0321554840
 15.000000 7    0.0010111276
 15.000000 8    0.0062656207
 15.000000 9   -0.0377110243
 15.000000 10    0.0428124070
 15.000000 11    0.0391011238
 15.000000 12   -0.0054423148
 15.000000 13   -0.0074221678
 15.000000 14    0.0020731501
 15.000000 15    0.0389767773
 15.000000 16   -0.0501952544
 15.000000 17    0.0027023032
 15.000000 18   -0.0191109590
 15.000000 19   -0.0205537081
 15.000000 20   -0.0339356512
 15.000000 21    0.0819301754
 15.000000 22   -0.0096058212
 15.000000 23   -0.0121777952
 15.000000 24    0.0073009785
 15.000000 25   -0.0472222380
 15.000000 26   -0.1240564212
 15.000000 27    0.0674180090
 15.000000 28   -0.0167435966
 15.000000 29    0.0212301519
 15.000000 30    0.0225842465
 15.000000 31   -0.0436577946
 15.000000 32   -0.0781548172
 15.000000 33    0.0516827591
 15.000000 34    0.0585590452
 15.000000 35   -0.0621753186
 15.000000 36   -0.0528802015
 15.000000 37    0.1573826522
 15.000000 38   -0.0802511945
 15.000000 39    0.1543245614
 15.000000 40   -0.0743802935
 15.000000 41    0.3056010604
 15.000000 42   -0.2839314938
 15.000000 43   -0.0646027625
 15.000000 44   -0.0338660479
 15.000000 45    0.0000000000
 15.000000 46    0.0000000000
 15.000000 47    0.0000000000
 15.000000 48    0.0000000000
 15.000000 49    0.0000000000
 15.000000 50    0.0000000000
 15.000000 51    0.0000000000
 15.000000 52    0.0000000000
 15.000000 53    0.0000000000
 16.000000 0    0.0181006920
 16.000000 1    0.0067766453
 16.000000 2   -0.0079194196
 16.000000 3    0.0086843148
 16.000000 4    0.0119362064
 16.000000 5   -0.0244888738
 16.000000 6    0.0190781299
 16.000000 7    0.0083015719
 16.000000 8   -0.0079534166
 16.000000 9   -0.0118102431
 16.000000 10    0.0301426724
 16.000000 11    0.0115375742
 16.000000 12   -0.0013709869
 16.000000 13   -0.0002923422
 16.000000 14   -0.0006230325
 16.000000 15    0.0270676091
 16.000000 16   -0.0403747223
 16.000000 17    0.0031039193
 16.000000 18   -0.0152917765
 16.000000 19   -0.0126756970
 16.000000 20    0.0068305172
 16.000000 21    0.0039324127
 16.000000 22   -0.0058437474
 16.000000 23    0.0041445587
 16.000000 24   -0.0106690880
 16.000000 25   -0.0238468703
 16.000000 26   -0.0115606636
 16.000000 27   -0.0060424171
 16.000000 28    0.0016744006
 16.000000 29   -0.0081196968
 16.000000 30   -0.0132589415
 16.000000 31    0.0510636866
 16.000000 32    0.0364017785
 16.000000 33   -0.0573120937
 16.000000 34    0.0081096906
 16.000000 35   -0.0490258560
 16.000000 36   -0.0198910199
 16.000000 37    0.0755156577
 16.000000 38    0.0337570161
 16.000000 39    0.0860465020
 16.000000 40   -0.0332609639
 16.000000 41    0.0830390453
 16.000000 42   -0.0272631161
 16.000000 43   -0.0772261918
 16.000000 44   -0.0691234469
 16.000000 45    0.0000000000
 16.000000 46    0.0000000000
 16.000000 47    0.0000000000
 16.000000 48    0.0000000000
 16.000000 49    0.0000000000
 16.000000 50    0.0000000000
 16.000000 51    0.0000000000
 16.000000 52    0.0000000000
 16.000000 53    0.0000000000
