#! FIELDS time parameter ali_b1
 0.000000 0   -0.0163685866
 0.000000 1   -0.0064110095
 0.000000 2   -0.0004155412
 0.000000 3   -0.0006272756
 0.000000 4   -0.0346815698
 0.000000 5    0.0025044736
 0.000000 6   -0.0250710770
 0.000000 7   -0.0177284591
 0.000000 8    0.0264467448
 0.000000 9   -0.0197649784
 0.000000 10    0.0295326486
 0.000000 11    0.0028142864
 0.000000 12   -0.0045519024
 0.000000 13   -0.0093259364
 0.000000 14    0.0219633207
 0.000000 15   -0.0255208425
 0.000000 16    0.0171973482
 0.000000 17    0.0018182546
 0.000000 18    0.0322113335
 0.000000 19    0.0804019421
 0.000000 20   -0.0732091591
 0.000000 21    0.0520412996
 0.000000 22   -0.0433885232
 0.000000 23   -0.0332560241
 0.000000 24   -0.0184652396
 0.000000 25    0.0259214267
 0.000000 26   -0.0551921427
 0.000000 27    0.0667484030
 0.000000 28   -0.0499623232
 0.000000 29   -0.0535725802
 0.000000 30    0.0148270838
 0.000000 31   -0.0294154324
 0.000000 32    0.0058318358
 0.000000 33   -0.0769755468
 0.000000 34   -0.0215235595
 0.000000 35    0.1007971019
 0.000000 36    0.0215173233
 0.000000 37    0.0593834370
 0.000000 38    0.0534694269
 0.000000 39    0.0000000000
 0.000000 40    0.0000000000
 0.000000 41    0.0000000000
 0.000000 42    0.0000000000
 0.000000 43    0.0000000000
 0.000000 44    0.0000000000
 0.000000 45    0.0000000000
 0.000000 46    0.0000000000
 0.000000 47    0.0000000000
 1.000000 0    0.0766462088
 1.000000 1    0.0023723654
 1.000000 2   -0.0777569860
 1.000000 3   -0.0104911942
 1.000000 4   -0.0467174649
 1.000000 5   -0.0221151337
 1.000000 6    0.0188812260
 1.000000 7   -0.0386833437
 1.000000 8   -0.0595412664
 1.000000 9   -0.0364454724
 1.000000 10    0.0569279268
 1.000000 11   -0.0485459343
 1.000000 12   -0.0750996917
 1.000000 13   -0.0521071404
 1.000000 14    0.1257572323
 1.000000 15    0.0323246121
 1.000000 16    0.0477868468
 1.000000 17    0.0436166301
 1.000000 18   -0.0681807697
 1.000000 19   -0.0541169681
 1.000000 20    0.1386131793
 1.000000 21   -0.0879516751
 1.000000 22    0.0947552919
 1.000000 23   -0.0042143045
 1.000000 24    0.0346050039
 1.000000 25    0.0233167969
 1.000000 26   -0.0252082366
 1.000000 27    0.0016991422
 1.000000 28   -0.0411039405
 1.000000 29   -0.0430993997
 1.000000 30    0.0466028638
 1.000000 31    0.0615499727
 1.000000 32   -0.0274881758
 1.000000 33    0.0598331466
 1.000000 34   -0.0361710265
 1.000000 35   -0.0163432620
 1.000000 36    0.0075766072
 1.000000 37   -0.0178093221
 1.000000 38    0.0163256600
 1.000000 39    0.0000000000
 1.000000 40    0.0000000000
 1.000000 41    0.0000000000
 1.000000 42    0.0000000000
 1.000000 43    0.0000000000
 1.000000 44    0.0000000000
 1.000000 45    0.0000000000
 1.000000 46    0.0000000000
 1.000000 47    0.0000000000
 2.000000 0   -0.0100694988
 2.000000 1   -0.0039314521
 2.000000 2   -0.0211334936
 2.000000 3   -0.0021228790
 2.000000 4   -0.0139468201
 2.000000 5    0.0129643716
 2.000000 6   -0.0880630091
 2.000000 7   -0.0377821326
 2.000000 8    0.0159352496
 2.000000 9   -0.0454578623
 2.000000 10    0.1205807030
 2.000000 11   -0.0279484950
 2.000000 12    0.0306074731
 2.000000 13    0.0103948861
 2.000000 14   -0.0125597417
 2.000000 15    0.0745590329
 2.000000 16   -0.0915324092
 2.000000 17    0.0013997955
 2.000000 18    0.0231434945
 2.000000 19    0.0333643444
 2.000000 20    0.0402091295
 2.000000 21    0.0384270027
 2.000000 22   -0.0519260876
 2.000000 23   -0.0223657582
 2.000000 24   -0.0004593190
 2.000000 25    0.0168285817
 2.000000 26   -0.0456326455
 2.000000 27    0.0319533274
 2.000000 28   -0.0596524142
 2.000000 29   -0.0366693251
 2.000000 30    0.0025249887
 2.000000 31    0.0015500039
 2.000000 32   -0.0162151232
 2.000000 33   -0.0764961988
 2.000000 34    0.0157439187
 2.000000 35    0.0807095319
 2.000000 36    0.0214534439
 2.000000 37    0.0603088811
 2.000000 38    0.0313065052
 2.000000 39    0.0000000000
 2.000000 40    0.0000000000
 2.000000 41    0.0000000000
 2.000000 42    0.0000000000
 2.000000 43    0.0000000000
 2.000000 44    0.0000000000
 2.000000 45    0.0000000000
 2.000000 46    0.0000000000
 2.000000 47    0.0000000000
 3.000000 0   -0.0122078415
 3.000000 1   -0.0035068658
 3.000000 2   -0.0306013189
 3.000000 3   -0.0130784418
 3.000000 4   -0.0422688387
 3.000000 5   -0.0047328155
 3.000000 6   -0.0161893815
 3.000000 7   -0.0039327051
 3.000000 8   -0.0003823377
 3.000000 9   -0.0095947571
 3.000000 10    0.0295428373
 3.000000 11    0.0109613184
 3.000000 12   -0.0047885254
 3.000000 13   -0.0093608238
 3.000000 14    0.0169211607
 3.000000 15   -0.0097253844
 3.000000 16    0.0152371638
 3.000000 17    0.0099981017
 3.000000 18    0.0173274893
 3.000000 19    0.0468834005
 3.000000 20   -0.0242069811
 3.000000 21    0.0131710041
 3.000000 22   -0.0009325305
 3.000000 23    0.0000842884
 3.000000 24   -0.0032917652
 3.000000 25   -0.0024214201
 3.000000 26   -0.0034023765
 3.000000 27    0.0662167966
 3.000000 28    0.0084609212
 3.000000 29   -0.0413271859
 3.000000 30    0.0157604143
 3.000000 31   -0.0499921925
 3.000000 32   -0.0077487286
 3.000000 33   -0.0402699634
 3.000000 34   -0.0280136466
 3.000000 35    0.0573662743
 3.000000 36   -0.0033296458
 3.000000 37    0.0403047055
 3.000000 38    0.0170706138
 3.000000 39    0.0000000000
 3.000000 40    0.0000000000
 3.000000 41    0.0000000000
 3.000000 42    0.0000000000
 3.000000 43    0.0000000000
 3.000000 44    0.0000000000
 3.000000 45    0.0000000000
 3.000000 46    0.0000000000
 3.000000 47    0.0000000000
 4.000000 0   -0.0385453328
 4.000000 1   -0.0390004031
 4.000000 2   -0.0071552098
 4.000000 3    0.0448576659
 4.000000 4   -0.0734778866
 4.000000 5   -0.0164647084
 4.000000 6    0.0018322943
 4.000000 7   -0.0236971378
 4.000000 8    0.0518484674
 4.000000 9   -0.0278543979
 4.000000 10    0.0288854912
 4.000000 11    0.0558617562
 4.000000 12   -0.0292339753
 4.000000 13    0.0973671228
 4.000000 14   -0.0410605296
 4.000000 15    0.0522283092
 4.000000 16   -0.0151712438
 4.000000 17   -0.0811482146
 4.000000 18   -0.0140277073
 4.000000 19    0.0337132514
 4.000000 20   -0.0017457530
 4.000000 21   -0.0116809346
 4.000000 22   -0.0085271299
 4.000000 23    0.0186779872
 4.000000 24   -0.0518822260
 4.000000 25    0.0528556481
 4.000000 26   -0.0185199995
 4.000000 27   -0.0088452259
 4.000000 28   -0.0067154728
 4.000000 29   -0.0594554916
 4.000000 30   -0.0053507090
 4.000000 31   -0.0008366536
 4.000000 32   -0.0266899150
 4.000000 33    0.0483344086
 4.000000 34   -0.0844951868
 4.000000 35    0.0740629360
 4.000000 36    0.0401678309
 4.000000 37    0.0390996113
 4.000000 38    0.0517886654
 4.000000 39    0.0000000000
 4.000000 40    0.0000000000
 4.000000 41    0.0000000000
 4.000000 42    0.0000000000
 4.000000 43    0.0000000000
 4.000000 44    0.0000000000
 4.000000 45    0.0000000000
 4.000000 46    0.0000000000
 4.000000 47    0.0000000000
 5.000000 0   -0.0150283128
 5.000000 1   -0.0085884128
 5.000000 2   -0.0156035237
 5.000000 3    0.0124759972
 5.000000 4   -0.0427610278
 5.000000 5   -0.0182354543
 5.000000 6   -0.0091393655
 5.000000 7   -0.0143780150
 5.000000 8    0.0047833435
 5.000000 9   -0.0132754408
 5.000000 10    0.0096441098
 5.000000 11    0.0096444041
 5.000000 12    0.0015180893
 5.000000 13   -0.0152922869
 5.000000 14    0.0110752685
 5.000000 15   -0.0419670418
 5.000000 16    0.0136543699
 5.000000 17    0.0233337246
 5.000000 18   -0.0127776880
 5.000000 19    0.0670772418
 5.000000 20   -0.0323732421
 5.000000 21    0.0013422109
 5.000000 22    0.0042166109
 5.000000 23    0.0121194292
 5.000000 24    0.0092365444
 5.000000 25    0.0130981468
 5.000000 26   -0.0016427040
 5.000000 27    0.0706858039
 5.000000 28    0.0588231869
 5.000000 29   -0.0645748600
 5.000000 30    0.0679557621
 5.000000 31   -0.0704043955
 5.000000 32   -0.0689983815
 5.000000 33   -0.0635112375
 5.000000 34   -0.0966384634
 5.000000 35    0.1028774604
 5.000000 36   -0.0075153038
 5.000000 37    0.0815489292
 5.000000 38    0.0375945419
 5.000000 39    0.0000000000
 5.000000 40    0.0000000000
 5.000000 41    0.0000000000
 5.000000 42    0.0000000000
 5.000000 43    0.0000000000
 5.000000 44    0.0000000000
 5.000000 45    0.0000000000
 5.000000 46    0.0000000000
 5.000000 47    0.0000000000
 6.000000 0   -0.0358274393
 6.000000 1   -0.0096074194
 6.000000 2    0.0033457726
 6.000000 3    0.0280202907
 6.000000 4   -0.0659217164
 6.000000 5    0.0323047489
 6.000000 6   -0.0890710205
 6.000000 7   -0.0162775200
 6.000000 8    0.1307354271
 6.000000 9   -0.0646789297
 6.000000 10    0.1179790795
 6.000000 11   -0.0105568636
 6.000000 12    0.0343473107
 6.000000 13    0.0366655067
 6.000000 14   -0.0790708885
 6.000000 15    0.0413361900
 6.000000 16   -0.0886606872
 6.000000 17   -0.0347210653
 6.000000 18    0.0414645597
 6.000000 19    0.0994125754
 6.000000 20   -0.0761779398
 6.000000 21    0.0920120254
 6.000000 22   -0.0829198807
 6.000000 23   -0.0617085025
 6.000000 24   -0.0199551769
 6.000000 25    0.0314271376
 6.000000 26   -0.0764739513
 6.000000 27    0.0347610563
 6.000000 28   -0.0675257891
 6.000000 29   -0.0563504547
 6.000000 30    0.0074908463
 6.000000 31   -0.0064482540
 6.000000 32   -0.0137764160
 6.000000 33   -0.0953307599
 6.000000 34   -0.0413050950
 6.000000 35    0.1615119874
 6.000000 36    0.0254310556
 6.000000 37    0.0931820273
 6.000000 38    0.0809381157
 6.000000 39    0.0000000000
 6.000000 40    0.0000000000
 6.000000 41    0.0000000000
 6.000000 42    0.0000000000
 6.000000 43    0.0000000000
 6.000000 44    0.0000000000
 6.000000 45    0.0000000000
 6.000000 46    0.0000000000
 6.000000 47    0.0000000000
 7.000000 0    0.0297248363
 7.000000 1    0.0325531103
 7.000000 2   -0.0602107905
 7.000000 3    0.0504324324
 7.000000 4   -0.0678713098
 7.000000 5   -0.0069612972
 7.000000 6   -0.0042324103
 7.000000 7   -0.0455871597
 7.000000 8    0.0001724325
 7.000000 9   -0.0354488492
 7.000000 10    0.0115319751
 7.000000 11   -0.0170549657
 7.000000 12   -0.0197682977
 7.000000 13   -0.1095654666
 7.000000 14    0.1249843314
 7.000000 15   -0.1537780166
 7.000000 16    0.0294031948
 7.000000 17    0.0539357774
 7.000000 18    0.0017765951
 7.000000 19    0.0455857292
 7.000000 20   -0.0739012063
 7.000000 21   -0.1022569388
 7.000000 22    0.0675996691
 7.000000 23    0.0894565061
 7.000000 24    0.0968715549
 7.000000 25    0.1988936663
 7.000000 26   -0.1311869621
 7.000000 27    0.1389891505
 7.000000 28   -0.0800558180
 7.000000 29   -0.1127834320
 7.000000 30    0.0238732733
 7.000000 31   -0.0672914013
 7.000000 32    0.0218720082
 7.000000 33   -0.0527041107
 7.000000 34   -0.0256488286
 7.000000 35    0.0667496920
 7.000000 36    0.0265207943
 7.000000 37    0.0104526505
 7.000000 38    0.0449279137
 7.000000 39    0.0000000000
 7.000000 40    0.0000000000
 7.000000 41    0.0000000000
 7.000000 42    0.0000000000
 7.000000 43    0.0000000000
 7.000000 44    0.0000000000
 7.000000 45    0.0000000000
 7.000000 46    0.0000000000
 7.000000 47    0.0000000000
 8.000000 0   -0.0262272470
 8.000000 1   -0.0105070639
 8.000000 2   -0.0143157579
 8.000000 3    0.0187832434
 8.000000 4   -0.0269904211
 8.000000 5   -0.0139985336
 8.000000 6   -0.0477081612
 8.000000 7   -0.1132396311
 8.000000 8    0.0143722370
 8.000000 9   -0.1171018407
 8.000000 10    0.0595537387
 8.000000 11    0.0907231793
 8.000000 12    0.0072308853
 8.000000 13    0.0721042305
 8.000000 14   -0.0254287440
 8.000000 15    0.0522540957
 8.000000 16   -0.0082826205
 8.000000 17   -0.0584591851
 8.000000 18    0.0164735094
 8.000000 19    0.0657851249
 8.000000 20    0.0268894583
 8.000000 21    0.0889295489
 8.000000 22    0.0333304033
 8.000000 23   -0.0878931805
 8.000000 24    0.0182082243
 8.000000 25   -0.0533331521
 8.000000 26   -0.0086929612
 8.000000 27    0.1006470174
 8.000000 28    0.0736048967
 8.000000 29   -0.0390931182
 8.000000 30    0.0934992582
 8.000000 31   -0.0577850938
 8.000000 32   -0.0914938375
 8.000000 33   -0.1505128741
 8.000000 34   -0.2027342916
 8.000000 35    0.1351617277
 8.000000 36   -0.0544756353
 8.000000 37    0.1684938967
 8.000000 38    0.0722286999
 8.000000 39    0.0000000000
 8.000000 40    0.0000000000
 8.000000 41    0.0000000000
 8.000000 42    0.0000000000
 8.000000 43    0.0000000000
 8.000000 44    0.0000000000
 8.000000 45    0.0000000000
 8.000000 46    0.0000000000
 8.000000 47    0.0000000000
 9.000000 0   -0.0030836044
 9.000000 1   -0.0052780868
 9.000000 2   -0.0117566250
 9.000000 3   -0.0041244924
 9.000000 4   -0.0155453440
 9.000000 5    0.0020755306
 9.000000 6   -0.0048071649
 9.000000 7   -0.0063978173
 9.000000 8   -0.0007722229
 9.000000 9   -0.0197206512
 9.000000 10    0.0286699384
 9.000000 11    0.0060610715
 9.000000 12   -0.0128350556
 9.000000 13   -0.0127334259
 9.000000 14    0.0073358826
 9.000000 15    0.0483015515
 9.000000 16   -0.0194857419
 9.000000 17   -0.0072438344
 9.000000 18   -0.0139681641
 9.000000 19   -0.0500850976
 9.000000 20    0.0201797113
 9.000000 21   -0.0736869425
 9.000000 22    0.0286783874
 9.000000 23    0.0214971807
 9.000000 24    0.0031873155
 9.000000 25    0.0768092200
 9.000000 26   -0.0994348526
 9.000000 27    0.0845259354
 9.000000 28   -0.0476608053
 9.000000 29   -0.0645205900
 9.000000 30    0.0148976780
 9.000000 31   -0.0014027283
 9.000000 32    0.0056105182
 9.000000 33   -0.0319828652
 9.000000 34   -0.0188735835
 9.000000 35    0.0767281502
 9.000000 36    0.0132964607
 9.000000 37    0.0433050841
 9.000000 38    0.0442400686
 9.000000 39    0.0000000000
 9.000000 40    0.0000000000
 9.000000 41    0.0000000000
 9.000000 42    0.0000000000
 9.000000 43    0.0000000000
 9.000000 44    0.0000000000
 9.000000 45    0.0000000000
 9.000000 46    0.0000000000
 9.000000 47    0.0000000000
 10.000000 0   -0.0149808889
 10.000000 1   -0.0077077243
 10.000000 2   -0.0111629907
 10.000000 3   -0.0206031781
 10.000000 4   -0.0079473443
 10.000000 5   -0.0109145064
 10.000000 6   -0.0122515354
 10.000000 7   -0.0081044501
 10.000000 8   -0.0129347630
 10.000000 9   -0.0290732905
 10.000000 10    0.0449753329
 10.000000 11    0.0040176818
 10.000000 12    0.0090594366
 10.000000 13    0.0127441417
 10.000000 14   -0.0053185700
 10.000000 15    0.0746838227
 10.000000 16   -0.0472262949
 10.000000 17   -0.0091999359
 10.000000 18   -0.0136726284
 10.000000 19   -0.0393829904
 10.000000 20    0.0521949902
 10.000000 21   -0.0343182534
 10.000000 22    0.0191127583
 10.000000 23    0.0069519710
 10.000000 24    0.0135952830
 10.000000 25    0.0476794429
 10.000000 26   -0.0452712663
 10.000000 27    0.0609959140
 10.000000 28   -0.0403128900
 10.000000 29   -0.0439549461
 10.000000 30    0.0028530017
 10.000000 31   -0.0030341260
 10.000000 32    0.0023048241
 10.000000 33   -0.0394907705
 10.000000 34   -0.0066428296
 10.000000 35    0.0521656014
 10.000000 36    0.0032030717
 10.000000 37    0.0358469635
 10.000000 38    0.0211219117
 10.000000 39    0.0000000000
 10.000000 40    0.0000000000
 10.000000 41    0.0000000000
 10.000000 42    0.0000000000
 10.000000 43    0.0000000000
 10.000000 44    0.0000000000
 10.000000 45    0.0000000000
 10.000000 46    0.0000000000
 10.000000 47    0.0000000000
 11.000000 0   -0.0550099462
 11.000000 1    0.0062435009
 11.000000 2   -0.0056125745
 11.000000 3   -0.0297819488
 11.000000 4   -0.0369676016
 11.000000 5    0.0238288138
 11.000000 6   -0.0421280302
 11.000000 7    0.0205372330
 11.000000 8    0.0336974114
 11.000000 9    0.0065462533
 11.000000 10    0.0384676866
 11.000000 11    0.0055887252
 11.000000 12    0.0367239900
 11.000000 13    0.0121955927
 11.000000 14   -0.0357453153
 11.000000 15    0.0220846552
 11.000000 16   -0.0644469559
 11.000000 17   -0.0014868565
 11.000000 18    0.0614438653
 11.000000 19    0.0497199260
 11.000000 20   -0.0677768886
 11.000000 21    0.0444756299
 11.000000 22   -0.0486008339
 11.000000 23    0.0061102528
 11.000000 24    0.0101189353
 11.000000 25    0.0144911371
 11.000000 26   -0.0692368969
 11.000000 27    0.0007663630
 11.000000 28   -0.0435837917
 11.000000 29   -0.0258431826
 11.000000 30    0.0006058291
 11.000000 31   -0.0249115340
 11.000000 32   -0.0255598016
 11.000000 33   -0.0979780033
 11.000000 34    0.0245761797
 11.000000 35    0.1075787023
 11.000000 36    0.0421323963
 11.000000 37    0.0522794724
 11.000000 38    0.0544575900
 11.000000 39    0.0000000000
 11.000000 40    0.0000000000
 11.000000 41    0.0000000000
 11.000000 42    0.0000000000
 11.000000 43    0.0000000000
 11.000000 44    0.0000000000
 11.000000 45    0.0000000000
 11.000000 46    0.0000000000
 11.000000 47    0.0000000000
 12.000000 0   -0.0244061314
 12.000000 1   -0.0193633828
 12.000000 2   -0.0301587433
 12.000000 3    0.0259380452
 12.000000 4   -0.1243373454
 12.000000 5    0.0430082791
 12.000000 6   -0.0742541179
 12.000000 7   -0.0080777872
 12.000000 8    0.1029186770
 12.000000 9   -0.0427088141
 12.000000 10    0.0766580999
 12.000000 11   -0.0003961506
 12.000000 12    0.0226503629
 12.000000 13    0.0289275497
 12.000000 14   -0.0570565201
 12.000000 15   -0.0458708480
 12.000000 16    0.0128524452
 12.000000 17   -0.0082827471
 12.000000 18    0.0619831160
 12.000000 19    0.1483567953
 12.000000 20   -0.1347778141
 12.000000 21    0.0839503258
 12.000000 22   -0.0358565748
 12.000000 23   -0.0290905852
 12.000000 24   -0.0040032510
 12.000000 25    0.0116488449
 12.000000 26   -0.0124339536
 12.000000 27    0.0732399523
 12.000000 28   -0.0067021763
 12.000000 29   -0.0347040482
 12.000000 30    0.0346158072
 12.000000 31   -0.1146741584
 12.000000 32    0.0038306043
 12.000000 33   -0.1223240942
 12.000000 34   -0.0362371579
 12.000000 35    0.1226303130
 12.000000 36    0.0111896470
 12.000000 37    0.0668048710
 12.000000 38    0.0345126912
 12.000000 39    0.0000000000
 12.000000 40    0.0000000000
 12.000000 41    0.0000000000
 12.000000 42    0.0000000000
 12.000000 43    0.0000000000
 12.000000 44    0.0000000000
 12.000000 45    0.0000000000
 12.000000 46    0.0000000000
 12.000000 47    0.0000000000
 13.000000 0   -0.0461831838
 13.000000 1   -0.0169786084
 13.000000 2   -0.0015655234
 13.000000 3    0.0044277031
 13.000000 4   -0.0532354414
 13.000000 5    0.0154240737
 13.000000 6   -0.0485526025
 13.000000 7   -0.0156581346
 13.000000 8    0.0650346577
 13.000000 9   -0.0470747724
 13.000000 10    0.0762466788
 13.000000 11    0.0177999232
 13.000000 12    0.0273290053
 13.000000 13    0.0522960685
 13.000000 14   -0.0509557948
 13.000000 15    0.0594229549
 13.000000 16   -0.0690029711
 13.000000 17   -0.0382318944
 13.000000 18    0.0224194378
 13.000000 19    0.0633502677
 13.000000 20   -0.0171558261
 13.000000 21    0.0513150729
 13.000000 22   -0.0420647189
 13.000000 23   -0.0402660817
 13.000000 24   -0.0259308927
 13.000000 25    0.0398313999
 13.000000 26   -0.0705516934
 13.000000 27    0.0617614388
 13.000000 28   -0.0531330183
 13.000000 29   -0.0776429698
 13.000000 30    0.0078310594
 13.000000 31   -0.0020264536
 13.000000 32   -0.0110416226
 13.000000 33   -0.0714381561
 13.000000 34   -0.0651883930
 13.000000 35    0.1334301531
 13.000000 36    0.0046729483
 13.000000 37    0.0855633020
 13.000000 38    0.0757226273
 13.000000 39    0.0000000000
 13.000000 40    0.0000000000
 13.000000 41    0.0000000000
 13.000000 42    0.0000000000
 13.000000 43    0.0000000000
 13.000000 44    0.0000000000
 13.000000 45    0.0000000000
 13.000000 46    0.0000000000
 13.000000 47    0.0000000000
 14.000000 0   -0.0477954224
 14.000000 1    0.0108702574
 14.000000 2    0.0202955995
 14.000000 3   -0.0104539134
 14.000000 4    0.0140165575
 14.000000 5    0.0019888282
 14.000000 6   -0.0787779763
 14.000000 7   -0.0026203562
 14.000000 8    0.0409689993
 14.000000 9   -0.0131446458
 14.000000 10    0.1120558530
 14.000000 11    0.0106128734
 14.000000 12    0.0553258434
 14.000000 13    0.0372306444
 14.000000 14   -0.0703719705
 14.000000 15    0.0887247324
 14.000000 16   -0.1682567000
 14.000000 17   -0.0500914678
 14.000000 18   -0.0052310014
 14.000000 19   -0.0154121947
 14.000000 20    0.0423017740
 14.000000 21    0.0344630852
 14.000000 22   -0.0599081963
 14.000000 23   -0.0419559926
 14.000000 24   -0.0003023874
 14.000000 25    0.0274678953
 14.000000 26   -0.0695475340
 14.000000 27    0.0589869469
 14.000000 28   -0.0892912894
 14.000000 29   -0.0546866544
 14.000000 30    0.0110816918
 14.000000 31    0.0092962235
 14.000000 32    0.0006868243
 14.000000 33   -0.1215078086
 14.000000 34    0.0104173906
 14.000000 35    0.1171172336
 14.000000 36    0.0286308527
 14.000000 37    0.1141339019
 14.000000 38    0.0526814833
 14.000000 39    0.0000000000
 14.000000 40    0.0000000000
 14.000000 41    0.0000000000
 14.000000 42    0.0000000000
 14.000000 43    0.0000000000
 14.000000 44    0.0000000000
 14.000000 45    0.0000000000
 14.000000 46    0.0000000000
 14.000000 47    0.0000000000
 15.000000 0   -0.0126143591
 15.000000 1   -0.0036306633
 15.000000 2   -0.0075953137
 15.000000 3   -0.0128805852
 15.000000 4   -0.0068118870
 15.000000 5   -0.0025679301
 15.000000 6   -0.0197976269
 15.000000 7   -0.0038312916
 15.000000 8    0.0045347326
 15.000000 9   -0.0105581246
 15.000000 10    0.0366824195
 15.000000 11   -0.0089430995
 15.000000 12   -0.0119090155
 15.000000 13   -0.0048312992
 15.000000 14    0.0154901277
 15.000000 15    0.0287299044
 15.000000 16   -0.0350475945
 15.000000 17   -0.0013682358
 15.000000 18    0.0083689224
 15.000000 19    0.0104203187
 15.000000 20   -0.0070675649
 15.000000 21    0.0132493526
 15.000000 22   -0.0182211027
 15.000000 23   -0.0034991214
 15.000000 24    0.0051152240
 15.000000 25    0.0174707137
 15.000000 26   -0.0545065925
 15.000000 27    0.0252349246
 15.000000 28   -0.0467543863
 15.000000 29   -0.0294122696
 15.000000 30    0.0102109797
 15.000000 31    0.0117125101
 15.000000 32   -0.0148073211
 15.000000 33   -0.0443482995
 15.000000 34    0.0040815435
 15.000000 35    0.0714712739
 15.000000 36    0.0211986974
 15.000000 37    0.0387607254
 15.000000 38    0.0382712968
 15.000000 39    0.0000000000
 15.000000 40    0.0000000000
 15.000000 41    0.0000000000
 15.000000 42    0.0000000000
 15.000000 43    0.0000000000
 15.000000 44    0.0000000000
 15.000000 45    0.0000000000
 15.000000 46    0.0000000000
 15.000000 47    0.0000000000
 16.000000 0   -0.0188815258
 16.000000 1   -0.0035885950
 16.000000 2   -0.0021042675
 16.000000 3   -0.0128689511
 16.000000 4   -0.0163815543
 16.000000 5    0.0015349872
 16.000000 6   -0.0272769257
 16.000000 7   -0.0115699247
 16.000000 8    0.0109643936
 16.000000 9   -0.0134633258
 16.000000 10    0.0296220034
 16.000000 11   -0.0040939581
 16.000000 12   -0.0127502494
 16.000000 13   -0.0106060021
 16.000000 14    0.0290489141
 16.000000 15   -0.0025936067
 16.000000 16    0.0017432757
 16.000000 17   -0.0015033558
 16.000000 18    0.0335693955
 16.000000 19    0.0502018034
 16.000000 20   -0.0481707603
 16.000000 21    0.0441230908
 16.000000 22   -0.0430195704
 16.000000 23   -0.0127589982
 16.000000 24   -0.0018339884
 16.000000 25    0.0307590626
 16.000000 26   -0.0651607960
 16.000000 27    0.0757233128
 16.000000 28   -0.0703102723
 16.000000 29   -0.0456435680
 16.000000 30    0.0082674921
 16.000000 31   -0.0241461918
 16.000000 32    0.0109675080
 16.000000 33   -0.0838775933
 16.000000 34   -0.0015029274
 16.000000 35    0.0903713480
 16.000000 36    0.0118628778
 16.000000 37    0.0687988847
 16.000000 38    0.0365485512
 16.000000 39    0.0000000000
 16.000000 40    0.0000000000
 16.000000 41    0.0000000000
 16.000000 42    0.0000000000
 16.000000 43    0.0000000000
 16.000000 44    0.0000000000
 16.000000 45    0.0000000000
 16.000000 46    0.0000000000
 16.000000 47    0.0000000000
