#! FIELDS time parameter rc_b2 rc_b2N
 0.000000 0    0.4292674661    0.0000000000
 0.000000 1    0.0033762380    0.0000000000
 0.000000 2   -0.0175316669    0.0000000000
 0.000000 3   -0.0194036290    0.0000000000
 0.000000 4    0.1000388712    0.0000000000
 0.000000 5    0.0964942425    0.0000000000
 0.000000 6   -0.4098638296   -2.0000000000
 0.000000 7   -0.1034151018    0.0000000000
 0.000000 8   -0.0789625794    0.0000000000
 0.000000 9    0.0000000000    0.0000000000
 0.000000 10    0.0000000000    0.0000000000
 0.000000 11    0.0000000000    0.0000000000
 0.000000 12    0.0000000000    0.0000000000
 0.000000 13    0.0000000000    0.0000000000
 0.000000 14    0.0000000000    0.0000000000
 0.000000 15    0.0000000000    0.0000000000
 0.000000 16    0.0000000000    0.0000000000
 0.000000 17    0.0000000000    0.0000000000
 0.000000 18    0.0000000000    0.0000000000
 0.000000 19    0.0000000000    0.0000000000
 0.000000 20    0.0000000000    0.0000000000
 0.000000 21    0.0000000000    0.0000000000
 0.000000 22    0.0000000000    0.0000000000
 0.000000 23    0.0000000000    0.0000000000
 0.000000 24    0.0000000000    0.0000000000
 0.000000 25    0.0000000000    0.0000000000
 0.000000 26    0.0000000000    0.0000000000
 0.000000 27    0.0000000000    0.0000000000
 0.000000 28    0.0000000000    0.0000000000
 0.000000 29    0.0000000000    0.0000000000
 0.000000 30    0.0000000000    0.0000000000
 0.000000 31    0.0000000000    0.0000000000
 0.000000 32    0.0000000000    0.0000000000
 0.000000 33    0.0000000000    0.0000000000
 0.000000 34    0.0000000000    0.0000000000
 0.000000 35    0.0000000000    0.0000000000
 0.000000 36    0.0000000000    0.0000000000
 0.000000 37    0.0000000000    0.0000000000
 0.000000 38    0.0000000000    0.0000000000
 0.000000 39    0.0000000000    0.0000000000
 0.000000 40    0.0000000000    0.0000000000
 0.000000 41    0.0000000000    0.0000000000
 0.000000 42    0.0000000000    0.0000000000
 0.000000 43    0.0000000000    0.0000000000
 0.000000 44    0.0000000000    0.0000000000
 0.000000 45    0.0000000000             nan
 0.000000 46    0.0000000000             nan
 0.000000 47    0.0000000000             nan
 0.000000 48    0.0000000000             nan
 0.000000 49    0.0000000000             nan
 0.000000 50    0.0000000000             nan
 0.000000 51    0.0000000000             nan
 0.000000 52    0.0000000000             nan
 0.000000 53    0.0000000000             nan
 1.000000 0    0.4706451297    0.0000000000
 1.000000 1    0.1165871397    0.0000000000
 1.000000 2    0.0024949666    0.0000000000
 1.000000 3   -0.0054848623    0.0000000000
 1.000000 4    0.0183873922    0.0000000000
 1.000000 5    0.0231853612    0.0000000000
 1.000000 6   -0.4651602507    0.0000000000
 1.000000 7   -0.1349745393    0.0000000000
 1.000000 8   -0.0256803278    0.0000000000
 1.000000 9    0.0000000000    0.0000000000
 1.000000 10    0.0000000000    0.0000000000
 1.000000 11    0.0000000000    0.0000000000
 1.000000 12    0.0000000000    0.0000000000
 1.000000 13    0.0000000000    0.0000000000
 1.000000 14    0.0000000000    0.0000000000
 1.000000 15    0.0000000000    0.0000000000
 1.000000 16    0.0000000000    0.0000000000
 1.000000 17    0.0000000000    0.0000000000
 1.000000 18    0.0000000000    0.0000000000
 1.000000 19    0.0000000000    0.0000000000
 1.000000 20    0.0000000000    0.0000000000
 1.000000 21    0.0000000000    0.0000000000
 1.000000 22    0.0000000000    0.0000000000
 1.000000 23    0.0000000000    0.0000000000
 1.000000 24    0.0000000000    0.0000000000
 1.000000 25    0.0000000000    0.0000000000
 1.000000 26    0.0000000000    0.0000000000
 1.000000 27    0.0000000000    0.0000000000
 1.000000 28    0.0000000000    0.0000000000
 1.000000 29    0.0000000000    0.0000000000
 1.000000 30    0.0000000000    0.0000000000
 1.000000 31    0.0000000000    0.0000000000
 1.000000 32    0.0000000000    0.0000000000
 1.000000 33    0.0000000000    0.0000000000
 1.000000 34    0.0000000000    0.0000000000
 1.000000 35    0.0000000000    0.0000000000
 1.000000 36    0.0000000000    0.0000000000
 1.000000 37    0.0000000000    0.0000000000
 1.000000 38    0.0000000000    0.0000000000
 1.000000 39    0.0000000000    0.0000000000
 1.000000 40    0.0000000000    0.0000000000
 1.000000 41    0.0000000000    0.0000000000
 1.000000 42    0.0000000000    0.0000000000
 1.000000 43    0.0000000000    0.0000000000
 1.000000 44    0.0000000000    0.0000000000
 1.000000 45    0.0000000000             nan
 1.000000 46    0.0000000000             nan
 1.000000 47    0.0000000000             nan
 1.000000 48    0.0000000000             nan
 1.000000 49    0.0000000000             nan
 1.000000 50    0.0000000000             nan
 1.000000 51    0.0000000000             nan
 1.000000 52    0.0000000000             nan
 1.000000 53    0.0000000000             nan
 2.000000 0    0.4729213119    0.0000000000
 2.000000 1    0.0840578750    0.0000000000
 2.000000 2    0.0586767122    0.0000000000
 2.000000 3   -0.0077746920    0.0000000000
 2.000000 4    0.0236600302    0.0000000000
 2.000000 5    0.0203273445    0.0000000000
 2.000000 6   -0.4651466310   -2.0000000000
 2.000000 7   -0.1077179015    0.0000000000
 2.000000 8   -0.0790040568    0.0000000000
 2.000000 9    0.0000000000    0.0000000000
 2.000000 10    0.0000000000    0.0000000000
 2.000000 11    0.0000000000    0.0000000000
 2.000000 12    0.0000000000    0.0000000000
 2.000000 13    0.0000000000    0.0000000000
 2.000000 14    0.0000000000    0.0000000000
 2.000000 15    0.0000000000    0.0000000000
 2.000000 16    0.0000000000    0.0000000000
 2.000000 17    0.0000000000    0.0000000000
 2.000000 18    0.0000000000    0.0000000000
 2.000000 19    0.0000000000    0.0000000000
 2.000000 20    0.0000000000    0.0000000000
 2.000000 21    0.0000000000    0.0000000000
 2.000000 22    0.0000000000    0.0000000000
 2.000000 23    0.0000000000    0.0000000000
 2.000000 24    0.0000000000    0.0000000000
 2.000000 25    0.0000000000    0.0000000000
 2.000000 26    0.0000000000    0.0000000000
 2.000000 27    0.0000000000    0.0000000000
 2.000000 28    0.0000000000    0.0000000000
 2.000000 29    0.0000000000    0.0000000000
 2.000000 30    0.0000000000    0.0000000000
 2.000000 31    0.0000000000    0.0000000000
 2.000000 32    0.0000000000    0.0000000000
 2.000000 33    0.0000000000    0.0000000000
 2.000000 34    0.0000000000    0.0000000000
 2.000000 35    0.0000000000    0.0000000000
 2.000000 36    0.0000000000    0.0000000000
 2.000000 37    0.0000000000    0.0000000000
 2.000000 38    0.0000000000    0.0000000000
 2.000000 39    0.0000000000    0.0000000000
 2.000000 40    0.0000000000    0.0000000000
 2.000000 41    0.0000000000    0.0000000000
 2.000000 42    0.0000000000    0.0000000000
 2.000000 43    0.0000000000    0.0000000000
 2.000000 44    0.0000000000    0.0000000000
 2.000000 45    0.0000000000             nan
 2.000000 46    0.0000000000             nan
 2.000000 47    0.0000000000             nan
 2.000000 48    0.0000000000             nan
 2.000000 49    0.0000000000             nan
 2.000000 50    0.0000000000             nan
 2.000000 51    0.0000000000             nan
 2.000000 52    0.0000000000             nan
 2.000000 53    0.0000000000             nan
 3.000000 0    0.5056069493    0.0000000000
 3.000000 1   -0.0209465474    0.0000000000
 3.000000 2    0.0236877557    0.0000000000
 3.000000 3   -0.0004052818    0.0000000000
 3.000000 4   -0.0119598694    0.0000000000
 3.000000 5   -0.0055514914    0.0000000000
 3.000000 6   -0.5052016973    0.0000000000
 3.000000 7    0.0329064168    0.0000000000
 3.000000 8   -0.0181362648    0.0000000000
 3.000000 9    0.0000000000    0.0000000000
 3.000000 10    0.0000000000    0.0000000000
 3.000000 11    0.0000000000    0.0000000000
 3.000000 12    0.0000000000    0.0000000000
 3.000000 13    0.0000000000    0.0000000000
 3.000000 14    0.0000000000    0.0000000000
 3.000000 15    0.0000000000    0.0000000000
 3.000000 16    0.0000000000    0.0000000000
 3.000000 17    0.0000000000    0.0000000000
 3.000000 18    0.0000000000    0.0000000000
 3.000000 19    0.0000000000    0.0000000000
 3.000000 20    0.0000000000    0.0000000000
 3.000000 21    0.0000000000    0.0000000000
 3.000000 22    0.0000000000    0.0000000000
 3.000000 23    0.0000000000    0.0000000000
 3.000000 24    0.0000000000    0.0000000000
 3.000000 25    0.0000000000    0.0000000000
 3.000000 26    0.0000000000    0.0000000000
 3.000000 27    0.0000000000    0.0000000000
 3.000000 28    0.0000000000    0.0000000000
 3.000000 29    0.0000000000    0.0000000000
 3.000000 30    0.0000000000    0.0000000000
 3.000000 31    0.0000000000    0.0000000000
 3.000000 32    0.0000000000    0.0000000000
 3.000000 33    0.0000000000    0.0000000000
 3.000000 34    0.0000000000    0.0000000000
 3.000000 35    0.0000000000    0.0000000000
 3.000000 36    0.0000000000    0.0000000000
 3.000000 37    0.0000000000    0.0000000000
 3.000000 38    0.0000000000    0.0000000000
 3.000000 39    0.0000000000    0.0000000000
 3.000000 40    0.0000000000    0.0000000000
 3.000000 41    0.0000000000    0.0000000000
 3.000000 42    0.0000000000    0.0000000000
 3.000000 43    0.0000000000    0.0000000000
 3.000000 44    0.0000000000    0.0000000000
 3.000000 45    0.0000000000             nan
 3.000000 46    0.0000000000             nan
 3.000000 47    0.0000000000             nan
 3.000000 48    0.0000000000             nan
 3.000000 49    0.0000000000             nan
 3.000000 50    0.0000000000             nan
 3.000000 51    0.0000000000             nan
 3.000000 52    0.0000000000             nan
 3.000000 53    0.0000000000             nan
 4.000000 0    0.3744709194    0.0000000000
 4.000000 1    0.5104082823    0.0000000000
 4.000000 2    0.0245978311    0.0000000000
 4.000000 3   -0.0242172144    0.0000000000
 4.000000 4   -0.0396619365    0.0000000000
 4.000000 5   -0.2626461983    0.0000000000
 4.000000 6   -0.3502537012   -2.0000000000
 4.000000 7   -0.4707463682    0.0000000000
 4.000000 8    0.2380483747    2.0000000000
 4.000000 9    0.0000000000    0.0000000000
 4.000000 10    0.0000000000    0.0000000000
 4.000000 11    0.0000000000    0.0000000000
 4.000000 12    0.0000000000    0.0000000000
 4.000000 13    0.0000000000    0.0000000000
 4.000000 14    0.0000000000    0.0000000000
 4.000000 15    0.0000000000    0.0000000000
 4.000000 16    0.0000000000    0.0000000000
 4.000000 17    0.0000000000    0.0000000000
 4.000000 18    0.0000000000    0.0000000000
 4.000000 19    0.0000000000    0.0000000000
 4.000000 20    0.0000000000    0.0000000000
 4.000000 21    0.0000000000    0.0000000000
 4.000000 22    0.0000000000    0.0000000000
 4.000000 23    0.0000000000    0.0000000000
 4.000000 24    0.0000000000    0.0000000000
 4.000000 25    0.0000000000    0.0000000000
 4.000000 26    0.0000000000    0.0000000000
 4.000000 27    0.0000000000    0.0000000000
 4.000000 28    0.0000000000    0.0000000000
 4.000000 29    0.0000000000    0.0000000000
 4.000000 30    0.0000000000    0.0000000000
 4.000000 31    0.0000000000    0.0000000000
 4.000000 32    0.0000000000    0.0000000000
 4.000000 33    0.0000000000    0.0000000000
 4.000000 34    0.0000000000    0.0000000000
 4.000000 35    0.0000000000    0.0000000000
 4.000000 36    0.0000000000    0.0000000000
 4.000000 37    0.0000000000    0.0000000000
 4.000000 38    0.0000000000    0.0000000000
 4.000000 39    0.0000000000    0.0000000000
 4.000000 40    0.0000000000    0.0000000000
 4.000000 41    0.0000000000    0.0000000000
 4.000000 42    0.0000000000    0.0000000000
 4.000000 43    0.0000000000    0.0000000000
 4.000000 44    0.0000000000    0.0000000000
 4.000000 45    0.0000000000             nan
 4.000000 46    0.0000000000             nan
 4.000000 47    0.0000000000             nan
 4.000000 48    0.0000000000             nan
 4.000000 49    0.0000000000             nan
 4.000000 50    0.0000000000             nan
 4.000000 51    0.0000000000             nan
 4.000000 52    0.0000000000             nan
 4.000000 53    0.0000000000             nan
 5.000000 0    0.3959572911    2.0000000000
 5.000000 1    0.0602853000    0.0000000000
 5.000000 2   -0.2373943329    0.0000000000
 5.000000 3    0.0193276983    0.0000000000
 5.000000 4    0.0402703024    0.0000000000
 5.000000 5    0.0522430688    0.0000000000
 5.000000 6   -0.4152849913    0.0000000000
 5.000000 7   -0.1005556062    0.0000000000
 5.000000 8    0.1851512641    0.0000000000
 5.000000 9    0.0000000000    0.0000000000
 5.000000 10    0.0000000000    0.0000000000
 5.000000 11    0.0000000000    0.0000000000
 5.000000 12    0.0000000000    0.0000000000
 5.000000 13    0.0000000000    0.0000000000
 5.000000 14    0.0000000000    0.0000000000
 5.000000 15    0.0000000000    0.0000000000
 5.000000 16    0.0000000000    0.0000000000
 5.000000 17    0.0000000000    0.0000000000
 5.000000 18    0.0000000000    0.0000000000
 5.000000 19    0.0000000000    0.0000000000
 5.000000 20    0.0000000000    0.0000000000
 5.000000 21    0.0000000000    0.0000000000
 5.000000 22    0.0000000000    0.0000000000
 5.000000 23    0.0000000000    0.0000000000
 5.000000 24    0.0000000000    0.0000000000
 5.000000 25    0.0000000000    0.0000000000
 5.000000 26    0.0000000000    0.0000000000
 5.000000 27    0.0000000000    0.0000000000
 5.000000 28    0.0000000000    0.0000000000
 5.000000 29    0.0000000000    0.0000000000
 5.000000 30    0.0000000000    0.0000000000
 5.000000 31    0.0000000000    0.0000000000
 5.000000 32    0.0000000000    0.0000000000
 5.000000 33    0.0000000000    0.0000000000
 5.000000 34    0.0000000000    0.0000000000
 5.000000 35    0.0000000000    0.0000000000
 5.000000 36    0.0000000000    0.0000000000
 5.000000 37    0.0000000000    0.0000000000
 5.000000 38    0.0000000000    0.0000000000
 5.000000 39    0.0000000000    0.0000000000
 5.000000 40    0.0000000000    0.0000000000
 5.000000 41    0.0000000000    0.0000000000
 5.000000 42    0.0000000000    0.0000000000
 5.000000 43    0.0000000000    0.0000000000
 5.000000 44    0.0000000000    0.0000000000
 5.000000 45    0.0000000000             nan
 5.000000 46    0.0000000000             nan
 5.000000 47    0.0000000000             nan
 5.000000 48    0.0000000000             nan
 5.000000 49    0.0000000000             nan
 5.000000 50    0.0000000000             nan
 5.000000 51    0.0000000000             nan
 5.000000 52    0.0000000000             nan
 5.000000 53    0.0000000000             nan
 6.000000 0    0.4358606040    0.0000000000
 6.000000 1    0.0532970354    0.0000000000
 6.000000 2   -0.1806692779    0.0000000000
 6.000000 3    0.0066433530    0.0000000000
 6.000000 4    0.0364802033    0.0000000000
 6.000000 5    0.0343398862    0.0000000000
 6.000000 6   -0.4425039291   -2.0000000000
 6.000000 7   -0.0897772387    0.0000000000
 6.000000 8    0.1463294029    2.0000000000
 6.000000 9    0.0000000000    0.0000000000
 6.000000 10    0.0000000000    0.0000000000
 6.000000 11    0.0000000000    0.0000000000
 6.000000 12    0.0000000000    0.0000000000
 6.000000 13    0.0000000000    0.0000000000
 6.000000 14    0.0000000000    0.0000000000
 6.000000 15    0.0000000000    0.0000000000
 6.000000 16    0.0000000000    0.0000000000
 6.000000 17    0.0000000000    0.0000000000
 6.000000 18    0.0000000000    0.0000000000
 6.000000 19    0.0000000000    0.0000000000
 6.000000 20    0.0000000000    0.0000000000
 6.000000 21    0.0000000000    0.0000000000
 6.000000 22    0.0000000000    0.0000000000
 6.000000 23    0.0000000000    0.0000000000
 6.000000 24    0.0000000000    0.0000000000
 6.000000 25    0.0000000000    0.0000000000
 6.000000 26    0.0000000000    0.0000000000
 6.000000 27    0.0000000000    0.0000000000
 6.000000 28    0.0000000000    0.0000000000
 6.000000 29    0.0000000000    0.0000000000
 6.000000 30    0.0000000000    0.0000000000
 6.000000 31    0.0000000000    0.0000000000
 6.000000 32    0.0000000000    0.0000000000
 6.000000 33    0.0000000000    0.0000000000
 6.000000 34    0.0000000000    0.0000000000
 6.000000 35    0.0000000000    0.0000000000
 6.000000 36    0.0000000000    0.0000000000
 6.000000 37    0.0000000000    0.0000000000
 6.000000 38    0.0000000000    0.0000000000
 6.000000 39    0.0000000000    0.0000000000
 6.000000 40    0.0000000000    0.0000000000
 6.000000 41    0.0000000000    0.0000000000
 6.000000 42    0.0000000000    0.0000000000
 6.000000 43    0.0000000000    0.0000000000
 6.000000 44    0.0000000000    0.0000000000
 6.000000 45    0.0000000000             nan
 6.000000 46    0.0000000000             nan
 6.000000 47    0.0000000000             nan
 6.000000 48    0.0000000000             nan
 6.000000 49    0.0000000000             nan
 6.000000 50    0.0000000000             nan
 6.000000 51    0.0000000000             nan
 6.000000 52    0.0000000000             nan
 6.000000 53    0.0000000000             nan
 7.000000 0    0.4865749776    2.0000000000
 7.000000 1    0.0567108095    0.0000000000
 7.000000 2    0.0564730987    0.0000000000
 7.000000 3   -0.0023643547    0.0000000000
 7.000000 4    0.0093176169    0.0000000000
 7.000000 5    0.0097931251    0.0000000000
 7.000000 6   -0.4842106104    0.0000000000
 7.000000 7   -0.0660284311    0.0000000000
 7.000000 8   -0.0662662238    0.0000000000
 7.000000 9    0.0000000000    0.0000000000
 7.000000 10    0.0000000000    0.0000000000
 7.000000 11    0.0000000000    0.0000000000
 7.000000 12    0.0000000000    0.0000000000
 7.000000 13    0.0000000000    0.0000000000
 7.000000 14    0.0000000000    0.0000000000
 7.000000 15    0.0000000000    0.0000000000
 7.000000 16    0.0000000000    0.0000000000
 7.000000 17    0.0000000000    0.0000000000
 7.000000 18    0.0000000000    0.0000000000
 7.000000 19    0.0000000000    0.0000000000
 7.000000 20    0.0000000000    0.0000000000
 7.000000 21    0.0000000000    0.0000000000
 7.000000 22    0.0000000000    0.0000000000
 7.000000 23    0.0000000000    0.0000000000
 7.000000 24    0.0000000000    0.0000000000
 7.000000 25    0.0000000000    0.0000000000
 7.000000 26    0.0000000000    0.0000000000
 7.000000 27    0.0000000000    0.0000000000
 7.000000 28    0.0000000000    0.0000000000
 7.000000 29    0.0000000000    0.0000000000
 7.000000 30    0.0000000000    0.0000000000
 7.000000 31    0.0000000000    0.0000000000
 7.000000 32    0.0000000000    0.0000000000
 7.000000 33    0.0000000000    0.0000000000
 7.000000 34    0.0000000000    0.0000000000
 7.000000 35    0.0000000000    0.0000000000
 7.000000 36    0.0000000000    0.0000000000
 7.000000 37    0.0000000000    0.0000000000
 7.000000 38    0.0000000000    0.0000000000
 7.000000 39    0.0000000000    0.0000000000
 7.000000 40    0.0000000000    0.0000000000
 7.000000 41    0.0000000000    0.0000000000
 7.000000 42    0.0000000000    0.0000000000
 7.000000 43    0.0000000000    0.0000000000
 7.000000 44    0.0000000000    0.0000000000
 7.000000 45    0.0000000000             nan
 7.000000 46    0.0000000000             nan
 7.000000 47    0.0000000000             nan
 7.000000 48    0.0000000000             nan
 7.000000 49    0.0000000000             nan
 7.000000 50    0.0000000000             nan
 7.000000 51    0.0000000000             nan
 7.000000 52    0.0000000000             nan
 7.000000 53    0.0000000000             nan
 8.000000 0    0.4400674701    0.0000000000
 8.000000 1    0.1448833495    0.0000000000
 8.000000 2   -0.0913547128    0.0000000000
 8.000000 3   -0.0061434731    0.0000000000
 8.000000 4    0.0339935422    0.0000000000
 8.000000 5    0.0441525988    0.0000000000
 8.000000 6   -0.4339239895    0.0000000000
 8.000000 7   -0.1788768917    0.0000000000
 8.000000 8    0.0472021140    0.0000000000
 8.000000 9    0.0000000000    0.0000000000
 8.000000 10    0.0000000000    0.0000000000
 8.000000 11    0.0000000000    0.0000000000
 8.000000 12    0.0000000000    0.0000000000
 8.000000 13    0.0000000000    0.0000000000
 8.000000 14    0.0000000000    0.0000000000
 8.000000 15    0.0000000000    0.0000000000
 8.000000 16    0.0000000000    0.0000000000
 8.000000 17    0.0000000000    0.0000000000
 8.000000 18    0.0000000000    0.0000000000
 8.000000 19    0.0000000000    0.0000000000
 8.000000 20    0.0000000000    0.0000000000
 8.000000 21    0.0000000000    0.0000000000
 8.000000 22    0.0000000000    0.0000000000
 8.000000 23    0.0000000000    0.0000000000
 8.000000 24    0.0000000000    0.0000000000
 8.000000 25    0.0000000000    0.0000000000
 8.000000 26    0.0000000000    0.0000000000
 8.000000 27    0.0000000000    0.0000000000
 8.000000 28    0.0000000000    0.0000000000
 8.000000 29    0.0000000000    0.0000000000
 8.000000 30    0.0000000000    0.0000000000
 8.000000 31    0.0000000000    0.0000000000
 8.000000 32    0.0000000000    0.0000000000
 8.000000 33    0.0000000000    0.0000000000
 8.000000 34    0.0000000000    0.0000000000
 8.000000 35    0.0000000000    0.0000000000
 8.000000 36    0.0000000000    0.0000000000
 8.000000 37    0.0000000000    0.0000000000
 8.000000 38    0.0000000000    0.0000000000
 8.000000 39    0.0000000000    0.0000000000
 8.000000 40    0.0000000000    0.0000000000
 8.000000 41    0.0000000000    0.0000000000
 8.000000 42    0.0000000000    0.0000000000
 8.000000 43    0.0000000000    0.0000000000
 8.000000 44    0.0000000000    0.0000000000
 8.000000 45    0.0000000000             nan
 8.000000 46    0.0000000000             nan
 8.000000 47    0.0000000000             nan
 8.000000 48    0.0000000000             nan
 8.000000 49    0.0000000000             nan
 8.000000 50    0.0000000000             nan
 8.000000 51    0.0000000000             nan
 8.000000 52    0.0000000000             nan
 8.000000 53    0.0000000000             nan
 9.000000 0    0.4439819455    0.0000000000
 9.000000 1    0.0521625169    0.0000000000
 9.000000 2   -0.0181176644    0.0000000000
 9.000000 3   -0.0166537240    0.0000000000
 9.000000 4    0.0669344142    0.0000000000
 9.000000 5    0.0789447725    0.0000000000
 9.000000 6   -0.4273281991   -2.0000000000
 9.000000 7   -0.1190969348    0.0000000000
 9.000000 8   -0.0608271062    0.0000000000
 9.000000 9    0.0000000000    0.0000000000
 9.000000 10    0.0000000000    0.0000000000
 9.000000 11    0.0000000000    0.0000000000
 9.000000 12    0.0000000000    0.0000000000
 9.000000 13    0.0000000000    0.0000000000
 9.000000 14    0.0000000000    0.0000000000
 9.000000 15    0.0000000000    0.0000000000
 9.000000 16    0.0000000000    0.0000000000
 9.000000 17    0.0000000000    0.0000000000
 9.000000 18    0.0000000000    0.0000000000
 9.000000 19    0.0000000000    0.0000000000
 9.000000 20    0.0000000000    0.0000000000
 9.000000 21    0.0000000000    0.0000000000
 9.000000 22    0.0000000000    0.0000000000
 9.000000 23    0.0000000000    0.0000000000
 9.000000 24    0.0000000000    0.0000000000
 9.000000 25    0.0000000000    0.0000000000
 9.000000 26    0.0000000000    0.0000000000
 9.000000 27    0.0000000000    0.0000000000
 9.000000 28    0.0000000000    0.0000000000
 9.000000 29    0.0000000000    0.0000000000
 9.000000 30    0.0000000000    0.0000000000
 9.000000 31    0.0000000000    0.0000000000
 9.000000 32    0.0000000000    0.0000000000
 9.000000 33    0.0000000000    0.0000000000
 9.000000 34    0.0000000000    0.0000000000
 9.000000 35    0.0000000000    0.0000000000
 9.000000 36    0.0000000000    0.0000000000
 9.000000 37    0.0000000000    0.0000000000
 9.000000 38    0.0000000000    0.0000000000
 9.000000 39    0.0000000000    0.0000000000
 9.000000 40    0.0000000000    0.0000000000
 9.000000 41    0.0000000000    0.0000000000
 9.000000 42    0.0000000000    0.0000000000
 9.000000 43    0.0000000000    0.0000000000
 9.000000 44    0.0000000000    0.0000000000
 9.000000 45    0.0000000000             nan
 9.000000 46    0.0000000000             nan
 9.000000 47    0.0000000000             nan
 9.000000 48    0.0000000000             nan
 9.000000 49    0.0000000000             nan
 9.000000 50    0.0000000000             nan
 9.000000 51    0.0000000000             nan
 9.000000 52    0.0000000000             nan
 9.000000 53    0.0000000000             nan
 10.000000 0    0.4437467158    0.0000000000
 10.000000 1    0.0172740258    0.0000000000
 10.000000 2   -0.0196549017    0.0000000000
 10.000000 3   -0.0123716332    0.0000000000
 10.000000 4    0.0737240314    0.0000000000
 10.000000 5    0.0811632276    0.0000000000
 10.000000 6   -0.4313750863    0.0000000000
 10.000000 7   -0.0909980610    0.0000000000
 10.000000 8   -0.0615083277    0.0000000000
 10.000000 9    0.0000000000    0.0000000000
 10.000000 10    0.0000000000    0.0000000000
 10.000000 11    0.0000000000    0.0000000000
 10.000000 12    0.0000000000    0.0000000000
 10.000000 13    0.0000000000    0.0000000000
 10.000000 14    0.0000000000    0.0000000000
 10.000000 15    0.0000000000    0.0000000000
 10.000000 16    0.0000000000    0.0000000000
 10.000000 17    0.0000000000    0.0000000000
 10.000000 18    0.0000000000    0.0000000000
 10.000000 19    0.0000000000    0.0000000000
 10.000000 20    0.0000000000    0.0000000000
 10.000000 21    0.0000000000    0.0000000000
 10.000000 22    0.0000000000    0.0000000000
 10.000000 23    0.0000000000    0.0000000000
 10.000000 24    0.0000000000    0.0000000000
 10.000000 25    0.0000000000    0.0000000000
 10.000000 26    0.0000000000    0.0000000000
 10.000000 27    0.0000000000    0.0000000000
 10.000000 28    0.0000000000    0.0000000000
 10.000000 29    0.0000000000    0.0000000000
 10.000000 30    0.0000000000    0.0000000000
 10.000000 31    0.0000000000    0.0000000000
 10.000000 32    0.0000000000    0.0000000000
 10.000000 33    0.0000000000    0.0000000000
 10.000000 34    0.0000000000    0.0000000000
 10.000000 35    0.0000000000    0.0000000000
 10.000000 36    0.0000000000    0.0000000000
 10.000000 37    0.0000000000    0.0000000000
 10.000000 38    0.0000000000    0.0000000000
 10.000000 39    0.0000000000    0.0000000000
 10.000000 40    0.0000000000    0.0000000000
 10.000000 41    0.0000000000    0.0000000000
 10.000000 42    0.0000000000    0.0000000000
 10.000000 43    0.0000000000    0.0000000000
 10.000000 44    0.0000000000    0.0000000000
 10.000000 45    0.0000000000             nan
 10.000000 46    0.0000000000             nan
 10.000000 47    0.0000000000             nan
 10.000000 48    0.0000000000             nan
 10.000000 49    0.0000000000             nan
 10.000000 50    0.0000000000             nan
 10.000000 51    0.0000000000             nan
 10.000000 52    0.0000000000             nan
 10.000000 53    0.0000000000             nan
 11.000000 0    0.4697900712    0.0000000000
 11.000000 1    0.1463673115    0.0000000000
 11.000000 2    0.1496426165    0.0000000000
 11.000000 3    0.0106667466    0.0000000000
 11.000000 4   -0.0217943378    0.0000000000
 11.000000 5   -0.0150878243    0.0000000000
 11.000000 6   -0.4804567993    0.0000000000
 11.000000 7   -0.1245729700    0.0000000000
 11.000000 8   -0.1345547885    0.0000000000
 11.000000 9    0.0000000000    0.0000000000
 11.000000 10    0.0000000000    0.0000000000
 11.000000 11    0.0000000000    0.0000000000
 11.000000 12    0.0000000000    0.0000000000
 11.000000 13    0.0000000000    0.0000000000
 11.000000 14    0.0000000000    0.0000000000
 11.000000 15    0.0000000000    0.0000000000
 11.000000 16    0.0000000000    0.0000000000
 11.000000 17    0.0000000000    0.0000000000
 11.000000 18    0.0000000000    0.0000000000
 11.000000 19    0.0000000000    0.0000000000
 11.000000 20    0.0000000000    0.0000000000
 11.000000 21    0.0000000000    0.0000000000
 11.000000 22    0.0000000000    0.0000000000
 11.000000 23    0.0000000000    0.0000000000
 11.000000 24    0.0000000000    0.0000000000
 11.000000 25    0.0000000000    0.0000000000
 11.000000 26    0.0000000000    0.0000000000
 11.000000 27    0.0000000000    0.0000000000
 11.000000 28    0.0000000000    0.0000000000
 11.000000 29    0.0000000000    0.0000000000
 11.000000 30    0.0000000000    0.0000000000
 11.000000 31    0.0000000000    0.0000000000
 11.000000 32    0.0000000000    0.0000000000
 11.000000 33    0.0000000000    0.0000000000
 11.000000 34    0.0000000000    0.0000000000
 11.000000 35    0.0000000000    0.0000000000
 11.000000 36    0.0000000000    0.0000000000
 11.000000 37    0.0000000000    0.0000000000
 11.000000 38    0.0000000000    0.0000000000
 11.000000 39    0.0000000000    0.0000000000
 11.000000 40    0.0000000000    0.0000000000
 11.000000 41    0.0000000000    0.0000000000
 11.000000 42    0.0000000000    0.0000000000
 11.000000 43    0.0000000000    0.0000000000
 11.000000 44    0.0000000000    0.0000000000
 11.000000 45    0.0000000000             nan
 11.000000 46    0.0000000000             nan
 11.000000 47    0.0000000000             nan
 11.000000 48    0.0000000000             nan
 11.000000 49    0.0000000000             nan
 11.000000 50    0.0000000000             nan
 11.000000 51    0.0000000000             nan
 11.000000 52    0.0000000000             nan
 11.000000 53    0.0000000000             nan
 12.000000 0    0.4670549631    2.0000000000
 12.000000 1   -0.0537931882   -2.0000000000
 12.000000 2   -0.0125356819    0.0000000000
 12.000000 3    0.0024416558    0.0000000000
 12.000000 4    0.0444958843    0.0000000000
 12.000000 5    0.0391925871    0.0000000000
 12.000000 6   -0.4694966376    0.0000000000
 12.000000 7    0.0092973039    0.0000000000
 12.000000 8   -0.0266569033    0.0000000000
 12.000000 9    0.0000000000    0.0000000000
 12.000000 10    0.0000000000    0.0000000000
 12.000000 11    0.0000000000    0.0000000000
 12.000000 12    0.0000000000    0.0000000000
 12.000000 13    0.0000000000    0.0000000000
 12.000000 14    0.0000000000    0.0000000000
 12.000000 15    0.0000000000    0.0000000000
 12.000000 16    0.0000000000    0.0000000000
 12.000000 17    0.0000000000    0.0000000000
 12.000000 18    0.0000000000    0.0000000000
 12.000000 19    0.0000000000    0.0000000000
 12.000000 20    0.0000000000    0.0000000000
 12.000000 21    0.0000000000    0.0000000000
 12.000000 22    0.0000000000    0.0000000000
 12.000000 23    0.0000000000    0.0000000000
 12.000000 24    0.0000000000    0.0000000000
 12.000000 25    0.0000000000    0.0000000000
 12.000000 26    0.0000000000    0.0000000000
 12.000000 27    0.0000000000    0.0000000000
 12.000000 28    0.0000000000    0.0000000000
 12.000000 29    0.0000000000    0.0000000000
 12.000000 30    0.0000000000    0.0000000000
 12.000000 31    0.0000000000    0.0000000000
 12.000000 32    0.0000000000    0.0000000000
 12.000000 33    0.0000000000    0.0000000000
 12.000000 34    0.0000000000    0.0000000000
 12.000000 35    0.0000000000    0.0000000000
 12.000000 36    0.0000000000    0.0000000000
 12.000000 37    0.0000000000    0.0000000000
 12.000000 38    0.0000000000    0.0000000000
 12.000000 39    0.0000000000    0.0000000000
 12.000000 40    0.0000000000    0.0000000000
 12.000000 41    0.0000000000    0.0000000000
 12.000000 42    0.0000000000    0.0000000000
 12.000000 43    0.0000000000    0.0000000000
 12.000000 44    0.0000000000    0.0000000000
 12.000000 45    0.0000000000             nan
 12.000000 46    0.0000000000             nan
 12.000000 47    0.0000000000             nan
 12.000000 48    0.0000000000             nan
 12.000000 49    0.0000000000             nan
 12.000000 50    0.0000000000             nan
 12.000000 51    0.0000000000             nan
 12.000000 52    0.0000000000             nan
 12.000000 53    0.0000000000             nan
 13.000000 0    0.4040851593    0.0000000000
 13.000000 1    0.1247313395    0.0000000000
 13.000000 2   -0.2013237774    0.0000000000
 13.000000 3    0.0057101920    0.0000000000
 13.000000 4    0.0417450294    0.0000000000
 13.000000 5    0.0470893607    0.0000000000
 13.000000 6   -0.4097953439    0.0000000000
 13.000000 7   -0.1664763689    0.0000000000
 13.000000 8    0.1542344093    0.0000000000
 13.000000 9    0.0000000000    0.0000000000
 13.000000 10    0.0000000000    0.0000000000
 13.000000 11    0.0000000000    0.0000000000
 13.000000 12    0.0000000000    0.0000000000
 13.000000 13    0.0000000000    0.0000000000
 13.000000 14    0.0000000000    0.0000000000
 13.000000 15    0.0000000000    0.0000000000
 13.000000 16    0.0000000000    0.0000000000
 13.000000 17    0.0000000000    0.0000000000
 13.000000 18    0.0000000000    0.0000000000
 13.000000 19    0.0000000000    0.0000000000
 13.000000 20    0.0000000000    0.0000000000
 13.000000 21    0.0000000000    0.0000000000
 13.000000 22    0.0000000000    0.0000000000
 13.000000 23    0.0000000000    0.0000000000
 13.000000 24    0.0000000000    0.0000000000
 13.000000 25    0.0000000000    0.0000000000
 13.000000 26    0.0000000000    0.0000000000
 13.000000 27    0.0000000000    0.0000000000
 13.000000 28    0.0000000000    0.0000000000
 13.000000 29    0.0000000000    0.0000000000
 13.000000 30    0.0000000000    0.0000000000
 13.000000 31    0.0000000000    0.0000000000
 13.000000 32    0.0000000000    0.0000000000
 13.000000 33    0.0000000000    0.0000000000
 13.000000 34    0.0000000000    0.0000000000
 13.000000 35    0.0000000000    0.0000000000
 13.000000 36    0.0000000000    0.0000000000
 13.000000 37    0.0000000000    0.0000000000
 13.000000 38    0.0000000000    0.0000000000
 13.000000 39    0.0000000000    0.0000000000
 13.000000 40    0.0000000000    0.0000000000
 13.000000 41    0.0000000000    0.0000000000
 13.000000 42    0.0000000000    0.0000000000
 13.000000 43    0.0000000000    0.0000000000
 13.000000 44    0.0000000000    0.0000000000
 13.000000 45    0.0000000000             nan
 13.000000 46    0.0000000000             nan
 13.000000 47    0.0000000000             nan
 13.000000 48    0.0000000000             nan
 13.000000 49    0.0000000000             nan
 13.000000 50    0.0000000000             nan
 13.000000 51    0.0000000000             nan
 13.000000 52    0.0000000000             nan
 13.000000 53    0.0000000000             nan
 14.000000 0    0.4873676896    0.0000000000
 14.000000 1    0.0944058299    0.0000000000
 14.000000 2    0.1401130408    0.0000000000
 14.000000 3    0.0088162599    0.0000000000
 14.000000 4   -0.0247613825    0.0000000000
 14.000000 5   -0.0175962150    0.0000000000
 14.000000 6   -0.4961839318   -2.0000000000
 14.000000 7   -0.0696444511    0.0000000000
 14.000000 8   -0.1225168183   -2.0000000000
 14.000000 9    0.0000000000    0.0000000000
 14.000000 10    0.0000000000    0.0000000000
 14.000000 11    0.0000000000    0.0000000000
 14.000000 12    0.0000000000    0.0000000000
 14.000000 13    0.0000000000    0.0000000000
 14.000000 14    0.0000000000    0.0000000000
 14.000000 15    0.0000000000    0.0000000000
 14.000000 16    0.0000000000    0.0000000000
 14.000000 17    0.0000000000    0.0000000000
 14.000000 18    0.0000000000    0.0000000000
 14.000000 19    0.0000000000    0.0000000000
 14.000000 20    0.0000000000    0.0000000000
 14.000000 21    0.0000000000    0.0000000000
 14.000000 22    0.0000000000    0.0000000000
 14.000000 23    0.0000000000    0.0000000000
 14.000000 24    0.0000000000    0.0000000000
 14.000000 25    0.0000000000    0.0000000000
 14.000000 26    0.0000000000    0.0000000000
 14.000000 27    0.0000000000    0.0000000000
 14.000000 28    0.0000000000    0.0000000000
 14.000000 29    0.0000000000    0.0000000000
 14.000000 30    0.0000000000    0.0000000000
 14.000000 31    0.0000000000    0.0000000000
 14.000000 32    0.0000000000    0.0000000000
 14.000000 33    0.0000000000    0.0000000000
 14.000000 34    0.0000000000    0.0000000000
 14.000000 35    0.0000000000    0.0000000000
 14.000000 36    0.0000000000    0.0000000000
 14.000000 37    0.0000000000    0.0000000000
 14.000000 38    0.0000000000    0.0000000000
 14.000000 39    0.0000000000    0.0000000000
 14.000000 40    0.0000000000    0.0000000000
 14.000000 41    0.0000000000    0.0000000000
 14.000000 42    0.0000000000    0.0000000000
 14.000000 43    0.0000000000    0.0000000000
 14.000000 44    0.0000000000    0.0000000000
 14.000000 45    0.0000000000             nan
 14.000000 46    0.0000000000             nan
 14.000000 47    0.0000000000             nan
 14.000000 48    0.0000000000             nan
 14.000000 49    0.0000000000             nan
 14.000000 50    0.0000000000             nan
 14.000000 51    0.0000000000             nan
 14.000000 52    0.0000000000             nan
 14.000000 53    0.0000000000             nan
 15.000000 0    0.4297094047    2.0000000000
 15.000000 1   -0.0109652318    0.0000000000
 15.000000 2   -0.0202560276    0.0000000000
 15.000000 3   -0.0143508166    0.0000000000
 15.000000 4    0.0966341794    0.0000000000
 15.000000 5    0.0981448591    0.0000000000
 15.000000 6   -0.4153585732    0.0000000000
 15.000000 7   -0.0856689513    0.0000000000
 15.000000 8   -0.0778888315    0.0000000000
 15.000000 9    0.0000000000    0.0000000000
 15.000000 10    0.0000000000    0.0000000000
 15.000000 11    0.0000000000    0.0000000000
 15.000000 12    0.0000000000    0.0000000000
 15.000000 13    0.0000000000    0.0000000000
 15.000000 14    0.0000000000    0.0000000000
 15.000000 15    0.0000000000    0.0000000000
 15.000000 16    0.0000000000    0.0000000000
 15.000000 17    0.0000000000    0.0000000000
 15.000000 18    0.0000000000    0.0000000000
 15.000000 19    0.0000000000    0.0000000000
 15.000000 20    0.0000000000    0.0000000000
 15.000000 21    0.0000000000    0.0000000000
 15.000000 22    0.0000000000    0.0000000000
 15.000000 23    0.0000000000    0.0000000000
 15.000000 24    0.0000000000    0.0000000000
 15.000000 25    0.0000000000    0.0000000000
 15.000000 26    0.0000000000    0.0000000000
 15.000000 27    0.0000000000    0.0000000000
 15.000000 28    0.0000000000    0.0000000000
 15.000000 29    0.0000000000    0.0000000000
 15.000000 30    0.0000000000    0.0000000000
 15.000000 31    0.0000000000    0.0000000000
 15.000000 32    0.0000000000    0.0000000000
 15.000000 33    0.0000000000    0.0000000000
 15.000000 34    0.0000000000    0.0000000000
 15.000000 35    0.0000000000    0.0000000000
 15.000000 36    0.0000000000    0.0000000000
 15.000000 37    0.0000000000    0.0000000000
 15.000000 38    0.0000000000    0.0000000000
 15.000000 39    0.0000000000    0.0000000000
 15.000000 40    0.0000000000    0.0000000000
 15.000000 41    0.0000000000    0.0000000000
 15.000000 42    0.0000000000    0.0000000000
 15.000000 43    0.0000000000    0.0000000000
 15.000000 44    0.0000000000    0.0000000000
 15.000000 45    0.0000000000             nan
 15.000000 46    0.0000000000             nan
 15.000000 47    0.0000000000             nan
 15.000000 48    0.0000000000             nan
 15.000000 49    0.0000000000             nan
 15.000000 50    0.0000000000             nan
 15.000000 51    0.0000000000             nan
 15.000000 52    0.0000000000             nan
 15.000000 53    0.0000000000             nan
 16.000000 0    0.4640549719    0.0000000000
 16.000000 1   -0.0071490500    0.0000000000
 16.000000 2    0.0095582902    0.0000000000
 16.000000 3   -0.0052260682    0.0000000000
 16.000000 4    0.0541897044    0.0000000000
 16.000000 5    0.0459352247    0.0000000000
 16.000000 6   -0.4588288963   -2.0000000000
 16.000000 7   -0.0470406562    0.0000000000
 16.000000 8   -0.0554935150    0.0000000000
 16.000000 9    0.0000000000    0.0000000000
 16.000000 10    0.0000000000    0.0000000000
 16.000000 11    0.0000000000    0.0000000000
 16.000000 12    0.0000000000    0.0000000000
 16.000000 13    0.0000000000    0.0000000000
 16.000000 14    0.0000000000    0.0000000000
 16.000000 15    0.0000000000    0.0000000000
 16.000000 16    0.0000000000    0.0000000000
 16.000000 17    0.0000000000    0.0000000000
 16.000000 18    0.0000000000    0.0000000000
 16.000000 19    0.0000000000    0.0000000000
 16.000000 20    0.0000000000    0.0000000000
 16.000000 21    0.0000000000    0.0000000000
 16.000000 22    0.0000000000    0.0000000000
 16.000000 23    0.0000000000    0.0000000000
 16.000000 24    0.0000000000    0.0000000000
 16.000000 25    0.0000000000    0.0000000000
 16.000000 26    0.0000000000    0.0000000000
 16.000000 27    0.0000000000    0.0000000000
 16.000000 28    0.0000000000    0.0000000000
 16.000000 29    0.0000000000    0.0000000000
 16.000000 30    0.0000000000    0.0000000000
 16.000000 31    0.0000000000    0.0000000000
 16.000000 32    0.0000000000    0.0000000000
 16.000000 33    0.0000000000    0.0000000000
 16.000000 34    0.0000000000    0.0000000000
 16.000000 35    0.0000000000    0.0000000000
 16.000000 36    0.0000000000    0.0000000000
 16.000000 37    0.0000000000    0.0000000000
 16.000000 38    0.0000000000    0.0000000000
 16.000000 39    0.0000000000    0.0000000000
 16.000000 40    0.0000000000    0.0000000000
 16.000000 41    0.0000000000    0.0000000000
 16.000000 42    0.0000000000    0.0000000000
 16.000000 43    0.0000000000    0.0000000000
 16.000000 44    0.0000000000    0.0000000000
 16.000000 45    0.0000000000             nan
 16.000000 46    0.0000000000             nan
 16.000000 47    0.0000000000             nan
 16.000000 48    0.0000000000             nan
 16.000000 49    0.0000000000             nan
 16.000000 50    0.0000000000             nan
 16.000000 51    0.0000000000             nan
 16.000000 52    0.0000000000             nan
 16.000000 53    0.0000000000             nan
