#! FIELDS time rc
 0.000000 0.084322
 0.002000 0.088697
 0.004000 0.089606
 0.006000 0.092397
 0.008000 0.080814
 0.010000 0.095359
 0.012000 0.109012
 0.014000 0.082790
 0.016000 0.084160
 0.018000 0.091563
 0.020000 0.087436
 0.022000 0.085097
 0.024000 0.084684
 0.026000 0.081002
 0.028000 0.088573
 0.030000 0.090268
 0.032000 0.098797
 0.034000 0.085619
 0.036000 0.084745
 0.038000 0.092754
 0.040000 0.084713
 0.042000 0.084821
 0.044000 0.082020
 0.046000 0.085662
 0.048000 0.087762
 0.050000 0.085815
 0.052000 0.090981
 0.054000 0.080656
 0.056000 0.087732
 0.058000 0.096990
 0.060000 0.083345
 0.062000 0.097701
 0.064000 0.084742
 0.066000 0.078871
 0.068000 0.085966
 0.070000 0.090583
 0.072000 0.086007
 0.074000 0.083193
 0.076000 0.085770
 0.078000 0.082667
 0.080000 0.082906
 0.082000 0.078629
 0.084000 0.087548
 0.086000 0.084157
 0.088000 0.082127
 0.090000 0.085529
 0.092000 0.081006
 0.094000 0.084622
 0.096000 0.088216
 0.098000 0.085669
 0.100000 0.095320
 0.102000 0.084103
 0.104000 0.091489
 0.106000 0.092771
 0.108000 0.082258
 0.110000 0.083506
 0.112000 0.080206
 0.114000 0.090919
 0.116000 0.089446
 0.118000 0.082011
 0.120000 0.085930
 0.122000 0.087883
 0.124000 0.088034
 0.126000 0.085878
 0.128000 0.092505
 0.130000 0.085673
 0.132000 0.080283
 0.134000 0.091585
 0.136000 0.087934
 0.138000 0.081339
 0.140000 0.089209
 0.142000 0.084098
 0.144000 0.076565
 0.146000 0.090226
 0.148000 0.089912
 0.150000 0.091885
 0.152000 0.082294
 0.154000 0.082577
 0.156000 0.086538
 0.158000 0.086257
 0.160000 0.082887
