#! FIELDS time parameter ali_b1 ali_b1N
 0.000000 0    0.0058456717    0.0058456659
 0.000000 1    0.0089533009    0.0089532956
 0.000000 2    0.0256210434    0.0256210342
 0.000000 3   -0.0121996557   -0.0121996701
 0.000000 4    0.0964759547    0.0964759290
 0.000000 5   -0.0131740187   -0.0131740272
 0.000000 6    0.0654972723    0.0654972568
 0.000000 7    0.0576872945    0.0576872826
 0.000000 8   -0.0860799102   -0.0860799178
 0.000000 9    0.1458208941    0.1458208710
 0.000000 10   -0.1842629296   -0.1842629611
 0.000000 11   -0.0135003057   -0.0135003105
 0.000000 12   -0.0787750811   -0.0787750930
 0.000000 13   -0.0601740078   -0.0601740330
 0.000000 14    0.0109174633    0.0109174326
 0.000000 15    0.0350898154    0.0350897759
 0.000000 16   -0.0024424074   -0.0024424419
 0.000000 17   -0.0019714987   -0.0019715130
 0.000000 18   -0.0459137433   -0.0459137484
 0.000000 19   -0.1340965386   -0.1340965629
 0.000000 20    0.1207161660    0.1207161322
 0.000000 21   -0.1239351218   -0.1239351556
 0.000000 22    0.0454880565    0.0454880297
 0.000000 23    0.0356303094    0.0356302857
 0.000000 24    0.0475912673    0.0475912690
 0.000000 25    0.0085463260    0.0085462853
 0.000000 26    0.0587721161    0.0587720945
 0.000000 27   -0.1309435063   -0.1309435219
 0.000000 28    0.0966117141    0.0966117084
 0.000000 29    0.1091722951    0.1091722772
 0.000000 30   -0.0280500249   -0.0280500352
 0.000000 31    0.0802770795    0.0802770481
 0.000000 32   -0.0290498273   -0.0290498286
 0.000000 33    0.1504746175    0.1504746079
 0.000000 34    0.0453476130    0.0453476161
 0.000000 35   -0.1519253726   -0.1519253701
 0.000000 36   -0.0305024052   -0.0305024087
 0.000000 37   -0.0584114558   -0.0584114641
 0.000000 38   -0.0651284602   -0.0651284605
 0.000000 39    0.0000000000             nan
 0.000000 40    0.0000000000             nan
 0.000000 41    0.0000000000             nan
 0.000000 42    0.0000000000             nan
 0.000000 43    0.0000000000             nan
 0.000000 44    0.0000000000             nan
 0.000000 45    0.0000000000             nan
 0.000000 46    0.0000000000             nan
 0.000000 47    0.0000000000             nan
 1.000000 0   -0.1693579103   -0.1693579182
 1.000000 1   -0.0125029761   -0.0125029907
 1.000000 2    0.1044012352    0.1044012159
 1.000000 3    0.0241209465    0.0241209418
 1.000000 4    0.1167062296    0.1167062074
 1.000000 5    0.0419970160    0.0419970155
 1.000000 6    0.0069713752    0.0069713742
 1.000000 7    0.0464245779    0.0464245752
 1.000000 8   -0.0309013956   -0.0309013948
 1.000000 9    0.1489722979    0.1489723027
 1.000000 10   -0.2995730508   -0.2995730788
 1.000000 11    0.1791256193    0.1791256294
 1.000000 12   -0.0175383588   -0.0175383762
 1.000000 13    0.0144817773    0.0144817755
 1.000000 14   -0.1639659373   -0.1639659479
 1.000000 15   -0.1403936441   -0.1403936669
 1.000000 16    0.0322327227    0.0322326794
 1.000000 17   -0.0611008541   -0.0611008555
 1.000000 18    0.2235578966    0.2235578746
 1.000000 19    0.1434526843    0.1434526592
 1.000000 20   -0.1741193057   -0.1741193384
 1.000000 21    0.1346312623    0.1346312389
 1.000000 22   -0.1936224258   -0.1936224699
 1.000000 23   -0.0377294586   -0.0377294645
 1.000000 24   -0.0370711650   -0.0370711833
 1.000000 25   -0.0358473657   -0.0358473957
 1.000000 26    0.0926807158    0.0926806927
 1.000000 27   -0.0306428093   -0.0306428298
 1.000000 28    0.0758448813    0.0758448541
 1.000000 29    0.0437340681    0.0437340662
 1.000000 30   -0.0495084141   -0.0495084226
 1.000000 31   -0.0458458171   -0.0458458364
 1.000000 32   -0.0045626181   -0.0045626312
 1.000000 33   -0.1183947201   -0.1183947399
 1.000000 34    0.0524781763    0.0524781570
 1.000000 35    0.0268121703    0.0268121660
 1.000000 36    0.0246532432    0.0246532410
 1.000000 37    0.1057705861    0.1057705656
 1.000000 38   -0.0163712553   -0.0163712651
 1.000000 39    0.0000000000             nan
 1.000000 40    0.0000000000             nan
 1.000000 41    0.0000000000             nan
 1.000000 42    0.0000000000             nan
 1.000000 43    0.0000000000             nan
 1.000000 44    0.0000000000             nan
 1.000000 45    0.0000000000             nan
 1.000000 46    0.0000000000             nan
 1.000000 47    0.0000000000             nan
 2.000000 0   -0.0043623234   -0.0043623298
 2.000000 1   -0.0027177700   -0.0027177706
 2.000000 2   -0.0142770702   -0.0142770708
 2.000000 3    0.0218411605    0.0218411535
 2.000000 4   -0.0187957827   -0.0187958032
 2.000000 5    0.0151783250    0.0151783302
 2.000000 6    0.1532053249    0.1532053128
 2.000000 7    0.0763550991    0.0763550848
 2.000000 8   -0.0767583563   -0.0767583698
 2.000000 9    0.1478237186    0.1478237286
 2.000000 10   -0.3439340479   -0.3439340740
 2.000000 11    0.1190975042    0.1190975159
 2.000000 12   -0.1178633193   -0.1178633422
 2.000000 13   -0.0180150009   -0.0180149972
 2.000000 14    0.0494044725    0.0494044572
 2.000000 15   -0.2068586000   -0.2068586126
 2.000000 16    0.2073445465    0.2073445320
 2.000000 17   -0.0208414366   -0.0208414197
 2.000000 18    0.0228255346    0.0228255317
 2.000000 19   -0.0163458026   -0.0163458213
 2.000000 20   -0.0640246856   -0.0640247017
 2.000000 21   -0.1241360292   -0.1241360530
 2.000000 22    0.1043030123    0.1043029800
 2.000000 23    0.0203252638    0.0203252509
 2.000000 24    0.0442843732    0.0442843512
 2.000000 25    0.0034132739    0.0034132600
 2.000000 26    0.0708606818    0.0708606690
 2.000000 27   -0.0693790636   -0.0693790689
 2.000000 28    0.1032737423    0.1032737345
 2.000000 29    0.0565021126    0.0565021113
 2.000000 30    0.0053746824    0.0053746775
 2.000000 31    0.0143612365    0.0143612251
 2.000000 32    0.0332042679    0.0332042575
 2.000000 33    0.1538723056    0.1538722962
 2.000000 34   -0.0281336471   -0.0281336382
 2.000000 35   -0.1502394461   -0.1502394378
 2.000000 36   -0.0266277643   -0.0266277641
 2.000000 37   -0.0811088595   -0.0811088681
 2.000000 38   -0.0384316332   -0.0384316295
 2.000000 39    0.0000000000             nan
 2.000000 40    0.0000000000             nan
 2.000000 41    0.0000000000             nan
 2.000000 42    0.0000000000             nan
 2.000000 43    0.0000000000             nan
 2.000000 44    0.0000000000             nan
 2.000000 45    0.0000000000             nan
 2.000000 46    0.0000000000             nan
 2.000000 47    0.0000000000             nan
 3.000000 0   -0.0314866708   -0.0314866751
 3.000000 1    0.0037905295    0.0037905201
 3.000000 2    0.0800419471    0.0800419375
 3.000000 3    0.0638723794    0.0638723746
 3.000000 4    0.0670369131    0.0670368597
 3.000000 5    0.0060611577    0.0060611665
 3.000000 6    0.0663047907    0.0663047731
 3.000000 7    0.0418655002    0.0418654904
 3.000000 8   -0.0440005493   -0.0440005735
 3.000000 9    0.2157331293    0.2157331109
 3.000000 10   -0.4729744761   -0.4729745388
 3.000000 11   -0.0693433553   -0.0693433508
 3.000000 12   -0.2214072681   -0.2214073017
 3.000000 13   -0.1072463120   -0.1072463244
 3.000000 14    0.0254754710    0.0254754573
 3.000000 15    0.1641358634    0.1641358212
 3.000000 16   -0.0561043243   -0.0561043620
 3.000000 17   -0.0214698761   -0.0214698762
 3.000000 18   -0.0932307780   -0.0932307839
 3.000000 19   -0.3122340032   -0.3122340515
 3.000000 20    0.1381290258    0.1381289959
 3.000000 21   -0.1249090482   -0.1249090806
 3.000000 22    0.0259736469    0.0259736329
 3.000000 23    0.1426006603    0.1426006258
 3.000000 24   -0.0029682896   -0.0029682815
 3.000000 25    0.4180821319    0.4180820286
 3.000000 26   -0.0436527030   -0.0436526984
 3.000000 27   -0.0379493171   -0.0379493386
 3.000000 28   -0.0270429953   -0.0270430073
 3.000000 29   -0.0780392396   -0.0780392438
 3.000000 30   -0.0975557834   -0.0975557938
 3.000000 31    0.3074190698    0.3074190095
 3.000000 32    0.0565929490    0.0565929338
 3.000000 33    0.1617488444    0.1617488042
 3.000000 34    0.0846128777    0.0846128836
 3.000000 35   -0.1330177402   -0.1330177337
 3.000000 36   -0.0622878520   -0.0622878596
 3.000000 37    0.0268214418    0.0268214345
 3.000000 38   -0.0593777473   -0.0593777522
 3.000000 39    0.0000000000             nan
 3.000000 40    0.0000000000             nan
 3.000000 41    0.0000000000             nan
 3.000000 42    0.0000000000             nan
 3.000000 43    0.0000000000             nan
 3.000000 44    0.0000000000             nan
 3.000000 45    0.0000000000             nan
 3.000000 46    0.0000000000             nan
 3.000000 47    0.0000000000             nan
 4.000000 0    0.0362632506    0.0362632498
 4.000000 1    0.0445519113    0.0445519239
 4.000000 2   -0.0279888625   -0.0279888660
 4.000000 3   -0.0605422423   -0.0605422631
 4.000000 4    0.1125821224    0.1125821248
 4.000000 5    0.0278625398    0.0278625414
 4.000000 6   -0.0115976489   -0.0115976557
 4.000000 7    0.0504497637    0.0504497439
 4.000000 8   -0.0876432100   -0.0876432136
 4.000000 9    0.0655857510    0.0655857399
 4.000000 10   -0.0565421508   -0.0565421507
 4.000000 11   -0.1201009590   -0.1201009750
 4.000000 12    0.0856739777    0.0856739655
 4.000000 13   -0.1857064424   -0.1857064664
 4.000000 14    0.1045000333    0.1045000255
 4.000000 15   -0.1350694076   -0.1350694224
 4.000000 16    0.0181073223    0.0181073248
 4.000000 17    0.1729360787    0.1729360595
 4.000000 18    0.0162140203    0.0162140206
 4.000000 19   -0.0271140281   -0.0271140486
 4.000000 20   -0.0011859420   -0.0011859462
 4.000000 21    0.0064091939    0.0064091831
 4.000000 22    0.0001450451    0.0001450479
 4.000000 23   -0.0815231734   -0.0815232098
 4.000000 24    0.0976935614    0.0976935551
 4.000000 25   -0.1081285447   -0.1081285626
 4.000000 26    0.0339258420    0.0339258388
 4.000000 27   -0.0084190940   -0.0084190965
 4.000000 28   -0.0013270373   -0.0013270453
 4.000000 29    0.0973589221    0.0973588973
 4.000000 30    0.0260181511    0.0260181352
 4.000000 31    0.0377045226    0.0377045199
 4.000000 32    0.0696441880    0.0696441904
 4.000000 33   -0.0802333700   -0.0802333653
 4.000000 34    0.1526512636    0.1526512578
 4.000000 35   -0.1381254193   -0.1381254122
 4.000000 36   -0.0379961433   -0.0379961431
 4.000000 37   -0.0373737478   -0.0373737514
 4.000000 38   -0.0496600379   -0.0496600419
 4.000000 39    0.0000000000             nan
 4.000000 40    0.0000000000             nan
 4.000000 41    0.0000000000             nan
 4.000000 42    0.0000000000             nan
 4.000000 43    0.0000000000             nan
 4.000000 44    0.0000000000             nan
 4.000000 45    0.0000000000             nan
 4.000000 46    0.0000000000             nan
 4.000000 47    0.0000000000             nan
 5.000000 0    0.0150126129    0.0150126070
 5.000000 1    0.0046065401    0.0046065375
 5.000000 2    0.0327733595    0.0327733532
 5.000000 3   -0.0127956353   -0.0127956644
 5.000000 4    0.1035715287    0.1035715193
 5.000000 5    0.0400245728    0.0400245711
 5.000000 6   -0.0257434053   -0.0257434174
 5.000000 7   -0.0319516662   -0.0319516957
 5.000000 8   -0.0220965660   -0.0220965818
 5.000000 9    0.0486984234    0.0486983955
 5.000000 10   -0.0350831794   -0.0350831896
 5.000000 11   -0.0214010412   -0.0214010626
 5.000000 12   -0.0532640014   -0.0532639995
 5.000000 13   -0.0075115312   -0.0075115785
 5.000000 14   -0.0492832275   -0.0492832437
 5.000000 15    0.1722353032    0.1722352728
 5.000000 16   -0.0345993112   -0.0345993340
 5.000000 17   -0.0975048839   -0.0975049064
 5.000000 18    0.0715411292    0.0715411305
 5.000000 19   -0.2896781926   -0.2896782309
 5.000000 20    0.1329522991    0.1329522803
 5.000000 21   -0.0850279750   -0.0850279927
 5.000000 22   -0.0273989536   -0.0273989588
 5.000000 23    0.0098665160    0.0098664910
 5.000000 24   -0.0181522482   -0.0181522593
 5.000000 25    0.1056545328    0.1056544781
 5.000000 26    0.0415159058    0.0415159166
 5.000000 27   -0.0907421628   -0.0907421634
 5.000000 28   -0.0829906993   -0.0829907134
 5.000000 29    0.0712455542    0.0712455362
 5.000000 30   -0.2083702628   -0.2083702758
 5.000000 31    0.1978569912    0.1978569627
 5.000000 32    0.1720999037    0.1720998809
 5.000000 33    0.2357589190    0.2357589155
 5.000000 34    0.2412478735    0.2412478477
 5.000000 35   -0.1996781426   -0.1996781528
 5.000000 36   -0.0491506971   -0.0491507053
 5.000000 37   -0.1437239330   -0.1437239423
 5.000000 38   -0.1105142499   -0.1105142459
 5.000000 39    0.0000000000             nan
 5.000000 40    0.0000000000             nan
 5.000000 41    0.0000000000             nan
 5.000000 42    0.0000000000             nan
 5.000000 43    0.0000000000             nan
 5.000000 44    0.0000000000             nan
 5.000000 45    0.0000000000             nan
 5.000000 46    0.0000000000             nan
 5.000000 47    0.0000000000             nan
 6.000000 0    0.0304413949    0.0304413959
 6.000000 1    0.0119861494    0.0119861513
 6.000000 2    0.0078664578    0.0078664571
 6.000000 3   -0.0487504774   -0.0487504676
 6.000000 4    0.1274137001    0.1274136826
 6.000000 5   -0.0594332889   -0.0594332889
 6.000000 6    0.1428950364    0.1428950280
 6.000000 7    0.0289411708    0.0289411619
 6.000000 8   -0.2452031378   -0.2452031672
 6.000000 9    0.1642394266    0.1642394215
 6.000000 10   -0.2709963450   -0.2709963620
 6.000000 11    0.0319180243    0.0319180265
 6.000000 12   -0.1097098296   -0.1097098291
 6.000000 13   -0.0748436926   -0.0748436898
 6.000000 14    0.1303310170    0.1303309947
 6.000000 15   -0.0756030358   -0.0756030455
 6.000000 16    0.1413149042    0.1413148865
 6.000000 17    0.0477697268    0.0477697328
 6.000000 18   -0.0523036703   -0.0523036718
 6.000000 19   -0.1265311757   -0.1265311986
 6.000000 20    0.0706984551    0.0706984401
 6.000000 21   -0.1647274758   -0.1647274867
 6.000000 22    0.0910225705    0.0910225585
 6.000000 23    0.0505685022    0.0505684987
 6.000000 24    0.0502848596    0.0502848625
 6.000000 25   -0.0211233446   -0.0211233646
 6.000000 26    0.1016867657    0.1016867533
 6.000000 27   -0.0354563584   -0.0354563743
 6.000000 28    0.0876631153    0.0876631066
 6.000000 29    0.0741565434    0.0741565451
 6.000000 30    0.0068360586    0.0068360567
 6.000000 31    0.0135448586    0.0135448426
 6.000000 32    0.0567403114    0.0567403138
 6.000000 33    0.1235919694    0.1235919595
 6.000000 34    0.0617156383    0.0617156476
 6.000000 35   -0.1931765624   -0.1931765601
 6.000000 36   -0.0317378981   -0.0317379013
 6.000000 37   -0.0701075492   -0.0701075494
 6.000000 38   -0.0739228148   -0.0739228129
 6.000000 39    0.0000000000             nan
 6.000000 40    0.0000000000             nan
 6.000000 41    0.0000000000             nan
 6.000000 42    0.0000000000             nan
 6.000000 43    0.0000000000             nan
 6.000000 44    0.0000000000             nan
 6.000000 45    0.0000000000             nan
 6.000000 46    0.0000000000             nan
 6.000000 47    0.0000000000             nan
 7.000000 0   -0.0694370887   -0.0694371015
 7.000000 1   -0.0658739573   -0.0658739656
 7.000000 2    0.0849638643    0.0849638432
 7.000000 3   -0.1005198595   -0.1005198732
 7.000000 4    0.1457954005    0.1457953751
 7.000000 5    0.0408180281    0.0408180207
 7.000000 6   -0.0146272996   -0.0146273002
 7.000000 7    0.0456290762    0.0456290543
 7.000000 8   -0.0822987999   -0.0822988153
 7.000000 9    0.0760084378    0.0760084167
 7.000000 10   -0.0304890416   -0.0304890499
 7.000000 11    0.0554499142    0.0554499105
 7.000000 12   -0.0135064838   -0.0135064870
 7.000000 13    0.1056138180    0.1056137979
 7.000000 14   -0.1871755939   -0.1871756017
 7.000000 15    0.1879037557    0.1879037321
 7.000000 16   -0.0876075768   -0.0876075774
 7.000000 17   -0.1366454047   -0.1366454139
 7.000000 18    0.0829763239    0.0829763263
 7.000000 19   -0.0088829806   -0.0088830069
 7.000000 20    0.2607371567    0.2607371286
 7.000000 21    0.1110646719    0.1110646501
 7.000000 22   -0.1696706665   -0.1696706787
 7.000000 23   -0.2935536924   -0.2935537100
 7.000000 24   -0.0625459762   -0.0625459924
 7.000000 25   -0.2744909334   -0.2744909525
 7.000000 26    0.2865497573    0.2865497395
 7.000000 27   -0.2109940278   -0.2109940499
 7.000000 28    0.1155410228    0.1155410111
 7.000000 29    0.1560819200    0.1560819149
 7.000000 30   -0.0346889896   -0.0346889943
 7.000000 31    0.1615001669    0.1615001336
 7.000000 32   -0.0499385871   -0.0499385893
 7.000000 33    0.0916518619    0.0916518494
 7.000000 34    0.0415100995    0.0415100977
 7.000000 35   -0.0833284254   -0.0833284259
 7.000000 36   -0.0432853260   -0.0432853326
 7.000000 37    0.0214255723    0.0214255527
 7.000000 38   -0.0516601370   -0.0516601428
 7.000000 39    0.0000000000             nan
 7.000000 40    0.0000000000             nan
 7.000000 41    0.0000000000             nan
 7.000000 42    0.0000000000             nan
 7.000000 43    0.0000000000             nan
 7.000000 44    0.0000000000             nan
 7.000000 45    0.0000000000             nan
 7.000000 46    0.0000000000             nan
 7.000000 47    0.0000000000             nan
 8.000000 0    0.0166388838    0.0166388750
 8.000000 1    0.0143147040    0.0143146962
 8.000000 2   -0.0010826034   -0.0010826141
 8.000000 3    0.0079646628    0.0079646334
 8.000000 4    0.0727983914    0.0727983713
 8.000000 5    0.0562310127    0.0562309995
 8.000000 6   -0.0061937334   -0.0061937347
 8.000000 7    0.0178979056    0.0178978667
 8.000000 8   -0.0523108345   -0.0523108393
 8.000000 9    0.1673245569    0.1673245430
 8.000000 10   -0.0828917572   -0.0828917623
 8.000000 11   -0.1293900148   -0.1293900535
 8.000000 12   -0.0934687154   -0.0934687406
 8.000000 13   -0.1622364262   -0.1622365117
 8.000000 14    0.0288266926    0.0288266689
 8.000000 15    0.1096419879    0.1096419618
 8.000000 16    0.0294401081    0.0294400826
 8.000000 17   -0.0013715405   -0.0013715625
 8.000000 18    0.0656733843    0.0656733736
 8.000000 19   -0.4047495502   -0.4047496170
 8.000000 20    0.0236064335    0.0236064345
 8.000000 21   -0.2597460572   -0.2597460821
 8.000000 22   -0.0846150183   -0.0846150294
 8.000000 23    0.2475401007    0.2475400791
 8.000000 24   -0.0527222274   -0.0527222380
 8.000000 25    0.3223134692    0.3223134056
 8.000000 26    0.0942320504    0.0942320451
 8.000000 27   -0.0457053184   -0.0457053334
 8.000000 28   -0.0408697274   -0.0408697501
 8.000000 29   -0.0679919392   -0.0679919794
 8.000000 30   -0.2599051446   -0.2599051818
 8.000000 31    0.1588746472    0.1588746309
 8.000000 32    0.1130078483    0.1130078360
 8.000000 33    0.3968410706    0.3968410417
 8.000000 34    0.3238001750    0.3238001540
 8.000000 35   -0.0968751632   -0.0968751535
 8.000000 36   -0.0463433499   -0.0463433713
 8.000000 37   -0.1640769212   -0.1640769318
 8.000000 38   -0.2144220426   -0.2144220471
 8.000000 39    0.0000000000             nan
 8.000000 40    0.0000000000             nan
 8.000000 41    0.0000000000             nan
 8.000000 42    0.0000000000             nan
 8.000000 43    0.0000000000             nan
 8.000000 44    0.0000000000             nan
 8.000000 45    0.0000000000             nan
 8.000000 46    0.0000000000             nan
 8.000000 47    0.0000000000             nan
 9.000000 0   -0.0154165768   -0.0154165775
 9.000000 1   -0.0009745871   -0.0009745732
 9.000000 2    0.0319816444    0.0319816545
 9.000000 3    0.0030514020    0.0030514076
 9.000000 4    0.0631916869    0.0631916821
 9.000000 5    0.0030394703    0.0030394942
 9.000000 6   -0.0020826781   -0.0020826682
 9.000000 7    0.0025347361    0.0025347397
 9.000000 8   -0.0257763656   -0.0257763714
 9.000000 9    0.0839408036    0.0839407966
 9.000000 10   -0.0725791334   -0.0725791305
 9.000000 11    0.0057907416    0.0057907626
 9.000000 12   -0.0097889497   -0.0097889379
 9.000000 13   -0.0277447325   -0.0277447328
 9.000000 14   -0.0021733703   -0.0021733865
 9.000000 15   -0.1561820794   -0.1561820954
 9.000000 16    0.0872300132    0.0872300193
 9.000000 17    0.0336622485    0.0336622670
 9.000000 18    0.0235358936    0.0235359073
 9.000000 19    0.1290383470    0.1290383264
 9.000000 20   -0.1011254564   -0.1011254564
 9.000000 21    0.2028878052    0.2028877735
 9.000000 22   -0.1080186954   -0.1080186740
 9.000000 23   -0.0893967435   -0.0893967375
 9.000000 24   -0.0379390604   -0.0379390642
 9.000000 25   -0.1992453000   -0.1992453113
 9.000000 26    0.2106773116    0.2106773108
 9.000000 27   -0.1758609215   -0.1758609265
 9.000000 28    0.1067498074    0.1067498252
 9.000000 29    0.1399325204    0.1399325356
 9.000000 30   -0.0149797166   -0.0149797052
 9.000000 31    0.0315067088    0.0315067023
 9.000000 32    0.0031290853    0.0031290948
 9.000000 33    0.1050652828    0.1050652787
 9.000000 34    0.0571240229    0.0571240336
 9.000000 35   -0.1563069953   -0.1563069895
 9.000000 36   -0.0062312046   -0.0062312037
 9.000000 37   -0.0688128740   -0.0688128620
 9.000000 38   -0.0534340909   -0.0534340739
 9.000000 39    0.0000000000             nan
 9.000000 40    0.0000000000             nan
 9.000000 41    0.0000000000             nan
 9.000000 42    0.0000000000             nan
 9.000000 43    0.0000000000             nan
 9.000000 44    0.0000000000             nan
 9.000000 45    0.0000000000             nan
 9.000000 46    0.0000000000             nan
 9.000000 47    0.0000000000             nan
 10.000000 0    0.0044709978    0.0044709966
 10.000000 1    0.0038726593    0.0038726628
 10.000000 2    0.0093712382    0.0093712360
 10.000000 3    0.0580976689    0.0580976605
 10.000000 4   -0.0099785350   -0.0099785551
 10.000000 5    0.0198060973    0.0198061019
 10.000000 6    0.0110394272    0.0110394135
 10.000000 7    0.0142961482    0.0142961517
 10.000000 8    0.0399142083    0.0399142057
 10.000000 9    0.1135170056    0.1135170013
 10.000000 10   -0.2004355031   -0.2004355192
 10.000000 11   -0.0299914094   -0.0299914107
 10.000000 12   -0.0522506307   -0.0522506386
 10.000000 13   -0.0575939636   -0.0575939715
 10.000000 14    0.0715733853    0.0715733767
 10.000000 15   -0.2465373921   -0.2465374172
 10.000000 16    0.1680731379    0.1680731252
 10.000000 17    0.0390406143    0.0390406325
 10.000000 18    0.0732107289    0.0732107311
 10.000000 19    0.1364073983    0.1364073679
 10.000000 20   -0.1433792112   -0.1433792189
 10.000000 21    0.0736002265    0.0736001879
 10.000000 22   -0.0480306054   -0.0480306149
 10.000000 23   -0.0283971509   -0.0283971503
 10.000000 24   -0.0205938242   -0.0205938295
 10.000000 25   -0.0711324340   -0.0711324662
 10.000000 26    0.0973049537    0.0973049477
 10.000000 27   -0.1176030534   -0.1176030636
 10.000000 28    0.0801994664    0.0801994652
 10.000000 29    0.0830505552    0.0830505565
 10.000000 30    0.0037787523    0.0037787557
 10.000000 31    0.0259126774    0.0259126574
 10.000000 32    0.0055438817    0.0055438727
 10.000000 33    0.1055184343    0.1055184230
 10.000000 34    0.0182413824    0.0182413831
 10.000000 35   -0.1271752225   -0.1271752194
 10.000000 36   -0.0062483410   -0.0062483326
 10.000000 37   -0.0598318289   -0.0598318279
 10.000000 38   -0.0366619400   -0.0366619304
 10.000000 39    0.0000000000             nan
 10.000000 40    0.0000000000             nan
 10.000000 41    0.0000000000             nan
 10.000000 42    0.0000000000             nan
 10.000000 43    0.0000000000             nan
 10.000000 44    0.0000000000             nan
 10.000000 45    0.0000000000             nan
 10.000000 46    0.0000000000             nan
 10.000000 47    0.0000000000             nan
 11.000000 0    0.0572886050    0.0572886094
 11.000000 1   -0.0385256640   -0.0385256559
 11.000000 2   -0.0361961947   -0.0361961871
 11.000000 3    0.0338646077    0.0338646099
 11.000000 4    0.0281608842    0.0281608775
 11.000000 5   -0.0157112323   -0.0157112256
 11.000000 6    0.1169161938    0.1169161871
 11.000000 7   -0.0054280673   -0.0054280683
 11.000000 8   -0.0803027305   -0.0803027377
 11.000000 9    0.0377867668    0.0377867669
 11.000000 10   -0.1735074651   -0.1735075116
 11.000000 11    0.0308669176    0.0308669209
 11.000000 12   -0.1245951016   -0.1245951205
 11.000000 13   -0.0286013910   -0.0286013931
 11.000000 14    0.1315695395    0.1315695345
 11.000000 15   -0.1002004639   -0.1002004743
 11.000000 16    0.2389827707    0.2389827445
 11.000000 17   -0.0059967575   -0.0059967488
 11.000000 18   -0.0446064305   -0.0446064323
 11.000000 19   -0.0468257801   -0.0468257815
 11.000000 20    0.0029763256    0.0029763132
 11.000000 21   -0.0460218696   -0.0460218862
 11.000000 22    0.0292821030    0.0292820558
 11.000000 23   -0.0145850344   -0.0145850256
 11.000000 24   -0.0378326827   -0.0378326923
 11.000000 25   -0.0338983902   -0.0338983983
 11.000000 26    0.1046196888    0.1046196744
 11.000000 27    0.0156150430    0.0156150311
 11.000000 28    0.0810369505    0.0810369328
 11.000000 29    0.0445917813    0.0445917845
 11.000000 30   -0.0036604662   -0.0036604553
 11.000000 31    0.0122654497    0.0122654438
 11.000000 32    0.0432025724    0.0432025641
 11.000000 33    0.1342314872    0.1342314854
 11.000000 34   -0.0386387380   -0.0386387259
 11.000000 35   -0.1511870275   -0.1511870176
 11.000000 36   -0.0387856889   -0.0387856886
 11.000000 37   -0.0243026625   -0.0243026614
 11.000000 38   -0.0538478482   -0.0538478419
 11.000000 39    0.0000000000             nan
 11.000000 40    0.0000000000             nan
 11.000000 41    0.0000000000             nan
 11.000000 42    0.0000000000             nan
 11.000000 43    0.0000000000             nan
 11.000000 44    0.0000000000             nan
 11.000000 45    0.0000000000             nan
 11.000000 46    0.0000000000             nan
 11.000000 47    0.0000000000             nan
 12.000000 0    0.0050001189    0.0050001070
 12.000000 1    0.0385585076    0.0385584906
 12.000000 2    0.0847369741    0.0847369581
 12.000000 3   -0.0644933883   -0.0644933954
 12.000000 4    0.2389779021    0.2389778793
 12.000000 5   -0.0940158613   -0.0940158591
 12.000000 6    0.1305469353    0.1305469349
 12.000000 7    0.0243979189    0.0243979022
 12.000000 8   -0.2342046119   -0.2342046201
 12.000000 9    0.1732451073    0.1732451022
 12.000000 10   -0.3029955153   -0.3029955477
 12.000000 11    0.0020125964    0.0020126030
 12.000000 12   -0.1657602303   -0.1657602414
 12.000000 13   -0.1163044306   -0.1163044423
 12.000000 14    0.1070611472    0.1070611328
 12.000000 15    0.1394610989    0.1394610777
 12.000000 16   -0.0446678981   -0.0446679294
 12.000000 17    0.0093809282    0.0093809143
 12.000000 18   -0.0981552067   -0.0981552005
 12.000000 19   -0.2507914451   -0.2507914528
 12.000000 20    0.2221285322    0.2221285254
 12.000000 21   -0.1190534317   -0.1190534532
 12.000000 22    0.0270757014    0.0270756856
 12.000000 23    0.0510290596    0.0510290414
 12.000000 24    0.0361949511    0.0361949503
 12.000000 25    0.0897883822    0.0897883475
 12.000000 26    0.0237510089    0.0237510055
 12.000000 27   -0.1352191641   -0.1352191865
 12.000000 28    0.0121754852    0.0121754855
 12.000000 29    0.0666230310    0.0666230321
 12.000000 30   -0.0752455728   -0.0752455741
 12.000000 31    0.2803305221    0.2803304866
 12.000000 32   -0.0336375210   -0.0336375311
 12.000000 33    0.2070128463    0.2070128322
 12.000000 34    0.0597723425    0.0597723499
 12.000000 35   -0.1452690947   -0.1452690959
 12.000000 36   -0.0335340638   -0.0335340649
 12.000000 37   -0.0563174730   -0.0563174859
 12.000000 38   -0.0595961887   -0.0595961884
 12.000000 39    0.0000000000             nan
 12.000000 40    0.0000000000             nan
 12.000000 41    0.0000000000             nan
 12.000000 42    0.0000000000             nan
 12.000000 43    0.0000000000             nan
 12.000000 44    0.0000000000             nan
 12.000000 45    0.0000000000             nan
 12.000000 46    0.0000000000             nan
 12.000000 47    0.0000000000             nan
 13.000000 0    0.0379443415    0.0379443243
 13.000000 1    0.0129513185    0.0129513144
 13.000000 2   -0.0020313576   -0.0020313710
 13.000000 3   -0.0124510747   -0.0124510899
 13.000000 4    0.0923508919    0.0923508704
 13.000000 5   -0.0311638844   -0.0311638936
 13.000000 6    0.0783844791    0.0783844739
 13.000000 7    0.0368507471    0.0368507281
 13.000000 8   -0.1278613219   -0.1278613433
 13.000000 9    0.1394275379    0.1394275278
 13.000000 10   -0.2074846292   -0.2074846551
 13.000000 11   -0.0426975614   -0.0426975638
 13.000000 12   -0.0551684871   -0.0551685020
 13.000000 13   -0.0951469956   -0.0951470211
 13.000000 14    0.1367312828    0.1367312521
 13.000000 15   -0.1438457266   -0.1438457519
 13.000000 16    0.1200894330    0.1200894117
 13.000000 17    0.0604589890    0.0604589805
 13.000000 18   -0.0069161159   -0.0069161206
 13.000000 19   -0.0612761126   -0.0612761378
 13.000000 20    0.0003091742    0.0003091469
 13.000000 21   -0.1142038459   -0.1142038703
 13.000000 22    0.0389148063    0.0389147922
 13.000000 23    0.0335747898    0.0335747749
 13.000000 24    0.0455274366    0.0455274358
 13.000000 25   -0.0254149065   -0.0254149437
 13.000000 26    0.0864755091    0.0864754915
 13.000000 27   -0.0668363297   -0.0668363497
 13.000000 28    0.0739558330    0.0739558190
 13.000000 29    0.1085617462    0.1085617393
 13.000000 30   -0.0027118415   -0.0027118549
 13.000000 31   -0.0000670761   -0.0000670999
 13.000000 32    0.0432186351    0.0432186201
 13.000000 33    0.1115050633    0.1115050614
 13.000000 34    0.1045243057    0.1045242995
 13.000000 35   -0.1802258006   -0.1802258044
 13.000000 36   -0.0106554369   -0.0106554478
 13.000000 37   -0.0902476157   -0.0902476311
 13.000000 38   -0.0853502003   -0.0853502005
 13.000000 39    0.0000000000             nan
 13.000000 40    0.0000000000             nan
 13.000000 41    0.0000000000             nan
 13.000000 42    0.0000000000             nan
 13.000000 43    0.0000000000             nan
 13.000000 44    0.0000000000             nan
 13.000000 45    0.0000000000             nan
 13.000000 46    0.0000000000             nan
 13.000000 47    0.0000000000             nan
 14.000000 0    0.0487721938    0.0487722009
 14.000000 1   -0.0275204846   -0.0275204778
 14.000000 2   -0.0855896471   -0.0855896473
 14.000000 3    0.0321086443    0.0321086347
 14.000000 4   -0.1961558269   -0.1961558610
 14.000000 5    0.0343788954    0.0343788862
 14.000000 6    0.1611284997    0.1611284912
 14.000000 7    0.0374921872    0.0374921709
 14.000000 8    0.0088782281    0.0088782236
 14.000000 9    0.0921867548    0.0921867564
 14.000000 10   -0.4685815510   -0.4685816020
 14.000000 11   -0.0170418368   -0.0170418322
 14.000000 12   -0.2114320301   -0.2114320472
 14.000000 13   -0.0650098522   -0.0650098622
 14.000000 14    0.1558912215    0.1558912024
 14.000000 15   -0.2029490521   -0.2029490545
 14.000000 16    0.3679606773    0.3679606616
 14.000000 17    0.0991865592    0.0991865620
 14.000000 18    0.0584245425    0.0584245250
 14.000000 19    0.0911774283    0.0911773890
 14.000000 20   -0.2100410773   -0.2100410983
 14.000000 21   -0.1142507117   -0.1142507344
 14.000000 22    0.1542367064    0.1542366743
 14.000000 23    0.0771098316    0.0771098137
 14.000000 24    0.1112432409    0.1112432256
 14.000000 25    0.0800520031    0.0800519958
 14.000000 26    0.0337831020    0.0337830856
 14.000000 27   -0.0878400323   -0.0878400430
 14.000000 28    0.1205105907    0.1205105856
 14.000000 29    0.0553526719    0.0553526729
 14.000000 30    0.0074366578    0.0074366704
 14.000000 31   -0.0015598485   -0.0015598536
 14.000000 32    0.0245419861    0.0245419815
 14.000000 33    0.1305141658    0.1305141598
 14.000000 34   -0.0043703692   -0.0043703690
 14.000000 35   -0.1299839133   -0.1299839169
 14.000000 36   -0.0253428734   -0.0253428817
 14.000000 37   -0.0882316605   -0.0882316679
 14.000000 38   -0.0464660212   -0.0464660227
 14.000000 39    0.0000000000             nan
 14.000000 40    0.0000000000             nan
 14.000000 41    0.0000000000             nan
 14.000000 42    0.0000000000             nan
 14.000000 43    0.0000000000             nan
 14.000000 44    0.0000000000             nan
 14.000000 45    0.0000000000             nan
 14.000000 46    0.0000000000             nan
 14.000000 47    0.0000000000             nan
 15.000000 0    0.0080430339    0.0080430210
 15.000000 1   -0.0008841349   -0.0008841380
 15.000000 2   -0.0033455701   -0.0033455864
 15.000000 3    0.0320145907    0.0320145860
 15.000000 4   -0.0098633502   -0.0098633841
 15.000000 5    0.0154155122    0.0154154971
 15.000000 6    0.0840805429    0.0840805173
 15.000000 7    0.0291507929    0.0291507840
 15.000000 8   -0.0217904408   -0.0217904598
 15.000000 9    0.0685394782    0.0685394630
 15.000000 10   -0.2128816947   -0.2128817439
 15.000000 11    0.0375762859    0.0375762805
 15.000000 12   -0.0433531319   -0.0433531627
 15.000000 13   -0.0182644174   -0.0182644278
 15.000000 14    0.0354881526    0.0354881287
 15.000000 15   -0.1371198348   -0.1371198669
 15.000000 16    0.1726897048    0.1726896614
 15.000000 17    0.0012565166    0.0012565255
 15.000000 18    0.0175065451    0.0175065398
 15.000000 19    0.0144132736    0.0144132525
 15.000000 20   -0.0639117569   -0.0639117882
 15.000000 21   -0.0141659621   -0.0141660050
 15.000000 22    0.0081238063    0.0081237629
 15.000000 23   -0.0009451407   -0.0009451509
 15.000000 24   -0.0327416670   -0.0327416882
 15.000000 25   -0.0456887980   -0.0456888303
 15.000000 26    0.1002897569    0.1002897322
 15.000000 27   -0.0710785030   -0.0710785240
 15.000000 28    0.1252950755    0.1252950653
 15.000000 29    0.0672337643    0.0672337562
 15.000000 30   -0.0012290245   -0.0012290403
 15.000000 31   -0.0045213565   -0.0045213848
 15.000000 32    0.0183997198    0.0183997080
 15.000000 33    0.1130816507    0.1130816415
 15.000000 34   -0.0122190667   -0.0122190788
 15.000000 35   -0.1428628190   -0.1428628266
 15.000000 36   -0.0235777184   -0.0235777199
 15.000000 37   -0.0453498348   -0.0453498438
 15.000000 38   -0.0428039809   -0.0428039804
 15.000000 39    0.0000000000             nan
 15.000000 40    0.0000000000             nan
 15.000000 41    0.0000000000             nan
 15.000000 42    0.0000000000             nan
 15.000000 43    0.0000000000             nan
 15.000000 44    0.0000000000             nan
 15.000000 45    0.0000000000             nan
 15.000000 46    0.0000000000             nan
 15.000000 47    0.0000000000             nan
 16.000000 0    0.0080952702    0.0080952719
 16.000000 1    0.0014680903    0.0014680997
 16.000000 2    0.0007329086    0.0007329136
 16.000000 3    0.0250419712    0.0250419751
 16.000000 4    0.0364058355    0.0364058241
 16.000000 5   -0.0044439323   -0.0044439286
 16.000000 6    0.0722620203    0.0722620189
 16.000000 7    0.0388618451    0.0388618484
 16.000000 8   -0.0579290294   -0.0579290316
 16.000000 9    0.1009369791    0.1009369716
 16.000000 10   -0.1837798182   -0.1837798432
 16.000000 11    0.0312643480    0.0312643573
 16.000000 12   -0.0564910919   -0.0564911067
 16.000000 13   -0.0217450072   -0.0217450038
 16.000000 14   -0.0071297702   -0.0071297884
 16.000000 15   -0.0284897773   -0.0284897983
 16.000000 16    0.0532260465    0.0532260239
 16.000000 17    0.0048512526    0.0048512667
 16.000000 18   -0.0385736467   -0.0385736451
 16.000000 19   -0.0717697171   -0.0717697293
 16.000000 20    0.0663858052    0.0663857833
 16.000000 21   -0.1023729597   -0.1023729891
 16.000000 22    0.0613940829    0.0613940582
 16.000000 23    0.0068673297    0.0068673268
 16.000000 24    0.0256552685    0.0256552547
 16.000000 25   -0.0064023390   -0.0064023510
 16.000000 26    0.0872321294    0.0872321203
 16.000000 27   -0.1351003130   -0.1351003125
 16.000000 28    0.1369489285    0.1369489357
 16.000000 29    0.0934935114    0.0934935287
 16.000000 30   -0.0095736605   -0.0095736459
 16.000000 31    0.0405647615    0.0405647457
 16.000000 32   -0.0316241971   -0.0316241980
 16.000000 33    0.1545625545    0.1545625627
 16.000000 34    0.0106211323    0.0106211603
 16.000000 35   -0.1397207582   -0.1397207528
 16.000000 36   -0.0159526147   -0.0159526020
 16.000000 37   -0.0957938411   -0.0957938433
 16.000000 38   -0.0499795975   -0.0499795899
 16.000000 39    0.0000000000             nan
 16.000000 40    0.0000000000             nan
 16.000000 41    0.0000000000             nan
 16.000000 42    0.0000000000             nan
 16.000000 43    0.0000000000             nan
 16.000000 44    0.0000000000             nan
 16.000000 45    0.0000000000             nan
 16.000000 46    0.0000000000             nan
 16.000000 47    0.0000000000             nan
